2023-02-17 11:15:38,056 [restartedMain] INFO  c.e.f.FhirEtlApplication 55 - Starting FhirEtlApplication using Java 17.0.5 on June4693-450G7 with PID 32808 (C:\Users\june.wu\Documents\GitHub\fhir_integration\target\classes started by June.Wu in C:\Users\june.wu\Documents\GitHub\fhir_integration)
2023-02-17 11:15:38,063 [restartedMain] INFO  c.e.f.FhirEtlApplication 631 - No active profile set, falling back to 1 default profile: "default"
2023-02-17 11:15:38,136 [restartedMain] INFO  o.s.b.d.restart.ChangeableUrls 255 - The Class-Path manifest attribute in C:\Users\june.wu\.m2\repository\com\sun\xml\bind\jaxb-core\2.3.0\jaxb-core-2.3.0.jar referenced one or more files that do not exist: file:/C:/Users/june.wu/.m2/repository/com/sun/xml/bind/jaxb-core/2.3.0/jaxb-api.jar
2023-02-17 11:15:38,137 [restartedMain] INFO  o.s.b.d.e.DevToolsPropertyDefaultsPostProcessor 255 - Devtools property defaults active! Set 'spring.devtools.add-properties' to 'false' to disable
2023-02-17 11:15:38,137 [restartedMain] INFO  o.s.b.d.e.DevToolsPropertyDefaultsPostProcessor 255 - For additional web related logging consider setting the 'logging.level.web' property to 'DEBUG'
2023-02-17 11:15:40,362 [restartedMain] INFO  o.s.b.w.e.tomcat.TomcatWebServer 108 - Tomcat initialized with port(s): 8080 (http)
2023-02-17 11:15:40,376 [restartedMain] INFO  o.a.coyote.http11.Http11NioProtocol 173 - Initializing ProtocolHandler ["http-nio-8080"]
2023-02-17 11:15:40,377 [restartedMain] INFO  o.a.catalina.core.StandardService 173 - Starting service [Tomcat]
2023-02-17 11:15:40,377 [restartedMain] INFO  o.a.catalina.core.StandardEngine 173 - Starting Servlet engine: [Apache Tomcat/9.0.71]
2023-02-17 11:15:40,541 [restartedMain] INFO  o.a.c.c.C.[Tomcat].[localhost].[/] 173 - Initializing Spring embedded WebApplicationContext
2023-02-17 11:15:40,541 [restartedMain] INFO  o.s.b.w.s.c.ServletWebServerApplicationContext 292 - Root WebApplicationContext: initialization completed in 2403 ms
2023-02-17 11:15:41,031 [restartedMain] INFO  o.s.b.a.w.s.WelcomePageHandlerMapping 57 - Adding welcome page template: index
2023-02-17 11:15:41,417 [restartedMain] INFO  o.s.b.d.a.OptionalLiveReloadServer 59 - LiveReload server is running on port 35729
2023-02-17 11:15:41,460 [restartedMain] INFO  o.a.coyote.http11.Http11NioProtocol 173 - Starting ProtocolHandler ["http-nio-8080"]
2023-02-17 11:15:41,488 [restartedMain] INFO  o.s.b.w.e.tomcat.TomcatWebServer 220 - Tomcat started on port(s): 8080 (http) with context path ''
2023-02-17 11:15:41,539 [restartedMain] INFO  o.a.c.i.engine.AbstractCamelContext 3058 - Apache Camel 3.19.0 (camel-2) is starting
2023-02-17 11:15:41,544 [restartedMain] INFO  o.a.c.i.engine.AbstractCamelContext 3220 - Routes startup (started:0)
2023-02-17 11:15:41,544 [restartedMain] INFO  o.a.c.i.engine.AbstractCamelContext 3249 - Apache Camel 3.19.0 (camel-2) started in 51ms (build:11ms init:37ms start:3ms)
2023-02-17 11:15:41,548 [restartedMain] INFO  c.e.f.FhirEtlApplication 61 - Started FhirEtlApplication in 4.146 seconds (JVM running for 4.969)
2023-02-17 11:15:41,636 [http-nio-8080-exec-1] INFO  o.a.c.c.C.[Tomcat].[localhost].[/] 173 - Initializing Spring DispatcherServlet 'dispatcherServlet'
2023-02-17 11:15:41,636 [http-nio-8080-exec-1] INFO  o.s.web.servlet.DispatcherServlet 525 - Initializing Servlet 'dispatcherServlet'
2023-02-17 11:15:41,638 [http-nio-8080-exec-1] INFO  o.s.web.servlet.DispatcherServlet 547 - Completed initialization in 2 ms
2023-02-17 11:15:48,621 [http-nio-8080-exec-8] INFO  o.a.c.i.engine.AbstractCamelContext 3058 - Apache Camel 3.19.0 (camel-3) is starting
2023-02-17 11:15:48,632 [http-nio-8080-exec-8] INFO  o.a.c.i.engine.AbstractCamelContext 3220 - Routes startup (started:1)
2023-02-17 11:15:48,632 [http-nio-8080-exec-8] INFO  o.a.c.i.engine.AbstractCamelContext 3225 -     Started route1 (timer://foo)
2023-02-17 11:15:48,632 [http-nio-8080-exec-8] INFO  o.a.c.i.engine.AbstractCamelContext 3249 - Apache Camel 3.19.0 (camel-3) started in 111ms (build:3ms init:98ms start:10ms)
2023-02-17 11:15:49,871 [Camel (camel-3) thread #1 - timer://foo] ERROR c.e.f.RouteBuilderTool$thisRouteBuilder 60 - 使用者 'june' 的登入失敗。 ClientConnectionId:e37d9618-eceb-4434-8c1e-e091a6681b97
2023-02-17 11:15:53,638 [http-nio-8080-exec-8] INFO  o.a.c.i.engine.AbstractCamelContext 3454 - Apache Camel 3.19.0 (camel-3) is shutting down (timeout:45s)
2023-02-17 11:15:53,678 [http-nio-8080-exec-8] INFO  o.a.c.i.engine.AbstractCamelContext 166 - Routes stopped (stopped:1)
2023-02-17 11:15:53,678 [http-nio-8080-exec-8] INFO  o.a.c.i.engine.AbstractCamelContext 166 -     Stopped route1 (timer://foo)
2023-02-17 11:15:53,681 [http-nio-8080-exec-8] INFO  o.a.c.i.engine.AbstractCamelContext 3593 - Apache Camel 3.19.0 (camel-3) shutdown in 41ms (uptime:5s)
2023-02-17 11:16:20,043 [File Watcher] INFO  o.s.b.d.a.LocalDevToolsAutoConfiguration$RestartingClassPathChangeChangedEventListener 211 - Restarting due to 8 class path changes (0 additions, 0 deletions, 8 modifications)
2023-02-17 11:16:20,048 [Thread-5] INFO  o.a.c.i.engine.AbstractCamelContext 3454 - Apache Camel 3.19.0 (camel-2) is shutting down (timeout:45s)
2023-02-17 11:16:20,048 [Thread-5] INFO  o.a.c.i.engine.AbstractCamelContext 166 - Routes stopped (stopped:0)
2023-02-17 11:16:20,049 [Thread-5] INFO  o.a.c.i.engine.AbstractCamelContext 3593 - Apache Camel 3.19.0 (camel-2) shutdown in 1ms (uptime:38s)
2023-02-17 11:16:20,066 [Thread-5] INFO  o.a.coyote.http11.Http11NioProtocol 173 - Pausing ProtocolHandler ["http-nio-8080"]
2023-02-17 11:16:20,066 [Thread-5] INFO  o.a.catalina.core.StandardService 173 - Stopping service [Tomcat]
2023-02-17 11:16:20,068 [Thread-5] INFO  o.a.c.c.C.[Tomcat].[localhost].[/] 173 - Destroying Spring FrameworkServlet 'dispatcherServlet'
2023-02-17 11:16:20,098 [Thread-5] WARN  o.a.c.loader.WebappClassLoaderBase 173 - The web application [ROOT] appears to have started a thread named [logback-3] but has failed to stop it. This is very likely to create a memory leak. Stack trace of thread:
 java.base@17.0.5/jdk.internal.misc.Unsafe.park(Native Method)
 java.base@17.0.5/java.util.concurrent.locks.LockSupport.park(LockSupport.java:341)
 java.base@17.0.5/java.util.concurrent.locks.AbstractQueuedSynchronizer$ConditionNode.block(AbstractQueuedSynchronizer.java:506)
 java.base@17.0.5/java.util.concurrent.ForkJoinPool.unmanagedBlock(ForkJoinPool.java:3463)
 java.base@17.0.5/java.util.concurrent.ForkJoinPool.managedBlock(ForkJoinPool.java:3434)
 java.base@17.0.5/java.util.concurrent.locks.AbstractQueuedSynchronizer$ConditionObject.await(AbstractQueuedSynchronizer.java:1623)
 java.base@17.0.5/java.util.concurrent.ScheduledThreadPoolExecutor$DelayedWorkQueue.take(ScheduledThreadPoolExecutor.java:1177)
 java.base@17.0.5/java.util.concurrent.ScheduledThreadPoolExecutor$DelayedWorkQueue.take(ScheduledThreadPoolExecutor.java:899)
 java.base@17.0.5/java.util.concurrent.ThreadPoolExecutor.getTask(ThreadPoolExecutor.java:1062)
 java.base@17.0.5/java.util.concurrent.ThreadPoolExecutor.runWorker(ThreadPoolExecutor.java:1122)
 java.base@17.0.5/java.util.concurrent.ThreadPoolExecutor$Worker.run(ThreadPoolExecutor.java:635)
 java.base@17.0.5/java.lang.Thread.run(Thread.java:833)
2023-02-17 11:16:20,100 [Thread-5] INFO  o.a.coyote.http11.Http11NioProtocol 173 - Stopping ProtocolHandler ["http-nio-8080"]
2023-02-17 11:16:20,102 [Thread-5] INFO  o.a.coyote.http11.Http11NioProtocol 173 - Destroying ProtocolHandler ["http-nio-8080"]
2023-02-17 11:16:20,254 [restartedMain] INFO  c.e.f.FhirEtlApplication 55 - Starting FhirEtlApplication using Java 17.0.5 on June4693-450G7 with PID 32808 (C:\Users\june.wu\Documents\GitHub\fhir_integration\target\classes started by June.Wu in C:\Users\june.wu\Documents\GitHub\fhir_integration)
2023-02-17 11:16:20,255 [restartedMain] INFO  c.e.f.FhirEtlApplication 631 - No active profile set, falling back to 1 default profile: "default"
2023-02-17 11:16:20,629 [restartedMain] INFO  o.s.b.w.e.tomcat.TomcatWebServer 108 - Tomcat initialized with port(s): 8080 (http)
2023-02-17 11:16:20,630 [restartedMain] INFO  o.a.coyote.http11.Http11NioProtocol 173 - Initializing ProtocolHandler ["http-nio-8080"]
2023-02-17 11:16:20,630 [restartedMain] INFO  o.a.catalina.core.StandardService 173 - Starting service [Tomcat]
2023-02-17 11:16:20,630 [restartedMain] INFO  o.a.catalina.core.StandardEngine 173 - Starting Servlet engine: [Apache Tomcat/9.0.71]
2023-02-17 11:16:20,660 [restartedMain] INFO  o.a.c.c.C.[Tomcat].[localhost].[/] 173 - Initializing Spring embedded WebApplicationContext
2023-02-17 11:16:20,660 [restartedMain] INFO  o.s.b.w.s.c.ServletWebServerApplicationContext 292 - Root WebApplicationContext: initialization completed in 402 ms
2023-02-17 11:16:20,717 [restartedMain] INFO  o.s.b.a.w.s.WelcomePageHandlerMapping 57 - Adding welcome page template: index
2023-02-17 11:16:20,869 [restartedMain] INFO  o.s.b.d.a.OptionalLiveReloadServer 59 - LiveReload server is running on port 35729
2023-02-17 11:16:20,894 [restartedMain] INFO  o.a.coyote.http11.Http11NioProtocol 173 - Starting ProtocolHandler ["http-nio-8080"]
2023-02-17 11:16:20,898 [restartedMain] INFO  o.s.b.w.e.tomcat.TomcatWebServer 220 - Tomcat started on port(s): 8080 (http) with context path ''
2023-02-17 11:16:20,910 [restartedMain] INFO  o.a.c.i.engine.AbstractCamelContext 3058 - Apache Camel 3.19.0 (camel-5) is starting
2023-02-17 11:16:20,911 [restartedMain] INFO  o.a.c.i.engine.AbstractCamelContext 3220 - Routes startup (started:0)
2023-02-17 11:16:20,911 [restartedMain] INFO  o.a.c.i.engine.AbstractCamelContext 3249 - Apache Camel 3.19.0 (camel-5) started in 12ms (build:5ms init:6ms start:1ms)
2023-02-17 11:16:20,912 [restartedMain] INFO  c.e.f.FhirEtlApplication 61 - Started FhirEtlApplication in 0.716 seconds (JVM running for 44.332)
2023-02-17 11:16:20,915 [restartedMain] INFO  o.s.b.d.a.ConditionEvaluationDeltaLoggingListener 63 - Condition evaluation unchanged
2023-02-17 11:16:22,652 [http-nio-8080-exec-1] INFO  o.a.c.c.C.[Tomcat].[localhost].[/] 173 - Initializing Spring DispatcherServlet 'dispatcherServlet'
2023-02-17 11:16:22,653 [http-nio-8080-exec-1] INFO  o.s.web.servlet.DispatcherServlet 525 - Initializing Servlet 'dispatcherServlet'
2023-02-17 11:16:22,653 [http-nio-8080-exec-1] INFO  o.s.web.servlet.DispatcherServlet 547 - Completed initialization in 0 ms
2023-02-17 11:16:22,672 [http-nio-8080-exec-1] INFO  o.a.c.i.engine.AbstractCamelContext 3058 - Apache Camel 3.19.0 (camel-6) is starting
2023-02-17 11:16:22,672 [http-nio-8080-exec-1] INFO  o.a.c.i.engine.AbstractCamelContext 3220 - Routes startup (started:1)
2023-02-17 11:16:22,673 [http-nio-8080-exec-1] INFO  o.a.c.i.engine.AbstractCamelContext 3225 -     Started route2 (timer://foo)
2023-02-17 11:16:22,673 [http-nio-8080-exec-1] INFO  o.a.c.i.engine.AbstractCamelContext 3249 - Apache Camel 3.19.0 (camel-6) started in 11ms (build:3ms init:8ms start:0ms)
2023-02-17 11:16:23,688 [Camel (camel-6) thread #3 - timer://foo] ERROR c.e.f.RouteBuilderTool$thisRouteBuilder 58 - 使用者 'june' 的登入失敗。 ClientConnectionId:9319380e-971d-4e69-bced-d6deeabaf3f7
2023-02-17 11:16:27,673 [http-nio-8080-exec-1] INFO  o.a.c.i.engine.AbstractCamelContext 3454 - Apache Camel 3.19.0 (camel-6) is shutting down (timeout:45s)
2023-02-17 11:16:27,674 [http-nio-8080-exec-1] INFO  o.a.c.i.engine.AbstractCamelContext 166 - Routes stopped (stopped:1)
2023-02-17 11:16:27,674 [http-nio-8080-exec-1] INFO  o.a.c.i.engine.AbstractCamelContext 166 -     Stopped route2 (timer://foo)
2023-02-17 11:16:27,674 [http-nio-8080-exec-1] INFO  o.a.c.i.engine.AbstractCamelContext 3593 - Apache Camel 3.19.0 (camel-6) shutdown in 1ms (uptime:5s)
2023-02-17 11:37:17,613 [File Watcher] INFO  o.s.b.d.a.LocalDevToolsAutoConfiguration$RestartingClassPathChangeChangedEventListener 211 - Restarting due to 9 class path changes (1 addition, 6 deletions, 2 modifications)
2023-02-17 11:37:17,615 [Thread-8] INFO  o.a.c.i.engine.AbstractCamelContext 3454 - Apache Camel 3.19.0 (camel-5) is shutting down (timeout:45s)
2023-02-17 11:37:17,615 [Thread-8] INFO  o.a.c.i.engine.AbstractCamelContext 166 - Routes stopped (stopped:0)
2023-02-17 11:37:17,615 [Thread-8] INFO  o.a.c.i.engine.AbstractCamelContext 3593 - Apache Camel 3.19.0 (camel-5) shutdown in 0ms (uptime:20m56s)
2023-02-17 11:37:17,624 [Thread-8] INFO  o.a.coyote.http11.Http11NioProtocol 173 - Pausing ProtocolHandler ["http-nio-8080"]
2023-02-17 11:37:17,625 [Thread-8] INFO  o.a.catalina.core.StandardService 173 - Stopping service [Tomcat]
2023-02-17 11:37:17,625 [Thread-8] INFO  o.a.c.c.C.[Tomcat].[localhost].[/] 173 - Destroying Spring FrameworkServlet 'dispatcherServlet'
2023-02-17 11:37:17,627 [Thread-8] INFO  o.a.coyote.http11.Http11NioProtocol 173 - Stopping ProtocolHandler ["http-nio-8080"]
2023-02-17 11:37:17,628 [Thread-8] INFO  o.a.coyote.http11.Http11NioProtocol 173 - Destroying ProtocolHandler ["http-nio-8080"]
2023-02-17 11:37:17,691 [restartedMain] INFO  c.e.f.FhirEtlApplication 55 - Starting FhirEtlApplication using Java 17.0.5 on June4693-450G7 with PID 32808 (C:\Users\june.wu\Documents\GitHub\fhir_integration\target\classes started by June.Wu in C:\Users\june.wu\Documents\GitHub\fhir_integration)
2023-02-17 11:37:17,691 [restartedMain] INFO  c.e.f.FhirEtlApplication 631 - No active profile set, falling back to 1 default profile: "default"
2023-02-17 11:37:17,946 [restartedMain] INFO  o.s.b.w.e.tomcat.TomcatWebServer 108 - Tomcat initialized with port(s): 8080 (http)
2023-02-17 11:37:17,947 [restartedMain] INFO  o.a.coyote.http11.Http11NioProtocol 173 - Initializing ProtocolHandler ["http-nio-8080"]
2023-02-17 11:37:17,947 [restartedMain] INFO  o.a.catalina.core.StandardService 173 - Starting service [Tomcat]
2023-02-17 11:37:17,947 [restartedMain] INFO  o.a.catalina.core.StandardEngine 173 - Starting Servlet engine: [Apache Tomcat/9.0.71]
2023-02-17 11:37:17,972 [restartedMain] INFO  o.a.c.c.C.[Tomcat].[localhost].[/] 173 - Initializing Spring embedded WebApplicationContext
2023-02-17 11:37:17,972 [restartedMain] INFO  o.s.b.w.s.c.ServletWebServerApplicationContext 292 - Root WebApplicationContext: initialization completed in 280 ms
2023-02-17 11:37:18,007 [restartedMain] INFO  o.s.b.a.w.s.WelcomePageHandlerMapping 57 - Adding welcome page template: index
2023-02-17 11:37:18,128 [restartedMain] INFO  o.s.b.d.a.OptionalLiveReloadServer 59 - LiveReload server is running on port 35729
2023-02-17 11:37:18,149 [restartedMain] INFO  o.a.coyote.http11.Http11NioProtocol 173 - Starting ProtocolHandler ["http-nio-8080"]
2023-02-17 11:37:18,155 [restartedMain] INFO  o.s.b.w.e.tomcat.TomcatWebServer 220 - Tomcat started on port(s): 8080 (http) with context path ''
2023-02-17 11:37:18,164 [restartedMain] INFO  o.a.c.i.engine.AbstractCamelContext 3058 - Apache Camel 3.19.0 (camel-8) is starting
2023-02-17 11:37:18,164 [restartedMain] INFO  o.a.c.i.engine.AbstractCamelContext 3220 - Routes startup (started:0)
2023-02-17 11:37:18,164 [restartedMain] INFO  o.a.c.i.engine.AbstractCamelContext 3249 - Apache Camel 3.19.0 (camel-8) started in 8ms (build:4ms init:4ms start:0ms)
2023-02-17 11:37:18,164 [restartedMain] INFO  c.e.f.FhirEtlApplication 61 - Started FhirEtlApplication in 0.502 seconds (JVM running for 1301.583)
2023-02-17 11:37:18,165 [restartedMain] INFO  o.s.b.d.a.ConditionEvaluationDeltaLoggingListener 63 - Condition evaluation unchanged
2023-02-17 11:39:07,437 [File Watcher] INFO  o.s.b.d.a.LocalDevToolsAutoConfiguration$RestartingClassPathChangeChangedEventListener 211 - Restarting due to 9 class path changes (6 additions, 0 deletions, 3 modifications)
2023-02-17 11:39:07,438 [Thread-13] INFO  o.a.c.i.engine.AbstractCamelContext 3454 - Apache Camel 3.19.0 (camel-8) is shutting down (timeout:45s)
2023-02-17 11:39:07,438 [Thread-13] INFO  o.a.c.i.engine.AbstractCamelContext 166 - Routes stopped (stopped:0)
2023-02-17 11:39:07,438 [Thread-13] INFO  o.a.c.i.engine.AbstractCamelContext 3593 - Apache Camel 3.19.0 (camel-8) shutdown in 0ms (uptime:1m49s)
2023-02-17 11:39:07,448 [Thread-13] INFO  o.a.coyote.http11.Http11NioProtocol 173 - Pausing ProtocolHandler ["http-nio-8080"]
2023-02-17 11:39:07,448 [Thread-13] INFO  o.a.catalina.core.StandardService 173 - Stopping service [Tomcat]
2023-02-17 11:39:07,450 [Thread-13] INFO  o.a.coyote.http11.Http11NioProtocol 173 - Stopping ProtocolHandler ["http-nio-8080"]
2023-02-17 11:39:07,451 [Thread-13] INFO  o.a.coyote.http11.Http11NioProtocol 173 - Destroying ProtocolHandler ["http-nio-8080"]
2023-02-17 11:39:07,528 [restartedMain] INFO  c.e.f.FhirEtlApplication 55 - Starting FhirEtlApplication using Java 17.0.5 on June4693-450G7 with PID 32808 (C:\Users\june.wu\Documents\GitHub\fhir_integration\target\classes started by June.Wu in C:\Users\june.wu\Documents\GitHub\fhir_integration)
2023-02-17 11:39:07,528 [restartedMain] INFO  c.e.f.FhirEtlApplication 631 - No active profile set, falling back to 1 default profile: "default"
2023-02-17 11:39:07,739 [restartedMain] INFO  o.s.b.w.e.tomcat.TomcatWebServer 108 - Tomcat initialized with port(s): 8080 (http)
2023-02-17 11:39:07,739 [restartedMain] INFO  o.a.coyote.http11.Http11NioProtocol 173 - Initializing ProtocolHandler ["http-nio-8080"]
2023-02-17 11:39:07,740 [restartedMain] INFO  o.a.catalina.core.StandardService 173 - Starting service [Tomcat]
2023-02-17 11:39:07,740 [restartedMain] INFO  o.a.catalina.core.StandardEngine 173 - Starting Servlet engine: [Apache Tomcat/9.0.71]
2023-02-17 11:39:07,764 [restartedMain] INFO  o.a.c.c.C.[Tomcat].[localhost].[/] 173 - Initializing Spring embedded WebApplicationContext
2023-02-17 11:39:07,764 [restartedMain] INFO  o.s.b.w.s.c.ServletWebServerApplicationContext 292 - Root WebApplicationContext: initialization completed in 235 ms
2023-02-17 11:39:07,796 [restartedMain] INFO  o.s.b.a.w.s.WelcomePageHandlerMapping 57 - Adding welcome page template: index
2023-02-17 11:39:07,911 [restartedMain] INFO  o.s.b.d.a.OptionalLiveReloadServer 59 - LiveReload server is running on port 35729
2023-02-17 11:39:07,933 [restartedMain] INFO  o.a.coyote.http11.Http11NioProtocol 173 - Starting ProtocolHandler ["http-nio-8080"]
2023-02-17 11:39:07,936 [restartedMain] INFO  o.s.b.w.e.tomcat.TomcatWebServer 220 - Tomcat started on port(s): 8080 (http) with context path ''
2023-02-17 11:39:07,947 [restartedMain] INFO  o.a.c.i.engine.AbstractCamelContext 3058 - Apache Camel 3.19.0 (camel-10) is starting
2023-02-17 11:39:07,949 [restartedMain] INFO  o.a.c.i.engine.AbstractCamelContext 3220 - Routes startup (started:0)
2023-02-17 11:39:07,949 [restartedMain] INFO  o.a.c.i.engine.AbstractCamelContext 3249 - Apache Camel 3.19.0 (camel-10) started in 7ms (build:3ms init:4ms start:0ms)
2023-02-17 11:39:07,950 [restartedMain] INFO  c.e.f.FhirEtlApplication 61 - Started FhirEtlApplication in 0.45 seconds (JVM running for 1411.367)
2023-02-17 11:39:07,951 [restartedMain] INFO  o.s.b.d.a.ConditionEvaluationDeltaLoggingListener 63 - Condition evaluation unchanged
2023-02-17 11:40:20,445 [File Watcher] INFO  o.s.b.d.a.LocalDevToolsAutoConfiguration$RestartingClassPathChangeChangedEventListener 211 - Restarting due to 9 class path changes (0 additions, 0 deletions, 9 modifications)
2023-02-17 11:40:20,447 [Thread-17] INFO  o.a.c.i.engine.AbstractCamelContext 3454 - Apache Camel 3.19.0 (camel-10) is shutting down (timeout:45s)
2023-02-17 11:40:20,447 [Thread-17] INFO  o.a.c.i.engine.AbstractCamelContext 166 - Routes stopped (stopped:0)
2023-02-17 11:40:20,448 [Thread-17] INFO  o.a.c.i.engine.AbstractCamelContext 3593 - Apache Camel 3.19.0 (camel-10) shutdown in 0ms (uptime:1m12s)
2023-02-17 11:40:20,465 [Thread-17] INFO  o.a.coyote.http11.Http11NioProtocol 173 - Pausing ProtocolHandler ["http-nio-8080"]
2023-02-17 11:40:20,465 [Thread-17] INFO  o.a.catalina.core.StandardService 173 - Stopping service [Tomcat]
2023-02-17 11:40:20,469 [Thread-17] INFO  o.a.coyote.http11.Http11NioProtocol 173 - Stopping ProtocolHandler ["http-nio-8080"]
2023-02-17 11:40:20,471 [Thread-17] INFO  o.a.coyote.http11.Http11NioProtocol 173 - Destroying ProtocolHandler ["http-nio-8080"]
2023-02-17 11:40:20,664 [restartedMain] INFO  c.e.f.FhirEtlApplication 55 - Starting FhirEtlApplication using Java 17.0.5 on June4693-450G7 with PID 32808 (C:\Users\june.wu\Documents\GitHub\fhir_integration\target\classes started by June.Wu in C:\Users\june.wu\Documents\GitHub\fhir_integration)
2023-02-17 11:40:20,665 [restartedMain] INFO  c.e.f.FhirEtlApplication 631 - No active profile set, falling back to 1 default profile: "default"
2023-02-17 11:40:21,070 [restartedMain] INFO  o.s.b.w.e.tomcat.TomcatWebServer 108 - Tomcat initialized with port(s): 8080 (http)
2023-02-17 11:40:21,071 [restartedMain] INFO  o.a.coyote.http11.Http11NioProtocol 173 - Initializing ProtocolHandler ["http-nio-8080"]
2023-02-17 11:40:21,071 [restartedMain] INFO  o.a.catalina.core.StandardService 173 - Starting service [Tomcat]
2023-02-17 11:40:21,071 [restartedMain] INFO  o.a.catalina.core.StandardEngine 173 - Starting Servlet engine: [Apache Tomcat/9.0.71]
2023-02-17 11:40:21,104 [restartedMain] INFO  o.a.c.c.C.[Tomcat].[localhost].[/] 173 - Initializing Spring embedded WebApplicationContext
2023-02-17 11:40:21,104 [restartedMain] INFO  o.s.b.w.s.c.ServletWebServerApplicationContext 292 - Root WebApplicationContext: initialization completed in 434 ms
2023-02-17 11:40:21,136 [restartedMain] INFO  o.s.b.a.w.s.WelcomePageHandlerMapping 57 - Adding welcome page template: index
2023-02-17 11:40:21,243 [restartedMain] INFO  o.s.b.d.a.OptionalLiveReloadServer 59 - LiveReload server is running on port 35729
2023-02-17 11:40:21,262 [restartedMain] INFO  o.a.coyote.http11.Http11NioProtocol 173 - Starting ProtocolHandler ["http-nio-8080"]
2023-02-17 11:40:21,265 [restartedMain] INFO  o.s.b.w.e.tomcat.TomcatWebServer 220 - Tomcat started on port(s): 8080 (http) with context path ''
2023-02-17 11:40:21,275 [restartedMain] INFO  o.a.c.i.engine.AbstractCamelContext 3058 - Apache Camel 3.19.0 (camel-12) is starting
2023-02-17 11:40:21,276 [restartedMain] INFO  o.a.c.i.engine.AbstractCamelContext 3220 - Routes startup (started:0)
2023-02-17 11:40:21,276 [restartedMain] INFO  o.a.c.i.engine.AbstractCamelContext 3249 - Apache Camel 3.19.0 (camel-12) started in 7ms (build:2ms init:5ms start:0ms)
2023-02-17 11:40:21,277 [restartedMain] INFO  c.e.f.FhirEtlApplication 61 - Started FhirEtlApplication in 0.706 seconds (JVM running for 1484.694)
2023-02-17 11:40:21,278 [restartedMain] INFO  o.s.b.d.a.ConditionEvaluationDeltaLoggingListener 63 - Condition evaluation unchanged
2023-02-17 11:40:26,821 [File Watcher] INFO  o.s.b.d.a.LocalDevToolsAutoConfiguration$RestartingClassPathChangeChangedEventListener 211 - Restarting due to 9 class path changes (0 additions, 0 deletions, 9 modifications)
2023-02-17 11:40:26,824 [Thread-21] INFO  o.a.c.i.engine.AbstractCamelContext 3454 - Apache Camel 3.19.0 (camel-12) is shutting down (timeout:45s)
2023-02-17 11:40:26,824 [Thread-21] INFO  o.a.c.i.engine.AbstractCamelContext 166 - Routes stopped (stopped:0)
2023-02-17 11:40:26,824 [Thread-21] INFO  o.a.c.i.engine.AbstractCamelContext 3593 - Apache Camel 3.19.0 (camel-12) shutdown in 0ms (uptime:5s)
2023-02-17 11:40:26,841 [Thread-21] INFO  o.a.coyote.http11.Http11NioProtocol 173 - Pausing ProtocolHandler ["http-nio-8080"]
2023-02-17 11:40:26,841 [Thread-21] INFO  o.a.catalina.core.StandardService 173 - Stopping service [Tomcat]
2023-02-17 11:40:26,844 [Thread-21] INFO  o.a.coyote.http11.Http11NioProtocol 173 - Stopping ProtocolHandler ["http-nio-8080"]
2023-02-17 11:40:26,846 [Thread-21] INFO  o.a.coyote.http11.Http11NioProtocol 173 - Destroying ProtocolHandler ["http-nio-8080"]
2023-02-17 11:40:26,963 [restartedMain] INFO  c.e.f.FhirEtlApplication 55 - Starting FhirEtlApplication using Java 17.0.5 on June4693-450G7 with PID 32808 (C:\Users\june.wu\Documents\GitHub\fhir_integration\target\classes started by June.Wu in C:\Users\june.wu\Documents\GitHub\fhir_integration)
2023-02-17 11:40:26,964 [restartedMain] INFO  c.e.f.FhirEtlApplication 631 - No active profile set, falling back to 1 default profile: "default"
2023-02-17 11:40:27,232 [restartedMain] INFO  o.s.b.w.e.tomcat.TomcatWebServer 108 - Tomcat initialized with port(s): 8080 (http)
2023-02-17 11:40:27,232 [restartedMain] INFO  o.a.coyote.http11.Http11NioProtocol 173 - Initializing ProtocolHandler ["http-nio-8080"]
2023-02-17 11:40:27,233 [restartedMain] INFO  o.a.catalina.core.StandardService 173 - Starting service [Tomcat]
2023-02-17 11:40:27,233 [restartedMain] INFO  o.a.catalina.core.StandardEngine 173 - Starting Servlet engine: [Apache Tomcat/9.0.71]
2023-02-17 11:40:27,255 [restartedMain] INFO  o.a.c.c.C.[Tomcat].[localhost].[/] 173 - Initializing Spring embedded WebApplicationContext
2023-02-17 11:40:27,255 [restartedMain] INFO  o.s.b.w.s.c.ServletWebServerApplicationContext 292 - Root WebApplicationContext: initialization completed in 289 ms
2023-02-17 11:40:27,291 [restartedMain] INFO  o.s.b.a.w.s.WelcomePageHandlerMapping 57 - Adding welcome page template: index
2023-02-17 11:40:27,404 [restartedMain] INFO  o.s.b.d.a.OptionalLiveReloadServer 59 - LiveReload server is running on port 35729
2023-02-17 11:40:27,426 [restartedMain] INFO  o.a.coyote.http11.Http11NioProtocol 173 - Starting ProtocolHandler ["http-nio-8080"]
2023-02-17 11:40:27,428 [restartedMain] INFO  o.s.b.w.e.tomcat.TomcatWebServer 220 - Tomcat started on port(s): 8080 (http) with context path ''
2023-02-17 11:40:27,436 [restartedMain] INFO  o.a.c.i.engine.AbstractCamelContext 3058 - Apache Camel 3.19.0 (camel-14) is starting
2023-02-17 11:40:27,437 [restartedMain] INFO  o.a.c.i.engine.AbstractCamelContext 3220 - Routes startup (started:0)
2023-02-17 11:40:27,437 [restartedMain] INFO  o.a.c.i.engine.AbstractCamelContext 3249 - Apache Camel 3.19.0 (camel-14) started in 6ms (build:2ms init:4ms start:0ms)
2023-02-17 11:40:27,438 [restartedMain] INFO  c.e.f.FhirEtlApplication 61 - Started FhirEtlApplication in 0.527 seconds (JVM running for 1490.856)
2023-02-17 11:40:27,438 [restartedMain] INFO  o.s.b.d.a.ConditionEvaluationDeltaLoggingListener 63 - Condition evaluation unchanged
2023-02-17 11:41:42,908 [File Watcher] INFO  o.s.b.d.a.LocalDevToolsAutoConfiguration$RestartingClassPathChangeChangedEventListener 211 - Restarting due to 11 class path changes (1 addition, 1 deletion, 9 modifications)
2023-02-17 11:41:42,909 [Thread-25] INFO  o.a.c.i.engine.AbstractCamelContext 3454 - Apache Camel 3.19.0 (camel-14) is shutting down (timeout:45s)
2023-02-17 11:41:42,909 [Thread-25] INFO  o.a.c.i.engine.AbstractCamelContext 166 - Routes stopped (stopped:0)
2023-02-17 11:41:42,910 [Thread-25] INFO  o.a.c.i.engine.AbstractCamelContext 3593 - Apache Camel 3.19.0 (camel-14) shutdown in 0ms (uptime:1m15s)
2023-02-17 11:41:42,918 [Thread-25] INFO  o.a.coyote.http11.Http11NioProtocol 173 - Pausing ProtocolHandler ["http-nio-8080"]
2023-02-17 11:41:42,918 [Thread-25] INFO  o.a.catalina.core.StandardService 173 - Stopping service [Tomcat]
2023-02-17 11:41:42,921 [Thread-25] INFO  o.a.coyote.http11.Http11NioProtocol 173 - Stopping ProtocolHandler ["http-nio-8080"]
2023-02-17 11:41:42,922 [Thread-25] INFO  o.a.coyote.http11.Http11NioProtocol 173 - Destroying ProtocolHandler ["http-nio-8080"]
2023-02-17 11:41:42,982 [restartedMain] INFO  c.e.f.FhirEtlApplication 55 - Starting FhirEtlApplication using Java 17.0.5 on June4693-450G7 with PID 32808 (C:\Users\june.wu\Documents\GitHub\fhir_integration\target\classes started by June.Wu in C:\Users\june.wu\Documents\GitHub\fhir_integration)
2023-02-17 11:41:42,982 [restartedMain] INFO  c.e.f.FhirEtlApplication 631 - No active profile set, falling back to 1 default profile: "default"
2023-02-17 11:41:43,265 [restartedMain] INFO  o.s.b.w.e.tomcat.TomcatWebServer 108 - Tomcat initialized with port(s): 8080 (http)
2023-02-17 11:41:43,266 [restartedMain] INFO  o.a.coyote.http11.Http11NioProtocol 173 - Initializing ProtocolHandler ["http-nio-8080"]
2023-02-17 11:41:43,266 [restartedMain] INFO  o.a.catalina.core.StandardService 173 - Starting service [Tomcat]
2023-02-17 11:41:43,266 [restartedMain] INFO  o.a.catalina.core.StandardEngine 173 - Starting Servlet engine: [Apache Tomcat/9.0.71]
2023-02-17 11:41:43,287 [restartedMain] INFO  o.a.c.c.C.[Tomcat].[localhost].[/] 173 - Initializing Spring embedded WebApplicationContext
2023-02-17 11:41:43,287 [restartedMain] INFO  o.s.b.w.s.c.ServletWebServerApplicationContext 292 - Root WebApplicationContext: initialization completed in 303 ms
2023-02-17 11:41:43,319 [restartedMain] INFO  o.s.b.a.w.s.WelcomePageHandlerMapping 57 - Adding welcome page template: index
2023-02-17 11:41:43,433 [restartedMain] INFO  o.s.b.d.a.OptionalLiveReloadServer 59 - LiveReload server is running on port 35729
2023-02-17 11:41:43,451 [restartedMain] INFO  o.a.coyote.http11.Http11NioProtocol 173 - Starting ProtocolHandler ["http-nio-8080"]
2023-02-17 11:41:43,454 [restartedMain] INFO  o.s.b.w.e.tomcat.TomcatWebServer 220 - Tomcat started on port(s): 8080 (http) with context path ''
2023-02-17 11:41:43,463 [restartedMain] INFO  o.a.c.i.engine.AbstractCamelContext 3058 - Apache Camel 3.19.0 (camel-16) is starting
2023-02-17 11:41:43,464 [restartedMain] INFO  o.a.c.i.engine.AbstractCamelContext 3220 - Routes startup (started:0)
2023-02-17 11:41:43,464 [restartedMain] INFO  o.a.c.i.engine.AbstractCamelContext 3249 - Apache Camel 3.19.0 (camel-16) started in 9ms (build:4ms init:5ms start:0ms)
2023-02-17 11:41:43,464 [restartedMain] INFO  c.e.f.FhirEtlApplication 61 - Started FhirEtlApplication in 0.506 seconds (JVM running for 1566.883)
2023-02-17 11:41:43,465 [restartedMain] INFO  o.s.b.d.a.ConditionEvaluationDeltaLoggingListener 63 - Condition evaluation unchanged
2023-02-17 11:42:04,458 [File Watcher] INFO  o.s.b.d.a.LocalDevToolsAutoConfiguration$RestartingClassPathChangeChangedEventListener 211 - Restarting due to 9 class path changes (0 additions, 0 deletions, 9 modifications)
2023-02-17 11:42:04,458 [Thread-29] INFO  o.a.c.i.engine.AbstractCamelContext 3454 - Apache Camel 3.19.0 (camel-16) is shutting down (timeout:45s)
2023-02-17 11:42:04,458 [Thread-29] INFO  o.a.c.i.engine.AbstractCamelContext 166 - Routes stopped (stopped:0)
2023-02-17 11:42:04,459 [Thread-29] INFO  o.a.c.i.engine.AbstractCamelContext 3593 - Apache Camel 3.19.0 (camel-16) shutdown in 0ms (uptime:20s)
2023-02-17 11:42:04,467 [Thread-29] INFO  o.a.coyote.http11.Http11NioProtocol 173 - Pausing ProtocolHandler ["http-nio-8080"]
2023-02-17 11:42:04,467 [Thread-29] INFO  o.a.catalina.core.StandardService 173 - Stopping service [Tomcat]
2023-02-17 11:42:04,469 [Thread-29] INFO  o.a.coyote.http11.Http11NioProtocol 173 - Stopping ProtocolHandler ["http-nio-8080"]
2023-02-17 11:42:04,470 [Thread-29] INFO  o.a.coyote.http11.Http11NioProtocol 173 - Destroying ProtocolHandler ["http-nio-8080"]
2023-02-17 11:42:04,540 [restartedMain] INFO  c.e.f.FhirEtlApplication 55 - Starting FhirEtlApplication using Java 17.0.5 on June4693-450G7 with PID 32808 (C:\Users\june.wu\Documents\GitHub\fhir_integration\target\classes started by June.Wu in C:\Users\june.wu\Documents\GitHub\fhir_integration)
2023-02-17 11:42:04,541 [restartedMain] INFO  c.e.f.FhirEtlApplication 631 - No active profile set, falling back to 1 default profile: "default"
2023-02-17 11:42:04,758 [restartedMain] INFO  o.s.b.w.e.tomcat.TomcatWebServer 108 - Tomcat initialized with port(s): 8080 (http)
2023-02-17 11:42:04,759 [restartedMain] INFO  o.a.coyote.http11.Http11NioProtocol 173 - Initializing ProtocolHandler ["http-nio-8080"]
2023-02-17 11:42:04,759 [restartedMain] INFO  o.a.catalina.core.StandardService 173 - Starting service [Tomcat]
2023-02-17 11:42:04,759 [restartedMain] INFO  o.a.catalina.core.StandardEngine 173 - Starting Servlet engine: [Apache Tomcat/9.0.71]
2023-02-17 11:42:04,782 [restartedMain] INFO  o.a.c.c.C.[Tomcat].[localhost].[/] 173 - Initializing Spring embedded WebApplicationContext
2023-02-17 11:42:04,782 [restartedMain] INFO  o.s.b.w.s.c.ServletWebServerApplicationContext 292 - Root WebApplicationContext: initialization completed in 240 ms
2023-02-17 11:42:04,814 [restartedMain] INFO  o.s.b.a.w.s.WelcomePageHandlerMapping 57 - Adding welcome page template: index
2023-02-17 11:42:04,925 [restartedMain] INFO  o.s.b.d.a.OptionalLiveReloadServer 59 - LiveReload server is running on port 35729
2023-02-17 11:42:04,948 [restartedMain] INFO  o.a.coyote.http11.Http11NioProtocol 173 - Starting ProtocolHandler ["http-nio-8080"]
2023-02-17 11:42:04,951 [restartedMain] INFO  o.s.b.w.e.tomcat.TomcatWebServer 220 - Tomcat started on port(s): 8080 (http) with context path ''
2023-02-17 11:42:04,960 [restartedMain] INFO  o.a.c.i.engine.AbstractCamelContext 3058 - Apache Camel 3.19.0 (camel-18) is starting
2023-02-17 11:42:04,961 [restartedMain] INFO  o.a.c.i.engine.AbstractCamelContext 3220 - Routes startup (started:0)
2023-02-17 11:42:04,961 [restartedMain] INFO  o.a.c.i.engine.AbstractCamelContext 3249 - Apache Camel 3.19.0 (camel-18) started in 9ms (build:4ms init:5ms start:0ms)
2023-02-17 11:42:04,962 [restartedMain] INFO  c.e.f.FhirEtlApplication 61 - Started FhirEtlApplication in 0.451 seconds (JVM running for 1588.379)
2023-02-17 11:42:04,963 [restartedMain] INFO  o.s.b.d.a.ConditionEvaluationDeltaLoggingListener 63 - Condition evaluation unchanged
2023-02-17 11:42:55,904 [File Watcher] INFO  o.s.b.d.a.LocalDevToolsAutoConfiguration$RestartingClassPathChangeChangedEventListener 211 - Restarting due to 1 class path change (0 additions, 0 deletions, 1 modification)
2023-02-17 11:42:55,906 [Thread-33] INFO  o.a.c.i.engine.AbstractCamelContext 3454 - Apache Camel 3.19.0 (camel-18) is shutting down (timeout:45s)
2023-02-17 11:42:55,906 [Thread-33] INFO  o.a.c.i.engine.AbstractCamelContext 166 - Routes stopped (stopped:0)
2023-02-17 11:42:55,907 [Thread-33] INFO  o.a.c.i.engine.AbstractCamelContext 3593 - Apache Camel 3.19.0 (camel-18) shutdown in 0ms (uptime:50s)
2023-02-17 11:42:55,918 [Thread-33] INFO  o.a.coyote.http11.Http11NioProtocol 173 - Pausing ProtocolHandler ["http-nio-8080"]
2023-02-17 11:42:55,918 [Thread-33] INFO  o.a.catalina.core.StandardService 173 - Stopping service [Tomcat]
2023-02-17 11:42:55,921 [Thread-33] INFO  o.a.coyote.http11.Http11NioProtocol 173 - Stopping ProtocolHandler ["http-nio-8080"]
2023-02-17 11:42:55,922 [Thread-33] INFO  o.a.coyote.http11.Http11NioProtocol 173 - Destroying ProtocolHandler ["http-nio-8080"]
2023-02-17 11:42:56,062 [restartedMain] INFO  c.e.f.FhirEtlApplication 55 - Starting FhirEtlApplication using Java 17.0.5 on June4693-450G7 with PID 32808 (C:\Users\june.wu\Documents\GitHub\fhir_integration\target\classes started by June.Wu in C:\Users\june.wu\Documents\GitHub\fhir_integration)
2023-02-17 11:42:56,062 [restartedMain] INFO  c.e.f.FhirEtlApplication 631 - No active profile set, falling back to 1 default profile: "default"
2023-02-17 11:42:56,457 [restartedMain] INFO  o.s.b.w.e.tomcat.TomcatWebServer 108 - Tomcat initialized with port(s): 8080 (http)
2023-02-17 11:42:56,458 [restartedMain] INFO  o.a.coyote.http11.Http11NioProtocol 173 - Initializing ProtocolHandler ["http-nio-8080"]
2023-02-17 11:42:56,458 [restartedMain] INFO  o.a.catalina.core.StandardService 173 - Starting service [Tomcat]
2023-02-17 11:42:56,458 [restartedMain] INFO  o.a.catalina.core.StandardEngine 173 - Starting Servlet engine: [Apache Tomcat/9.0.71]
2023-02-17 11:42:56,519 [restartedMain] INFO  o.a.c.c.C.[Tomcat].[localhost].[/] 173 - Initializing Spring embedded WebApplicationContext
2023-02-17 11:42:56,520 [restartedMain] INFO  o.s.b.w.s.c.ServletWebServerApplicationContext 292 - Root WebApplicationContext: initialization completed in 455 ms
2023-02-17 11:42:56,559 [restartedMain] INFO  o.s.b.a.w.s.WelcomePageHandlerMapping 57 - Adding welcome page template: index
2023-02-17 11:42:56,686 [restartedMain] INFO  o.s.b.d.a.OptionalLiveReloadServer 59 - LiveReload server is running on port 35729
2023-02-17 11:42:56,709 [restartedMain] INFO  o.a.coyote.http11.Http11NioProtocol 173 - Starting ProtocolHandler ["http-nio-8080"]
2023-02-17 11:42:56,712 [restartedMain] INFO  o.s.b.w.e.tomcat.TomcatWebServer 220 - Tomcat started on port(s): 8080 (http) with context path ''
2023-02-17 11:42:56,721 [restartedMain] INFO  o.a.c.i.engine.AbstractCamelContext 3058 - Apache Camel 3.19.0 (camel-20) is starting
2023-02-17 11:42:56,722 [restartedMain] INFO  o.a.c.i.engine.AbstractCamelContext 3220 - Routes startup (started:0)
2023-02-17 11:42:56,722 [restartedMain] INFO  o.a.c.i.engine.AbstractCamelContext 3249 - Apache Camel 3.19.0 (camel-20) started in 8ms (build:3ms init:5ms start:0ms)
2023-02-17 11:42:56,723 [restartedMain] INFO  c.e.f.FhirEtlApplication 61 - Started FhirEtlApplication in 0.712 seconds (JVM running for 1640.141)
2023-02-17 11:42:56,724 [restartedMain] INFO  o.s.b.d.a.ConditionEvaluationDeltaLoggingListener 63 - Condition evaluation unchanged
2023-02-17 11:43:21,846 [File Watcher] INFO  o.s.b.d.a.LocalDevToolsAutoConfiguration$RestartingClassPathChangeChangedEventListener 211 - Restarting due to 3 class path changes (0 additions, 0 deletions, 3 modifications)
2023-02-17 11:43:21,847 [Thread-37] INFO  o.a.c.i.engine.AbstractCamelContext 3454 - Apache Camel 3.19.0 (camel-20) is shutting down (timeout:45s)
2023-02-17 11:43:21,847 [Thread-37] INFO  o.a.c.i.engine.AbstractCamelContext 166 - Routes stopped (stopped:0)
2023-02-17 11:43:21,847 [Thread-37] INFO  o.a.c.i.engine.AbstractCamelContext 3593 - Apache Camel 3.19.0 (camel-20) shutdown in 0ms (uptime:25s)
2023-02-17 11:43:21,856 [Thread-37] INFO  o.a.coyote.http11.Http11NioProtocol 173 - Pausing ProtocolHandler ["http-nio-8080"]
2023-02-17 11:43:21,856 [Thread-37] INFO  o.a.catalina.core.StandardService 173 - Stopping service [Tomcat]
2023-02-17 11:43:21,858 [Thread-37] INFO  o.a.coyote.http11.Http11NioProtocol 173 - Stopping ProtocolHandler ["http-nio-8080"]
2023-02-17 11:43:21,858 [Thread-37] INFO  o.a.coyote.http11.Http11NioProtocol 173 - Destroying ProtocolHandler ["http-nio-8080"]
2023-02-17 11:43:21,940 [restartedMain] INFO  c.e.f.FhirEtlApplication 55 - Starting FhirEtlApplication using Java 17.0.5 on June4693-450G7 with PID 32808 (C:\Users\june.wu\Documents\GitHub\fhir_integration\target\classes started by June.Wu in C:\Users\june.wu\Documents\GitHub\fhir_integration)
2023-02-17 11:43:21,941 [restartedMain] INFO  c.e.f.FhirEtlApplication 631 - No active profile set, falling back to 1 default profile: "default"
2023-02-17 11:43:22,148 [restartedMain] INFO  o.s.b.w.e.tomcat.TomcatWebServer 108 - Tomcat initialized with port(s): 8080 (http)
2023-02-17 11:43:22,148 [restartedMain] INFO  o.a.coyote.http11.Http11NioProtocol 173 - Initializing ProtocolHandler ["http-nio-8080"]
2023-02-17 11:43:22,148 [restartedMain] INFO  o.a.catalina.core.StandardService 173 - Starting service [Tomcat]
2023-02-17 11:43:22,148 [restartedMain] INFO  o.a.catalina.core.StandardEngine 173 - Starting Servlet engine: [Apache Tomcat/9.0.71]
2023-02-17 11:43:22,170 [restartedMain] INFO  o.a.c.c.C.[Tomcat].[localhost].[/] 173 - Initializing Spring embedded WebApplicationContext
2023-02-17 11:43:22,170 [restartedMain] INFO  o.s.b.w.s.c.ServletWebServerApplicationContext 292 - Root WebApplicationContext: initialization completed in 228 ms
2023-02-17 11:43:22,200 [restartedMain] INFO  o.s.b.a.w.s.WelcomePageHandlerMapping 57 - Adding welcome page template: index
2023-02-17 11:43:22,297 [restartedMain] INFO  o.s.b.d.a.OptionalLiveReloadServer 59 - LiveReload server is running on port 35729
2023-02-17 11:43:22,315 [restartedMain] INFO  o.a.coyote.http11.Http11NioProtocol 173 - Starting ProtocolHandler ["http-nio-8080"]
2023-02-17 11:43:22,319 [restartedMain] INFO  o.s.b.w.e.tomcat.TomcatWebServer 220 - Tomcat started on port(s): 8080 (http) with context path ''
2023-02-17 11:43:22,327 [restartedMain] INFO  o.a.c.i.engine.AbstractCamelContext 3058 - Apache Camel 3.19.0 (camel-22) is starting
2023-02-17 11:43:22,327 [restartedMain] INFO  o.a.c.i.engine.AbstractCamelContext 3220 - Routes startup (started:0)
2023-02-17 11:43:22,328 [restartedMain] INFO  o.a.c.i.engine.AbstractCamelContext 3249 - Apache Camel 3.19.0 (camel-22) started in 6ms (build:2ms init:4ms start:0ms)
2023-02-17 11:43:22,328 [restartedMain] INFO  c.e.f.FhirEtlApplication 61 - Started FhirEtlApplication in 0.411 seconds (JVM running for 1665.746)
2023-02-17 11:43:22,329 [restartedMain] INFO  o.s.b.d.a.ConditionEvaluationDeltaLoggingListener 63 - Condition evaluation unchanged
2023-02-17 11:43:28,885 [File Watcher] INFO  o.s.b.d.a.LocalDevToolsAutoConfiguration$RestartingClassPathChangeChangedEventListener 211 - Restarting due to 1 class path change (0 additions, 0 deletions, 1 modification)
2023-02-17 11:43:28,886 [Thread-41] INFO  o.a.c.i.engine.AbstractCamelContext 3454 - Apache Camel 3.19.0 (camel-22) is shutting down (timeout:45s)
2023-02-17 11:43:28,886 [Thread-41] INFO  o.a.c.i.engine.AbstractCamelContext 166 - Routes stopped (stopped:0)
2023-02-17 11:43:28,886 [Thread-41] INFO  o.a.c.i.engine.AbstractCamelContext 3593 - Apache Camel 3.19.0 (camel-22) shutdown in 0ms (uptime:6s)
2023-02-17 11:43:28,896 [Thread-41] INFO  o.a.coyote.http11.Http11NioProtocol 173 - Pausing ProtocolHandler ["http-nio-8080"]
2023-02-17 11:43:28,896 [Thread-41] INFO  o.a.catalina.core.StandardService 173 - Stopping service [Tomcat]
2023-02-17 11:43:28,898 [Thread-41] INFO  o.a.coyote.http11.Http11NioProtocol 173 - Stopping ProtocolHandler ["http-nio-8080"]
2023-02-17 11:43:28,899 [Thread-41] INFO  o.a.coyote.http11.Http11NioProtocol 173 - Destroying ProtocolHandler ["http-nio-8080"]
2023-02-17 11:43:28,982 [restartedMain] INFO  c.e.f.FhirEtlApplication 55 - Starting FhirEtlApplication using Java 17.0.5 on June4693-450G7 with PID 32808 (C:\Users\june.wu\Documents\GitHub\fhir_integration\target\classes started by June.Wu in C:\Users\june.wu\Documents\GitHub\fhir_integration)
2023-02-17 11:43:28,983 [restartedMain] INFO  c.e.f.FhirEtlApplication 631 - No active profile set, falling back to 1 default profile: "default"
2023-02-17 11:43:29,287 [restartedMain] INFO  o.s.b.w.e.tomcat.TomcatWebServer 108 - Tomcat initialized with port(s): 8080 (http)
2023-02-17 11:43:29,288 [restartedMain] INFO  o.a.coyote.http11.Http11NioProtocol 173 - Initializing ProtocolHandler ["http-nio-8080"]
2023-02-17 11:43:29,288 [restartedMain] INFO  o.a.catalina.core.StandardService 173 - Starting service [Tomcat]
2023-02-17 11:43:29,288 [restartedMain] INFO  o.a.catalina.core.StandardEngine 173 - Starting Servlet engine: [Apache Tomcat/9.0.71]
2023-02-17 11:43:29,310 [restartedMain] INFO  o.a.c.c.C.[Tomcat].[localhost].[/] 173 - Initializing Spring embedded WebApplicationContext
2023-02-17 11:43:29,310 [restartedMain] INFO  o.s.b.w.s.c.ServletWebServerApplicationContext 292 - Root WebApplicationContext: initialization completed in 326 ms
2023-02-17 11:43:29,345 [restartedMain] INFO  o.s.b.a.w.s.WelcomePageHandlerMapping 57 - Adding welcome page template: index
2023-02-17 11:43:29,446 [restartedMain] INFO  o.s.b.d.a.OptionalLiveReloadServer 59 - LiveReload server is running on port 35729
2023-02-17 11:43:29,464 [restartedMain] INFO  o.a.coyote.http11.Http11NioProtocol 173 - Starting ProtocolHandler ["http-nio-8080"]
2023-02-17 11:43:29,468 [restartedMain] INFO  o.s.b.w.e.tomcat.TomcatWebServer 220 - Tomcat started on port(s): 8080 (http) with context path ''
2023-02-17 11:43:29,501 [restartedMain] INFO  o.a.c.i.engine.AbstractCamelContext 3058 - Apache Camel 3.19.0 (camel-24) is starting
2023-02-17 11:43:29,502 [restartedMain] INFO  o.a.c.i.engine.AbstractCamelContext 3220 - Routes startup (started:0)
2023-02-17 11:43:29,503 [restartedMain] INFO  o.a.c.i.engine.AbstractCamelContext 3249 - Apache Camel 3.19.0 (camel-24) started in 28ms (build:2ms init:25ms start:1ms)
2023-02-17 11:43:29,504 [restartedMain] INFO  c.e.f.FhirEtlApplication 61 - Started FhirEtlApplication in 0.547 seconds (JVM running for 1672.921)
2023-02-17 11:43:29,505 [restartedMain] INFO  o.s.b.d.a.ConditionEvaluationDeltaLoggingListener 63 - Condition evaluation unchanged
2023-02-17 11:44:17,239 [File Watcher] INFO  o.s.b.d.a.LocalDevToolsAutoConfiguration$RestartingClassPathChangeChangedEventListener 211 - Restarting due to 1 class path change (0 additions, 0 deletions, 1 modification)
2023-02-17 11:44:17,241 [Thread-45] INFO  o.a.c.i.engine.AbstractCamelContext 3454 - Apache Camel 3.19.0 (camel-24) is shutting down (timeout:45s)
2023-02-17 11:44:17,241 [Thread-45] INFO  o.a.c.i.engine.AbstractCamelContext 166 - Routes stopped (stopped:0)
2023-02-17 11:44:17,242 [Thread-45] INFO  o.a.c.i.engine.AbstractCamelContext 3593 - Apache Camel 3.19.0 (camel-24) shutdown in 0ms (uptime:47s)
2023-02-17 11:44:17,259 [Thread-45] INFO  o.a.coyote.http11.Http11NioProtocol 173 - Pausing ProtocolHandler ["http-nio-8080"]
2023-02-17 11:44:17,259 [Thread-45] INFO  o.a.catalina.core.StandardService 173 - Stopping service [Tomcat]
2023-02-17 11:44:17,265 [Thread-45] INFO  o.a.coyote.http11.Http11NioProtocol 173 - Stopping ProtocolHandler ["http-nio-8080"]
2023-02-17 11:44:17,266 [Thread-45] INFO  o.a.coyote.http11.Http11NioProtocol 173 - Destroying ProtocolHandler ["http-nio-8080"]
2023-02-17 11:44:17,440 [restartedMain] INFO  c.e.f.FhirEtlApplication 55 - Starting FhirEtlApplication using Java 17.0.5 on June4693-450G7 with PID 32808 (C:\Users\june.wu\Documents\GitHub\fhir_integration\target\classes started by June.Wu in C:\Users\june.wu\Documents\GitHub\fhir_integration)
2023-02-17 11:44:17,440 [restartedMain] INFO  c.e.f.FhirEtlApplication 631 - No active profile set, falling back to 1 default profile: "default"
2023-02-17 11:44:17,732 [restartedMain] INFO  o.s.b.w.e.tomcat.TomcatWebServer 108 - Tomcat initialized with port(s): 8080 (http)
2023-02-17 11:44:17,732 [restartedMain] INFO  o.a.coyote.http11.Http11NioProtocol 173 - Initializing ProtocolHandler ["http-nio-8080"]
2023-02-17 11:44:17,732 [restartedMain] INFO  o.a.catalina.core.StandardService 173 - Starting service [Tomcat]
2023-02-17 11:44:17,733 [restartedMain] INFO  o.a.catalina.core.StandardEngine 173 - Starting Servlet engine: [Apache Tomcat/9.0.71]
2023-02-17 11:44:17,758 [restartedMain] INFO  o.a.c.c.C.[Tomcat].[localhost].[/] 173 - Initializing Spring embedded WebApplicationContext
2023-02-17 11:44:17,758 [restartedMain] INFO  o.s.b.w.s.c.ServletWebServerApplicationContext 292 - Root WebApplicationContext: initialization completed in 315 ms
2023-02-17 11:44:17,799 [restartedMain] INFO  o.s.b.a.w.s.WelcomePageHandlerMapping 57 - Adding welcome page template: index
2023-02-17 11:44:17,928 [restartedMain] INFO  o.s.b.d.a.OptionalLiveReloadServer 59 - LiveReload server is running on port 35729
2023-02-17 11:44:17,947 [restartedMain] INFO  o.a.coyote.http11.Http11NioProtocol 173 - Starting ProtocolHandler ["http-nio-8080"]
2023-02-17 11:44:17,950 [restartedMain] INFO  o.s.b.w.e.tomcat.TomcatWebServer 220 - Tomcat started on port(s): 8080 (http) with context path ''
2023-02-17 11:44:17,962 [restartedMain] INFO  o.a.c.i.engine.AbstractCamelContext 3058 - Apache Camel 3.19.0 (camel-26) is starting
2023-02-17 11:44:17,963 [restartedMain] INFO  o.a.c.i.engine.AbstractCamelContext 3220 - Routes startup (started:0)
2023-02-17 11:44:17,963 [restartedMain] INFO  o.a.c.i.engine.AbstractCamelContext 3249 - Apache Camel 3.19.0 (camel-26) started in 13ms (build:5ms init:7ms start:1ms)
2023-02-17 11:44:17,964 [restartedMain] INFO  c.e.f.FhirEtlApplication 61 - Started FhirEtlApplication in 0.574 seconds (JVM running for 1721.382)
2023-02-17 11:44:17,965 [restartedMain] INFO  o.s.b.d.a.ConditionEvaluationDeltaLoggingListener 63 - Condition evaluation unchanged
2023-02-17 11:44:26,594 [File Watcher] INFO  o.s.b.d.a.LocalDevToolsAutoConfiguration$RestartingClassPathChangeChangedEventListener 211 - Restarting due to 1 class path change (0 additions, 0 deletions, 1 modification)
2023-02-17 11:44:26,595 [Thread-49] INFO  o.a.c.i.engine.AbstractCamelContext 3454 - Apache Camel 3.19.0 (camel-26) is shutting down (timeout:45s)
2023-02-17 11:44:26,595 [Thread-49] INFO  o.a.c.i.engine.AbstractCamelContext 166 - Routes stopped (stopped:0)
2023-02-17 11:44:26,596 [Thread-49] INFO  o.a.c.i.engine.AbstractCamelContext 3593 - Apache Camel 3.19.0 (camel-26) shutdown in 0ms (uptime:8s)
2023-02-17 11:44:26,604 [Thread-49] INFO  o.a.coyote.http11.Http11NioProtocol 173 - Pausing ProtocolHandler ["http-nio-8080"]
2023-02-17 11:44:26,604 [Thread-49] INFO  o.a.catalina.core.StandardService 173 - Stopping service [Tomcat]
2023-02-17 11:44:26,606 [Thread-49] INFO  o.a.coyote.http11.Http11NioProtocol 173 - Stopping ProtocolHandler ["http-nio-8080"]
2023-02-17 11:44:26,607 [Thread-49] INFO  o.a.coyote.http11.Http11NioProtocol 173 - Destroying ProtocolHandler ["http-nio-8080"]
2023-02-17 11:44:26,684 [restartedMain] INFO  c.e.f.FhirEtlApplication 55 - Starting FhirEtlApplication using Java 17.0.5 on June4693-450G7 with PID 32808 (C:\Users\june.wu\Documents\GitHub\fhir_integration\target\classes started by June.Wu in C:\Users\june.wu\Documents\GitHub\fhir_integration)
2023-02-17 11:44:26,684 [restartedMain] INFO  c.e.f.FhirEtlApplication 631 - No active profile set, falling back to 1 default profile: "default"
2023-02-17 11:44:26,887 [restartedMain] INFO  o.s.b.w.e.tomcat.TomcatWebServer 108 - Tomcat initialized with port(s): 8080 (http)
2023-02-17 11:44:26,887 [restartedMain] INFO  o.a.coyote.http11.Http11NioProtocol 173 - Initializing ProtocolHandler ["http-nio-8080"]
2023-02-17 11:44:26,889 [restartedMain] INFO  o.a.catalina.core.StandardService 173 - Starting service [Tomcat]
2023-02-17 11:44:26,889 [restartedMain] INFO  o.a.catalina.core.StandardEngine 173 - Starting Servlet engine: [Apache Tomcat/9.0.71]
2023-02-17 11:44:26,929 [restartedMain] INFO  o.a.c.c.C.[Tomcat].[localhost].[/] 173 - Initializing Spring embedded WebApplicationContext
2023-02-17 11:44:26,929 [restartedMain] INFO  o.s.b.w.s.c.ServletWebServerApplicationContext 292 - Root WebApplicationContext: initialization completed in 243 ms
2023-02-17 11:44:26,960 [restartedMain] INFO  o.s.b.a.w.s.WelcomePageHandlerMapping 57 - Adding welcome page template: index
2023-02-17 11:44:27,060 [restartedMain] INFO  o.s.b.d.a.OptionalLiveReloadServer 59 - LiveReload server is running on port 35729
2023-02-17 11:44:27,079 [restartedMain] INFO  o.a.coyote.http11.Http11NioProtocol 173 - Starting ProtocolHandler ["http-nio-8080"]
2023-02-17 11:44:27,081 [restartedMain] INFO  o.s.b.w.e.tomcat.TomcatWebServer 220 - Tomcat started on port(s): 8080 (http) with context path ''
2023-02-17 11:44:27,089 [restartedMain] INFO  o.a.c.i.engine.AbstractCamelContext 3058 - Apache Camel 3.19.0 (camel-28) is starting
2023-02-17 11:44:27,090 [restartedMain] INFO  o.a.c.i.engine.AbstractCamelContext 3220 - Routes startup (started:0)
2023-02-17 11:44:27,090 [restartedMain] INFO  o.a.c.i.engine.AbstractCamelContext 3249 - Apache Camel 3.19.0 (camel-28) started in 6ms (build:2ms init:4ms start:0ms)
2023-02-17 11:44:27,090 [restartedMain] INFO  c.e.f.FhirEtlApplication 61 - Started FhirEtlApplication in 0.428 seconds (JVM running for 1730.508)
2023-02-17 11:44:27,091 [restartedMain] INFO  o.s.b.d.a.ConditionEvaluationDeltaLoggingListener 63 - Condition evaluation unchanged
2023-02-17 11:44:31,619 [File Watcher] INFO  o.s.b.d.a.LocalDevToolsAutoConfiguration$RestartingClassPathChangeChangedEventListener 211 - Restarting due to 1 class path change (0 additions, 0 deletions, 1 modification)
2023-02-17 11:44:31,620 [Thread-53] INFO  o.a.c.i.engine.AbstractCamelContext 3454 - Apache Camel 3.19.0 (camel-28) is shutting down (timeout:45s)
2023-02-17 11:44:31,620 [Thread-53] INFO  o.a.c.i.engine.AbstractCamelContext 166 - Routes stopped (stopped:0)
2023-02-17 11:44:31,620 [Thread-53] INFO  o.a.c.i.engine.AbstractCamelContext 3593 - Apache Camel 3.19.0 (camel-28) shutdown in 0ms (uptime:4s)
2023-02-17 11:44:31,629 [Thread-53] INFO  o.a.coyote.http11.Http11NioProtocol 173 - Pausing ProtocolHandler ["http-nio-8080"]
2023-02-17 11:44:31,629 [Thread-53] INFO  o.a.catalina.core.StandardService 173 - Stopping service [Tomcat]
2023-02-17 11:44:31,631 [Thread-53] INFO  o.a.coyote.http11.Http11NioProtocol 173 - Stopping ProtocolHandler ["http-nio-8080"]
2023-02-17 11:44:31,631 [Thread-53] INFO  o.a.coyote.http11.Http11NioProtocol 173 - Destroying ProtocolHandler ["http-nio-8080"]
2023-02-17 11:44:31,719 [restartedMain] INFO  c.e.f.FhirEtlApplication 55 - Starting FhirEtlApplication using Java 17.0.5 on June4693-450G7 with PID 32808 (C:\Users\june.wu\Documents\GitHub\fhir_integration\target\classes started by June.Wu in C:\Users\june.wu\Documents\GitHub\fhir_integration)
2023-02-17 11:44:31,720 [restartedMain] INFO  c.e.f.FhirEtlApplication 631 - No active profile set, falling back to 1 default profile: "default"
2023-02-17 11:44:31,946 [restartedMain] INFO  o.s.b.w.e.tomcat.TomcatWebServer 108 - Tomcat initialized with port(s): 8080 (http)
2023-02-17 11:44:31,946 [restartedMain] INFO  o.a.coyote.http11.Http11NioProtocol 173 - Initializing ProtocolHandler ["http-nio-8080"]
2023-02-17 11:44:31,946 [restartedMain] INFO  o.a.catalina.core.StandardService 173 - Starting service [Tomcat]
2023-02-17 11:44:31,946 [restartedMain] INFO  o.a.catalina.core.StandardEngine 173 - Starting Servlet engine: [Apache Tomcat/9.0.71]
2023-02-17 11:44:31,972 [restartedMain] INFO  o.a.c.c.C.[Tomcat].[localhost].[/] 173 - Initializing Spring embedded WebApplicationContext
2023-02-17 11:44:31,972 [restartedMain] INFO  o.s.b.w.s.c.ServletWebServerApplicationContext 292 - Root WebApplicationContext: initialization completed in 251 ms
2023-02-17 11:44:32,006 [restartedMain] INFO  o.s.b.a.w.s.WelcomePageHandlerMapping 57 - Adding welcome page template: index
2023-02-17 11:44:32,107 [restartedMain] INFO  o.s.b.d.a.OptionalLiveReloadServer 59 - LiveReload server is running on port 35729
2023-02-17 11:44:32,126 [restartedMain] INFO  o.a.coyote.http11.Http11NioProtocol 173 - Starting ProtocolHandler ["http-nio-8080"]
2023-02-17 11:44:32,129 [restartedMain] INFO  o.s.b.w.e.tomcat.TomcatWebServer 220 - Tomcat started on port(s): 8080 (http) with context path ''
2023-02-17 11:44:32,138 [restartedMain] INFO  o.a.c.i.engine.AbstractCamelContext 3058 - Apache Camel 3.19.0 (camel-30) is starting
2023-02-17 11:44:32,138 [restartedMain] INFO  o.a.c.i.engine.AbstractCamelContext 3220 - Routes startup (started:0)
2023-02-17 11:44:32,138 [restartedMain] INFO  o.a.c.i.engine.AbstractCamelContext 3249 - Apache Camel 3.19.0 (camel-30) started in 6ms (build:2ms init:4ms start:0ms)
2023-02-17 11:44:32,140 [restartedMain] INFO  c.e.f.FhirEtlApplication 61 - Started FhirEtlApplication in 0.451 seconds (JVM running for 1735.557)
2023-02-17 11:44:32,141 [restartedMain] INFO  o.s.b.d.a.ConditionEvaluationDeltaLoggingListener 63 - Condition evaluation unchanged
2023-02-17 11:45:01,486 [File Watcher] INFO  o.s.b.d.a.LocalDevToolsAutoConfiguration$RestartingClassPathChangeChangedEventListener 211 - Restarting due to 4 class path changes (0 additions, 4 deletions, 0 modifications)
2023-02-17 11:45:01,501 [Thread-57] INFO  o.a.c.i.engine.AbstractCamelContext 3454 - Apache Camel 3.19.0 (camel-30) is shutting down (timeout:45s)
2023-02-17 11:45:01,501 [Thread-57] INFO  o.a.c.i.engine.AbstractCamelContext 166 - Routes stopped (stopped:0)
2023-02-17 11:45:01,502 [Thread-57] INFO  o.a.c.i.engine.AbstractCamelContext 3593 - Apache Camel 3.19.0 (camel-30) shutdown in 0ms (uptime:29s)
2023-02-17 11:45:01,522 [Thread-57] INFO  o.a.coyote.http11.Http11NioProtocol 173 - Pausing ProtocolHandler ["http-nio-8080"]
2023-02-17 11:45:01,523 [Thread-57] INFO  o.a.catalina.core.StandardService 173 - Stopping service [Tomcat]
2023-02-17 11:45:01,532 [Thread-57] INFO  o.a.coyote.http11.Http11NioProtocol 173 - Stopping ProtocolHandler ["http-nio-8080"]
2023-02-17 11:45:01,537 [Thread-57] INFO  o.a.coyote.http11.Http11NioProtocol 173 - Destroying ProtocolHandler ["http-nio-8080"]
2023-02-17 11:45:01,670 [restartedMain] INFO  c.e.f.FhirEtlApplication 55 - Starting FhirEtlApplication using Java 17.0.5 on June4693-450G7 with PID 32808 (C:\Users\june.wu\Documents\GitHub\fhir_integration\target\classes started by June.Wu in C:\Users\june.wu\Documents\GitHub\fhir_integration)
2023-02-17 11:45:01,670 [restartedMain] INFO  c.e.f.FhirEtlApplication 631 - No active profile set, falling back to 1 default profile: "default"
2023-02-17 11:45:01,893 [restartedMain] INFO  o.s.b.w.e.tomcat.TomcatWebServer 108 - Tomcat initialized with port(s): 8080 (http)
2023-02-17 11:45:01,894 [restartedMain] INFO  o.a.coyote.http11.Http11NioProtocol 173 - Initializing ProtocolHandler ["http-nio-8080"]
2023-02-17 11:45:01,895 [restartedMain] INFO  o.a.catalina.core.StandardService 173 - Starting service [Tomcat]
2023-02-17 11:45:01,896 [restartedMain] INFO  o.a.catalina.core.StandardEngine 173 - Starting Servlet engine: [Apache Tomcat/9.0.71]
2023-02-17 11:45:01,921 [restartedMain] INFO  o.a.c.c.C.[Tomcat].[localhost].[/] 173 - Initializing Spring embedded WebApplicationContext
2023-02-17 11:45:01,921 [restartedMain] INFO  o.s.b.w.s.c.ServletWebServerApplicationContext 292 - Root WebApplicationContext: initialization completed in 249 ms
2023-02-17 11:45:01,973 [restartedMain] INFO  o.s.b.a.w.s.WelcomePageHandlerMapping 57 - Adding welcome page template: index
2023-02-17 11:45:02,152 [restartedMain] INFO  o.s.b.d.a.OptionalLiveReloadServer 59 - LiveReload server is running on port 35729
2023-02-17 11:45:02,189 [restartedMain] INFO  o.a.coyote.http11.Http11NioProtocol 173 - Starting ProtocolHandler ["http-nio-8080"]
2023-02-17 11:45:02,192 [restartedMain] INFO  o.s.b.w.e.tomcat.TomcatWebServer 220 - Tomcat started on port(s): 8080 (http) with context path ''
2023-02-17 11:45:02,203 [restartedMain] INFO  o.a.c.i.engine.AbstractCamelContext 3058 - Apache Camel 3.19.0 (camel-31) is starting
2023-02-17 11:45:02,204 [restartedMain] INFO  o.a.c.i.engine.AbstractCamelContext 3220 - Routes startup (started:0)
2023-02-17 11:45:02,204 [restartedMain] INFO  o.a.c.i.engine.AbstractCamelContext 3249 - Apache Camel 3.19.0 (camel-31) started in 10ms (build:4ms init:6ms start:0ms)
2023-02-17 11:45:02,204 [restartedMain] INFO  c.e.f.FhirEtlApplication 61 - Started FhirEtlApplication in 0.562 seconds (JVM running for 1765.622)
2023-02-17 11:45:02,205 [restartedMain] INFO  o.s.b.d.a.ConditionEvaluationDeltaLoggingListener 63 - Condition evaluation unchanged
2023-02-17 11:45:24,148 [File Watcher] INFO  o.s.b.d.a.LocalDevToolsAutoConfiguration$RestartingClassPathChangeChangedEventListener 211 - Restarting due to 2 class path changes (0 additions, 2 deletions, 0 modifications)
2023-02-17 11:45:24,149 [Thread-61] INFO  o.a.c.i.engine.AbstractCamelContext 3454 - Apache Camel 3.19.0 (camel-31) is shutting down (timeout:45s)
2023-02-17 11:45:24,149 [Thread-61] INFO  o.a.c.i.engine.AbstractCamelContext 166 - Routes stopped (stopped:0)
2023-02-17 11:45:24,150 [Thread-61] INFO  o.a.c.i.engine.AbstractCamelContext 3593 - Apache Camel 3.19.0 (camel-31) shutdown in 0ms (uptime:21s)
2023-02-17 11:45:24,178 [Thread-61] INFO  o.a.coyote.http11.Http11NioProtocol 173 - Pausing ProtocolHandler ["http-nio-8080"]
2023-02-17 11:45:24,178 [Thread-61] INFO  o.a.catalina.core.StandardService 173 - Stopping service [Tomcat]
2023-02-17 11:45:24,180 [Thread-61] INFO  o.a.coyote.http11.Http11NioProtocol 173 - Stopping ProtocolHandler ["http-nio-8080"]
2023-02-17 11:45:24,180 [Thread-61] INFO  o.a.coyote.http11.Http11NioProtocol 173 - Destroying ProtocolHandler ["http-nio-8080"]
2023-02-17 11:45:24,261 [restartedMain] INFO  c.e.f.FhirEtlApplication 55 - Starting FhirEtlApplication using Java 17.0.5 on June4693-450G7 with PID 32808 (C:\Users\june.wu\Documents\GitHub\fhir_integration\target\classes started by June.Wu in C:\Users\june.wu\Documents\GitHub\fhir_integration)
2023-02-17 11:45:24,261 [restartedMain] INFO  c.e.f.FhirEtlApplication 631 - No active profile set, falling back to 1 default profile: "default"
2023-02-17 11:45:24,466 [restartedMain] INFO  o.s.b.w.e.tomcat.TomcatWebServer 108 - Tomcat initialized with port(s): 8080 (http)
2023-02-17 11:45:24,466 [restartedMain] INFO  o.a.coyote.http11.Http11NioProtocol 173 - Initializing ProtocolHandler ["http-nio-8080"]
2023-02-17 11:45:24,466 [restartedMain] INFO  o.a.catalina.core.StandardService 173 - Starting service [Tomcat]
2023-02-17 11:45:24,466 [restartedMain] INFO  o.a.catalina.core.StandardEngine 173 - Starting Servlet engine: [Apache Tomcat/9.0.71]
2023-02-17 11:45:24,487 [restartedMain] INFO  o.a.c.c.C.[Tomcat].[localhost].[/] 173 - Initializing Spring embedded WebApplicationContext
2023-02-17 11:45:24,487 [restartedMain] INFO  o.s.b.w.s.c.ServletWebServerApplicationContext 292 - Root WebApplicationContext: initialization completed in 224 ms
2023-02-17 11:45:24,524 [restartedMain] INFO  o.s.b.a.w.s.WelcomePageHandlerMapping 57 - Adding welcome page template: index
2023-02-17 11:45:24,645 [restartedMain] INFO  o.s.b.d.a.OptionalLiveReloadServer 59 - LiveReload server is running on port 35729
2023-02-17 11:45:24,663 [restartedMain] INFO  o.a.coyote.http11.Http11NioProtocol 173 - Starting ProtocolHandler ["http-nio-8080"]
2023-02-17 11:45:24,666 [restartedMain] INFO  o.s.b.w.e.tomcat.TomcatWebServer 220 - Tomcat started on port(s): 8080 (http) with context path ''
2023-02-17 11:45:24,675 [restartedMain] INFO  o.a.c.i.engine.AbstractCamelContext 3058 - Apache Camel 3.19.0 (camel-32) is starting
2023-02-17 11:45:24,676 [restartedMain] INFO  o.a.c.i.engine.AbstractCamelContext 3220 - Routes startup (started:0)
2023-02-17 11:45:24,676 [restartedMain] INFO  o.a.c.i.engine.AbstractCamelContext 3249 - Apache Camel 3.19.0 (camel-32) started in 7ms (build:2ms init:5ms start:0ms)
2023-02-17 11:45:24,676 [restartedMain] INFO  c.e.f.FhirEtlApplication 61 - Started FhirEtlApplication in 0.44 seconds (JVM running for 1788.095)
2023-02-17 11:45:24,677 [restartedMain] INFO  o.s.b.d.a.ConditionEvaluationDeltaLoggingListener 63 - Condition evaluation unchanged
2023-02-17 11:56:24,241 [SpringApplicationShutdownHook] INFO  o.a.c.i.engine.AbstractCamelContext 3454 - Apache Camel 3.19.0 (camel-32) is shutting down (timeout:45s)
2023-02-17 11:56:24,241 [SpringApplicationShutdownHook] INFO  o.a.c.i.engine.AbstractCamelContext 166 - Routes stopped (stopped:0)
2023-02-17 11:56:24,241 [SpringApplicationShutdownHook] INFO  o.a.c.i.engine.AbstractCamelContext 3593 - Apache Camel 3.19.0 (camel-32) shutdown in 0ms (uptime:10m59s)
2023-02-17 13:14:17,456 [restartedMain] INFO  c.e.f.FhirEtlApplication 55 - Starting FhirEtlApplication using Java 17.0.5 on June4693-450G7 with PID 25740 (C:\Users\june.wu\Documents\GitHub\fhir_integration\target\classes started by June.Wu in C:\Users\june.wu\Documents\GitHub\fhir_integration)
2023-02-17 13:14:17,460 [restartedMain] INFO  c.e.f.FhirEtlApplication 631 - No active profile set, falling back to 1 default profile: "default"
2023-02-17 13:14:17,535 [restartedMain] INFO  o.s.b.d.restart.ChangeableUrls 255 - The Class-Path manifest attribute in C:\Users\june.wu\.m2\repository\com\sun\xml\bind\jaxb-core\2.3.0\jaxb-core-2.3.0.jar referenced one or more files that do not exist: file:/C:/Users/june.wu/.m2/repository/com/sun/xml/bind/jaxb-core/2.3.0/jaxb-api.jar
2023-02-17 13:14:17,535 [restartedMain] INFO  o.s.b.d.e.DevToolsPropertyDefaultsPostProcessor 255 - Devtools property defaults active! Set 'spring.devtools.add-properties' to 'false' to disable
2023-02-17 13:14:17,535 [restartedMain] INFO  o.s.b.d.e.DevToolsPropertyDefaultsPostProcessor 255 - For additional web related logging consider setting the 'logging.level.web' property to 'DEBUG'
2023-02-17 13:14:18,883 [restartedMain] INFO  o.s.b.w.e.tomcat.TomcatWebServer 108 - Tomcat initialized with port(s): 8080 (http)
2023-02-17 13:14:18,891 [restartedMain] INFO  o.a.coyote.http11.Http11NioProtocol 173 - Initializing ProtocolHandler ["http-nio-8080"]
2023-02-17 13:14:18,891 [restartedMain] INFO  o.a.catalina.core.StandardService 173 - Starting service [Tomcat]
2023-02-17 13:14:18,891 [restartedMain] INFO  o.a.catalina.core.StandardEngine 173 - Starting Servlet engine: [Apache Tomcat/9.0.71]
2023-02-17 13:14:18,980 [restartedMain] INFO  o.a.c.c.C.[Tomcat].[localhost].[/] 173 - Initializing Spring embedded WebApplicationContext
2023-02-17 13:14:18,980 [restartedMain] INFO  o.s.b.w.s.c.ServletWebServerApplicationContext 292 - Root WebApplicationContext: initialization completed in 1444 ms
2023-02-17 13:14:19,201 [restartedMain] INFO  o.s.b.a.w.s.WelcomePageHandlerMapping 57 - Adding welcome page template: index
2023-02-17 13:14:19,692 [restartedMain] INFO  o.s.b.d.a.OptionalLiveReloadServer 59 - LiveReload server is running on port 35729
2023-02-17 13:14:19,726 [restartedMain] INFO  o.a.coyote.http11.Http11NioProtocol 173 - Starting ProtocolHandler ["http-nio-8080"]
2023-02-17 13:14:19,742 [restartedMain] INFO  o.s.b.w.e.tomcat.TomcatWebServer 220 - Tomcat started on port(s): 8080 (http) with context path ''
2023-02-17 13:14:19,788 [restartedMain] INFO  o.a.c.i.engine.AbstractCamelContext 3058 - Apache Camel 3.19.0 (camel-1) is starting
2023-02-17 13:14:19,792 [restartedMain] INFO  o.a.c.i.engine.AbstractCamelContext 3220 - Routes startup (started:0)
2023-02-17 13:14:19,792 [restartedMain] INFO  o.a.c.i.engine.AbstractCamelContext 3249 - Apache Camel 3.19.0 (camel-1) started in 79ms (build:40ms init:36ms start:3ms)
2023-02-17 13:14:19,796 [restartedMain] INFO  c.e.f.FhirEtlApplication 61 - Started FhirEtlApplication in 2.897 seconds (JVM running for 3.367)
2023-02-17 13:14:24,543 [http-nio-8080-exec-1] INFO  o.a.c.c.C.[Tomcat].[localhost].[/] 173 - Initializing Spring DispatcherServlet 'dispatcherServlet'
2023-02-17 13:14:24,543 [http-nio-8080-exec-1] INFO  o.s.web.servlet.DispatcherServlet 525 - Initializing Servlet 'dispatcherServlet'
2023-02-17 13:14:24,544 [http-nio-8080-exec-1] INFO  o.s.web.servlet.DispatcherServlet 547 - Completed initialization in 1 ms
2023-02-17 13:14:35,090 [http-nio-8080-exec-6] INFO  o.a.c.i.engine.AbstractCamelContext 3058 - Apache Camel 3.19.0 (camel-2) is starting
2023-02-17 13:14:35,099 [http-nio-8080-exec-6] INFO  o.a.c.i.engine.AbstractCamelContext 3220 - Routes startup (started:1)
2023-02-17 13:14:35,100 [http-nio-8080-exec-6] INFO  o.a.c.i.engine.AbstractCamelContext 3225 -     Started route1 (timer://foo)
2023-02-17 13:14:35,100 [http-nio-8080-exec-6] INFO  o.a.c.i.engine.AbstractCamelContext 3249 - Apache Camel 3.19.0 (camel-2) started in 133ms (build:4ms init:120ms start:9ms)
2023-02-17 13:14:36,257 [Camel (camel-2) thread #1 - timer://foo] ERROR c.e.f.RouteBuilderTool$thisRouteBuilder 59 - 使用者 'june' 的登入失敗。 ClientConnectionId:fc4df657-4280-4352-a563-f7ceeb72e210
2023-02-17 13:14:40,103 [http-nio-8080-exec-6] INFO  o.a.c.i.engine.AbstractCamelContext 3454 - Apache Camel 3.19.0 (camel-2) is shutting down (timeout:45s)
2023-02-17 13:14:40,108 [http-nio-8080-exec-6] INFO  o.a.c.i.engine.AbstractCamelContext 166 - Routes stopped (stopped:1)
2023-02-17 13:14:40,108 [http-nio-8080-exec-6] INFO  o.a.c.i.engine.AbstractCamelContext 166 -     Stopped route1 (timer://foo)
2023-02-17 13:14:40,110 [http-nio-8080-exec-6] INFO  o.a.c.i.engine.AbstractCamelContext 3593 - Apache Camel 3.19.0 (camel-2) shutdown in 6ms (uptime:5s)
2023-02-17 13:15:39,069 [http-nio-8080-exec-3] INFO  o.a.c.i.engine.AbstractCamelContext 3058 - Apache Camel 3.19.0 (camel-3) is starting
2023-02-17 13:15:39,071 [http-nio-8080-exec-3] INFO  o.a.c.i.engine.AbstractCamelContext 3220 - Routes startup (started:1)
2023-02-17 13:15:39,071 [http-nio-8080-exec-3] INFO  o.a.c.i.engine.AbstractCamelContext 3225 -     Started route2 (timer://foo)
2023-02-17 13:15:39,071 [http-nio-8080-exec-3] INFO  o.a.c.i.engine.AbstractCamelContext 3249 - Apache Camel 3.19.0 (camel-3) started in 15ms (build:5ms init:9ms start:1ms)
2023-02-17 13:15:40,087 [Camel (camel-3) thread #3 - timer://foo] ERROR c.e.f.RouteBuilderTool$thisRouteBuilder 59 - 使用者 'june' 的登入失敗。 ClientConnectionId:c79169c6-a4a4-43f1-8e74-a29a03b6784d
2023-02-17 13:15:44,082 [http-nio-8080-exec-3] INFO  o.a.c.i.engine.AbstractCamelContext 3454 - Apache Camel 3.19.0 (camel-3) is shutting down (timeout:45s)
2023-02-17 13:15:44,083 [http-nio-8080-exec-3] INFO  o.a.c.i.engine.AbstractCamelContext 166 - Routes stopped (stopped:1)
2023-02-17 13:15:44,083 [http-nio-8080-exec-3] INFO  o.a.c.i.engine.AbstractCamelContext 166 -     Stopped route2 (timer://foo)
2023-02-17 13:15:44,083 [http-nio-8080-exec-3] INFO  o.a.c.i.engine.AbstractCamelContext 3593 - Apache Camel 3.19.0 (camel-3) shutdown in 1ms (uptime:5s)
2023-02-17 13:22:28,116 [http-nio-8080-exec-10] INFO  o.a.c.i.engine.AbstractCamelContext 3058 - Apache Camel 3.19.0 (camel-4) is starting
2023-02-17 13:22:28,118 [http-nio-8080-exec-10] INFO  o.a.c.i.engine.AbstractCamelContext 3220 - Routes startup (started:1)
2023-02-17 13:22:28,119 [http-nio-8080-exec-10] INFO  o.a.c.i.engine.AbstractCamelContext 3225 -     Started route3 (timer://foo)
2023-02-17 13:22:28,119 [http-nio-8080-exec-10] INFO  o.a.c.i.engine.AbstractCamelContext 3249 - Apache Camel 3.19.0 (camel-4) started in 17ms (build:6ms init:9ms start:2ms)
2023-02-17 13:22:29,139 [Camel (camel-4) thread #5 - timer://foo] ERROR c.e.f.RouteBuilderTool$thisRouteBuilder 59 - 使用者 'june' 的登入失敗。 ClientConnectionId:1776a5f3-22f6-4da2-ae2d-2eb03d574acd
2023-02-17 13:22:33,120 [http-nio-8080-exec-10] INFO  o.a.c.i.engine.AbstractCamelContext 3454 - Apache Camel 3.19.0 (camel-4) is shutting down (timeout:45s)
2023-02-17 13:22:33,122 [http-nio-8080-exec-10] INFO  o.a.c.i.engine.AbstractCamelContext 166 - Routes stopped (stopped:1)
2023-02-17 13:22:33,122 [http-nio-8080-exec-10] INFO  o.a.c.i.engine.AbstractCamelContext 166 -     Stopped route3 (timer://foo)
2023-02-17 13:22:33,122 [http-nio-8080-exec-10] INFO  o.a.c.i.engine.AbstractCamelContext 3593 - Apache Camel 3.19.0 (camel-4) shutdown in 2ms (uptime:5s)
2023-02-17 13:23:55,693 [http-nio-8080-exec-5] INFO  o.a.c.i.engine.AbstractCamelContext 3058 - Apache Camel 3.19.0 (camel-5) is starting
2023-02-17 13:23:55,694 [http-nio-8080-exec-5] INFO  o.a.c.i.engine.AbstractCamelContext 3220 - Routes startup (started:1)
2023-02-17 13:23:55,694 [http-nio-8080-exec-5] INFO  o.a.c.i.engine.AbstractCamelContext 3225 -     Started route4 (timer://foo)
2023-02-17 13:23:55,694 [http-nio-8080-exec-5] INFO  o.a.c.i.engine.AbstractCamelContext 3249 - Apache Camel 3.19.0 (camel-5) started in 13ms (build:4ms init:8ms start:1ms)
2023-02-17 13:24:00,708 [http-nio-8080-exec-5] INFO  o.a.c.i.engine.AbstractCamelContext 3454 - Apache Camel 3.19.0 (camel-5) is shutting down (timeout:45s)
2023-02-17 13:24:00,709 [http-nio-8080-exec-5] INFO  o.a.c.i.engine.AbstractCamelContext 166 - Routes stopped (stopped:1)
2023-02-17 13:24:00,709 [http-nio-8080-exec-5] INFO  o.a.c.i.engine.AbstractCamelContext 166 -     Stopped route4 (timer://foo)
2023-02-17 13:24:00,710 [http-nio-8080-exec-5] INFO  o.a.c.i.engine.AbstractCamelContext 3593 - Apache Camel 3.19.0 (camel-5) shutdown in 1ms (uptime:5s)
2023-02-17 13:24:04,284 [http-nio-8080-exec-2] INFO  o.a.c.i.engine.AbstractCamelContext 3058 - Apache Camel 3.19.0 (camel-6) is starting
2023-02-17 13:24:04,285 [http-nio-8080-exec-2] INFO  o.a.c.i.engine.AbstractCamelContext 3220 - Routes startup (started:1)
2023-02-17 13:24:04,285 [http-nio-8080-exec-2] INFO  o.a.c.i.engine.AbstractCamelContext 3225 -     Started route5 (timer://foo)
2023-02-17 13:24:04,285 [http-nio-8080-exec-2] INFO  o.a.c.i.engine.AbstractCamelContext 3249 - Apache Camel 3.19.0 (camel-6) started in 9ms (build:2ms init:7ms start:0ms)
2023-02-17 13:24:09,294 [http-nio-8080-exec-2] INFO  o.a.c.i.engine.AbstractCamelContext 3454 - Apache Camel 3.19.0 (camel-6) is shutting down (timeout:45s)
2023-02-17 13:24:09,295 [http-nio-8080-exec-2] INFO  o.a.c.i.engine.AbstractCamelContext 166 - Routes stopped (stopped:1)
2023-02-17 13:24:09,295 [http-nio-8080-exec-2] INFO  o.a.c.i.engine.AbstractCamelContext 166 -     Stopped route5 (timer://foo)
2023-02-17 13:24:09,296 [http-nio-8080-exec-2] INFO  o.a.c.i.engine.AbstractCamelContext 3593 - Apache Camel 3.19.0 (camel-6) shutdown in 1ms (uptime:5s)
2023-02-17 13:24:24,788 [SpringApplicationShutdownHook] INFO  o.a.c.i.engine.AbstractCamelContext 3454 - Apache Camel 3.19.0 (camel-1) is shutting down (timeout:45s)
2023-02-17 13:24:24,788 [SpringApplicationShutdownHook] INFO  o.a.c.i.engine.AbstractCamelContext 166 - Routes stopped (stopped:0)
2023-02-17 13:24:24,788 [SpringApplicationShutdownHook] INFO  o.a.c.i.engine.AbstractCamelContext 3593 - Apache Camel 3.19.0 (camel-1) shutdown in 0ms (uptime:10m4s)
