2022-12-09 09:22:40,437 [restartedMain] INFO  c.e.fhir_etl_test.FhirEtlApplication 55 - Starting FhirEtlApplication using Java 17.0.5 on June4693-450G7 with PID 39904 (C:\Users\june.wu\Documents\GitHub\cameldemo1123_multifn\spring1124_multifn\fhir_etl_test\target\classes started by June.Wu in C:\Users\june.wu\Documents\GitHub\cameldemo1123_multifn\spring1124_multifn\fhir_etl_test)
2022-12-09 09:22:40,442 [restartedMain] INFO  c.e.fhir_etl_test.FhirEtlApplication 631 - No active profile set, falling back to 1 default profile: "default"
2022-12-09 09:22:40,484 [restartedMain] INFO  o.s.b.d.restart.ChangeableUrls 255 - The Class-Path manifest attribute in C:\Users\june.wu\.m2\repository\com\sun\xml\bind\jaxb-core\2.3.0\jaxb-core-2.3.0.jar referenced one or more files that do not exist: file:/C:/Users/june.wu/.m2/repository/com/sun/xml/bind/jaxb-core/2.3.0/jaxb-api.jar
2022-12-09 09:22:40,484 [restartedMain] INFO  o.s.b.d.e.DevToolsPropertyDefaultsPostProcessor 255 - Devtools property defaults active! Set 'spring.devtools.add-properties' to 'false' to disable
2022-12-09 09:22:40,485 [restartedMain] INFO  o.s.b.d.e.DevToolsPropertyDefaultsPostProcessor 255 - For additional web related logging consider setting the 'logging.level.web' property to 'DEBUG'
2022-12-09 09:22:41,608 [restartedMain] INFO  o.s.b.w.e.tomcat.TomcatWebServer 108 - Tomcat initialized with port(s): 8080 (http)
2022-12-09 09:22:41,617 [restartedMain] INFO  o.a.coyote.http11.Http11NioProtocol 173 - Initializing ProtocolHandler ["http-nio-8080"]
2022-12-09 09:22:41,617 [restartedMain] INFO  o.a.catalina.core.StandardService 173 - Starting service [Tomcat]
2022-12-09 09:22:41,617 [restartedMain] INFO  o.a.catalina.core.StandardEngine 173 - Starting Servlet engine: [Apache Tomcat/9.0.69]
2022-12-09 09:22:41,708 [restartedMain] INFO  o.a.c.c.C.[Tomcat].[localhost].[/] 173 - Initializing Spring embedded WebApplicationContext
2022-12-09 09:22:41,708 [restartedMain] INFO  o.s.b.w.s.c.ServletWebServerApplicationContext 292 - Root WebApplicationContext: initialization completed in 1223 ms
2022-12-09 09:22:41,982 [restartedMain] INFO  o.s.b.a.w.s.WelcomePageHandlerMapping 57 - Adding welcome page template: index
2022-12-09 09:22:42,332 [restartedMain] INFO  o.s.b.d.a.OptionalLiveReloadServer 59 - LiveReload server is running on port 35729
2022-12-09 09:22:42,373 [restartedMain] INFO  o.a.coyote.http11.Http11NioProtocol 173 - Starting ProtocolHandler ["http-nio-8080"]
2022-12-09 09:22:42,397 [restartedMain] INFO  o.s.b.w.e.tomcat.TomcatWebServer 220 - Tomcat started on port(s): 8080 (http) with context path ''
2022-12-09 09:22:42,446 [http-nio-8080-exec-1] INFO  o.a.tomcat.util.http.parser.Cookie 173 - A cookie header was received [fhirconfigdata={"indatas":[],"outdatas":[],"convert":[]}] that contained an invalid cookie. That cookie will be ignored.
 Note: further occurrences of this error will be logged at DEBUG level.
2022-12-09 09:22:42,448 [restartedMain] INFO  o.a.c.i.engine.AbstractCamelContext 3058 - Apache Camel 3.19.0 (camel-2) is starting
2022-12-09 09:22:42,453 [http-nio-8080-exec-1] INFO  o.a.c.c.C.[Tomcat].[localhost].[/] 173 - Initializing Spring DispatcherServlet 'dispatcherServlet'
2022-12-09 09:22:42,454 [http-nio-8080-exec-1] INFO  o.s.web.servlet.DispatcherServlet 525 - Initializing Servlet 'dispatcherServlet'
2022-12-09 09:22:42,454 [restartedMain] INFO  o.a.c.i.engine.AbstractCamelContext 3220 - Routes startup (started:0)
2022-12-09 09:22:42,454 [restartedMain] INFO  o.a.c.i.engine.AbstractCamelContext 3249 - Apache Camel 3.19.0 (camel-2) started in 49ms (build:8ms init:37ms start:4ms)
2022-12-09 09:22:42,455 [http-nio-8080-exec-1] INFO  o.s.web.servlet.DispatcherServlet 547 - Completed initialization in 1 ms
2022-12-09 09:22:42,458 [restartedMain] INFO  c.e.fhir_etl_test.FhirEtlApplication 61 - Started FhirEtlApplication in 2.417 seconds (JVM running for 2.84)
2022-12-09 10:32:07,276 [SpringApplicationShutdownHook] INFO  o.a.c.i.engine.AbstractCamelContext 3454 - Apache Camel 3.19.0 (camel-2) is shutting down (timeout:45s)
2022-12-09 10:32:07,276 [SpringApplicationShutdownHook] INFO  o.a.c.i.engine.AbstractCamelContext 166 - Routes stopped (stopped:0)
2022-12-09 10:32:07,290 [SpringApplicationShutdownHook] INFO  o.a.c.i.engine.AbstractCamelContext 3593 - Apache Camel 3.19.0 (camel-2) shutdown in 13ms (uptime:1h9m)
2022-12-09 16:52:42,472 [restartedMain] INFO  c.e.fhir_etl_test.FhirEtlApplication 55 - Starting FhirEtlApplication using Java 17.0.5 on June4693-450G7 with PID 35032 (C:\Users\june.wu\Documents\GitHub\cameldemo1123_multifn\spring1124_multifn\fhir_etl_test\target\classes started by June.Wu in C:\Users\june.wu\Documents\GitHub\cameldemo1123_multifn\spring1124_multifn\fhir_etl_test)
2022-12-09 16:52:42,477 [restartedMain] INFO  c.e.fhir_etl_test.FhirEtlApplication 631 - No active profile set, falling back to 1 default profile: "default"
2022-12-09 16:52:42,642 [restartedMain] INFO  o.s.b.d.restart.ChangeableUrls 255 - The Class-Path manifest attribute in C:\Users\june.wu\.m2\repository\com\sun\xml\bind\jaxb-core\2.3.0\jaxb-core-2.3.0.jar referenced one or more files that do not exist: file:/C:/Users/june.wu/.m2/repository/com/sun/xml/bind/jaxb-core/2.3.0/jaxb-api.jar
2022-12-09 16:52:42,642 [restartedMain] INFO  o.s.b.d.e.DevToolsPropertyDefaultsPostProcessor 255 - Devtools property defaults active! Set 'spring.devtools.add-properties' to 'false' to disable
2022-12-09 16:52:42,643 [restartedMain] INFO  o.s.b.d.e.DevToolsPropertyDefaultsPostProcessor 255 - For additional web related logging consider setting the 'logging.level.web' property to 'DEBUG'
2022-12-09 16:52:45,867 [restartedMain] INFO  o.s.b.w.e.tomcat.TomcatWebServer 108 - Tomcat initialized with port(s): 8080 (http)
2022-12-09 16:52:45,882 [restartedMain] INFO  o.a.coyote.http11.Http11NioProtocol 173 - Initializing ProtocolHandler ["http-nio-8080"]
2022-12-09 16:52:45,882 [restartedMain] INFO  o.a.catalina.core.StandardService 173 - Starting service [Tomcat]
2022-12-09 16:52:45,883 [restartedMain] INFO  o.a.catalina.core.StandardEngine 173 - Starting Servlet engine: [Apache Tomcat/9.0.69]
2022-12-09 16:52:46,114 [restartedMain] INFO  o.a.c.c.C.[Tomcat].[localhost].[/] 173 - Initializing Spring embedded WebApplicationContext
2022-12-09 16:52:46,114 [restartedMain] INFO  o.s.b.w.s.c.ServletWebServerApplicationContext 292 - Root WebApplicationContext: initialization completed in 3470 ms
2022-12-09 16:52:46,651 [restartedMain] INFO  o.s.b.a.w.s.WelcomePageHandlerMapping 57 - Adding welcome page template: index
2022-12-09 16:52:47,357 [restartedMain] INFO  o.s.b.d.a.OptionalLiveReloadServer 59 - LiveReload server is running on port 35729
2022-12-09 16:52:47,437 [restartedMain] INFO  o.a.coyote.http11.Http11NioProtocol 173 - Starting ProtocolHandler ["http-nio-8080"]
2022-12-09 16:52:47,465 [restartedMain] INFO  o.s.b.w.e.tomcat.TomcatWebServer 220 - Tomcat started on port(s): 8080 (http) with context path ''
2022-12-09 16:52:47,555 [restartedMain] INFO  o.a.c.i.engine.AbstractCamelContext 3058 - Apache Camel 3.19.0 (camel-2) is starting
2022-12-09 16:52:47,565 [restartedMain] INFO  o.a.c.i.engine.AbstractCamelContext 3220 - Routes startup (started:0)
2022-12-09 16:52:47,567 [restartedMain] INFO  o.a.c.i.engine.AbstractCamelContext 3249 - Apache Camel 3.19.0 (camel-2) started in 105ms (build:24ms init:72ms start:9ms)
2022-12-09 16:52:47,577 [restartedMain] INFO  c.e.fhir_etl_test.FhirEtlApplication 61 - Started FhirEtlApplication in 6.112 seconds (JVM running for 7.364)
2022-12-09 16:52:48,171 [http-nio-8080-exec-1] INFO  o.a.c.c.C.[Tomcat].[localhost].[/] 173 - Initializing Spring DispatcherServlet 'dispatcherServlet'
2022-12-09 16:52:48,173 [http-nio-8080-exec-1] INFO  o.s.web.servlet.DispatcherServlet 525 - Initializing Servlet 'dispatcherServlet'
2022-12-09 16:52:48,175 [http-nio-8080-exec-1] INFO  o.s.web.servlet.DispatcherServlet 547 - Completed initialization in 2 ms
2022-12-09 16:55:10,854 [http-nio-8080-exec-5] INFO  o.a.c.i.engine.AbstractCamelContext 3058 - Apache Camel 3.19.0 (camel-3) is starting
2022-12-09 16:55:10,863 [http-nio-8080-exec-5] INFO  o.a.c.i.engine.AbstractCamelContext 3220 - Routes startup (started:1)
2022-12-09 16:55:10,864 [http-nio-8080-exec-5] INFO  o.a.c.i.engine.AbstractCamelContext 3225 -     Started route1 (timer://foo)
2022-12-09 16:55:10,864 [http-nio-8080-exec-5] INFO  o.a.c.i.engine.AbstractCamelContext 3249 - Apache Camel 3.19.0 (camel-3) started in 98ms (build:3ms init:86ms start:9ms)
2022-12-09 16:55:15,865 [http-nio-8080-exec-5] INFO  o.a.c.i.engine.AbstractCamelContext 3454 - Apache Camel 3.19.0 (camel-3) is shutting down (timeout:45s)
2022-12-09 16:55:15,870 [http-nio-8080-exec-5] INFO  o.a.c.i.engine.AbstractCamelContext 166 - Routes stopped (stopped:1)
2022-12-09 16:55:15,871 [http-nio-8080-exec-5] INFO  o.a.c.i.engine.AbstractCamelContext 166 -     Stopped route1 (timer://foo)
2022-12-09 16:55:15,872 [http-nio-8080-exec-5] INFO  o.a.c.i.engine.AbstractCamelContext 3593 - Apache Camel 3.19.0 (camel-3) shutdown in 6ms (uptime:5s)
2022-12-09 16:55:20,062 [http-nio-8080-exec-8] INFO  o.a.c.i.engine.AbstractCamelContext 3058 - Apache Camel 3.19.0 (camel-4) is starting
2022-12-09 16:55:20,063 [http-nio-8080-exec-8] INFO  o.a.c.i.engine.AbstractCamelContext 3220 - Routes startup (started:1)
2022-12-09 16:55:20,063 [http-nio-8080-exec-8] INFO  o.a.c.i.engine.AbstractCamelContext 3225 -     Started route2 (timer://foo)
2022-12-09 16:55:20,063 [http-nio-8080-exec-8] INFO  o.a.c.i.engine.AbstractCamelContext 3249 - Apache Camel 3.19.0 (camel-4) started in 11ms (build:2ms init:9ms start:0ms)
2022-12-09 16:55:25,068 [http-nio-8080-exec-8] INFO  o.a.c.i.engine.AbstractCamelContext 3454 - Apache Camel 3.19.0 (camel-4) is shutting down (timeout:45s)
2022-12-09 16:55:25,069 [http-nio-8080-exec-8] INFO  o.a.c.i.engine.AbstractCamelContext 166 - Routes stopped (stopped:1)
2022-12-09 16:55:25,069 [http-nio-8080-exec-8] INFO  o.a.c.i.engine.AbstractCamelContext 166 -     Stopped route2 (timer://foo)
2022-12-09 16:55:25,069 [http-nio-8080-exec-8] INFO  o.a.c.i.engine.AbstractCamelContext 3593 - Apache Camel 3.19.0 (camel-4) shutdown in 1ms (uptime:5s)
2022-12-09 16:55:27,792 [http-nio-8080-exec-10] INFO  o.a.c.i.engine.AbstractCamelContext 3058 - Apache Camel 3.19.0 (camel-5) is starting
2022-12-09 16:55:27,793 [http-nio-8080-exec-10] INFO  o.a.c.i.engine.AbstractCamelContext 3220 - Routes startup (started:1)
2022-12-09 16:55:27,793 [http-nio-8080-exec-10] INFO  o.a.c.i.engine.AbstractCamelContext 3225 -     Started route3 (timer://foo)
2022-12-09 16:55:27,793 [http-nio-8080-exec-10] INFO  o.a.c.i.engine.AbstractCamelContext 3249 - Apache Camel 3.19.0 (camel-5) started in 10ms (build:3ms init:7ms start:0ms)
2022-12-09 16:55:32,795 [http-nio-8080-exec-10] INFO  o.a.c.i.engine.AbstractCamelContext 3454 - Apache Camel 3.19.0 (camel-5) is shutting down (timeout:45s)
2022-12-09 16:55:32,796 [http-nio-8080-exec-10] INFO  o.a.c.i.engine.AbstractCamelContext 166 - Routes stopped (stopped:1)
2022-12-09 16:55:32,796 [http-nio-8080-exec-10] INFO  o.a.c.i.engine.AbstractCamelContext 166 -     Stopped route3 (timer://foo)
2022-12-09 16:55:32,796 [http-nio-8080-exec-10] INFO  o.a.c.i.engine.AbstractCamelContext 3593 - Apache Camel 3.19.0 (camel-5) shutdown in 1ms (uptime:5s)
2022-12-09 16:55:41,977 [http-nio-8080-exec-1] INFO  o.a.c.i.engine.AbstractCamelContext 3058 - Apache Camel 3.19.0 (camel-6) is starting
2022-12-09 16:55:41,977 [http-nio-8080-exec-1] INFO  o.a.c.i.engine.AbstractCamelContext 3220 - Routes startup (started:1)
2022-12-09 16:55:41,978 [http-nio-8080-exec-1] INFO  o.a.c.i.engine.AbstractCamelContext 3225 -     Started route4 (timer://foo)
2022-12-09 16:55:41,978 [http-nio-8080-exec-1] INFO  o.a.c.i.engine.AbstractCamelContext 3249 - Apache Camel 3.19.0 (camel-6) started in 9ms (build:2ms init:7ms start:0ms)
2022-12-09 16:55:46,980 [http-nio-8080-exec-1] INFO  o.a.c.i.engine.AbstractCamelContext 3454 - Apache Camel 3.19.0 (camel-6) is shutting down (timeout:45s)
2022-12-09 16:55:46,981 [http-nio-8080-exec-1] INFO  o.a.c.i.engine.AbstractCamelContext 166 - Routes stopped (stopped:1)
2022-12-09 16:55:46,981 [http-nio-8080-exec-1] INFO  o.a.c.i.engine.AbstractCamelContext 166 -     Stopped route4 (timer://foo)
2022-12-09 16:55:46,981 [http-nio-8080-exec-1] INFO  o.a.c.i.engine.AbstractCamelContext 3593 - Apache Camel 3.19.0 (camel-6) shutdown in 1ms (uptime:5s)
2022-12-09 16:55:59,825 [http-nio-8080-exec-4] INFO  o.a.c.i.engine.AbstractCamelContext 3058 - Apache Camel 3.19.0 (camel-7) is starting
2022-12-09 16:55:59,826 [http-nio-8080-exec-4] INFO  o.a.c.i.engine.AbstractCamelContext 3220 - Routes startup (started:1)
2022-12-09 16:55:59,826 [http-nio-8080-exec-4] INFO  o.a.c.i.engine.AbstractCamelContext 3225 -     Started route5 (timer://foo)
2022-12-09 16:55:59,826 [http-nio-8080-exec-4] INFO  o.a.c.i.engine.AbstractCamelContext 3249 - Apache Camel 3.19.0 (camel-7) started in 9ms (build:2ms init:7ms start:0ms)
2022-12-09 16:56:04,829 [http-nio-8080-exec-4] INFO  o.a.c.i.engine.AbstractCamelContext 3454 - Apache Camel 3.19.0 (camel-7) is shutting down (timeout:45s)
2022-12-09 16:56:04,830 [http-nio-8080-exec-4] INFO  o.a.c.i.engine.AbstractCamelContext 166 - Routes stopped (stopped:1)
2022-12-09 16:56:04,830 [http-nio-8080-exec-4] INFO  o.a.c.i.engine.AbstractCamelContext 166 -     Stopped route5 (timer://foo)
2022-12-09 16:56:04,830 [http-nio-8080-exec-4] INFO  o.a.c.i.engine.AbstractCamelContext 3593 - Apache Camel 3.19.0 (camel-7) shutdown in 1ms (uptime:5s)
2022-12-09 16:56:07,438 [http-nio-8080-exec-5] INFO  o.a.c.i.engine.AbstractCamelContext 3058 - Apache Camel 3.19.0 (camel-8) is starting
2022-12-09 16:56:07,439 [http-nio-8080-exec-5] INFO  o.a.c.i.engine.AbstractCamelContext 3220 - Routes startup (started:1)
2022-12-09 16:56:07,440 [http-nio-8080-exec-5] INFO  o.a.c.i.engine.AbstractCamelContext 3225 -     Started route6 (timer://foo)
2022-12-09 16:56:07,440 [http-nio-8080-exec-5] INFO  o.a.c.i.engine.AbstractCamelContext 3249 - Apache Camel 3.19.0 (camel-8) started in 10ms (build:2ms init:7ms start:1ms)
2022-12-09 16:56:12,450 [http-nio-8080-exec-5] INFO  o.a.c.i.engine.AbstractCamelContext 3454 - Apache Camel 3.19.0 (camel-8) is shutting down (timeout:45s)
2022-12-09 16:56:12,451 [http-nio-8080-exec-5] INFO  o.a.c.i.engine.AbstractCamelContext 166 - Routes stopped (stopped:1)
2022-12-09 16:56:12,451 [http-nio-8080-exec-5] INFO  o.a.c.i.engine.AbstractCamelContext 166 -     Stopped route6 (timer://foo)
2022-12-09 16:56:12,451 [http-nio-8080-exec-5] INFO  o.a.c.i.engine.AbstractCamelContext 3593 - Apache Camel 3.19.0 (camel-8) shutdown in 1ms (uptime:5s)
