2023-02-14 16:13:09,900 [restartedMain] INFO  c.e.fhir_etl_test.FhirEtlApplication 55 - Starting FhirEtlApplication using Java 17.0.5 on June4693-450G7 with PID 15736 (C:\Users\june.wu\Desktop\projects\FHIR\fhir_integration\target\classes started by June.Wu in C:\Users\june.wu\Desktop\projects\FHIR\fhir_integration)
2023-02-14 16:13:09,907 [restartedMain] INFO  c.e.fhir_etl_test.FhirEtlApplication 631 - No active profile set, falling back to 1 default profile: "default"
2023-02-14 16:13:09,970 [restartedMain] INFO  o.s.b.d.restart.ChangeableUrls 255 - The Class-Path manifest attribute in C:\Users\june.wu\.m2\repository\com\sun\xml\bind\jaxb-core\2.3.0\jaxb-core-2.3.0.jar referenced one or more files that do not exist: file:/C:/Users/june.wu/.m2/repository/com/sun/xml/bind/jaxb-core/2.3.0/jaxb-api.jar
2023-02-14 16:13:09,971 [restartedMain] INFO  o.s.b.d.e.DevToolsPropertyDefaultsPostProcessor 255 - Devtools property defaults active! Set 'spring.devtools.add-properties' to 'false' to disable
2023-02-14 16:13:09,971 [restartedMain] INFO  o.s.b.d.e.DevToolsPropertyDefaultsPostProcessor 255 - For additional web related logging consider setting the 'logging.level.web' property to 'DEBUG'
2023-02-14 16:13:11,901 [restartedMain] INFO  o.s.b.w.e.tomcat.TomcatWebServer 108 - Tomcat initialized with port(s): 8080 (http)
2023-02-14 16:13:11,914 [restartedMain] INFO  o.a.coyote.http11.Http11NioProtocol 173 - Initializing ProtocolHandler ["http-nio-8080"]
2023-02-14 16:13:11,914 [restartedMain] INFO  o.a.catalina.core.StandardService 173 - Starting service [Tomcat]
2023-02-14 16:13:11,915 [restartedMain] INFO  o.a.catalina.core.StandardEngine 173 - Starting Servlet engine: [Apache Tomcat/9.0.69]
2023-02-14 16:13:12,049 [restartedMain] INFO  o.a.c.c.C.[Tomcat].[localhost].[/] 173 - Initializing Spring embedded WebApplicationContext
2023-02-14 16:13:12,049 [restartedMain] INFO  o.s.b.w.s.c.ServletWebServerApplicationContext 292 - Root WebApplicationContext: initialization completed in 2077 ms
2023-02-14 16:13:12,444 [restartedMain] INFO  o.s.b.a.w.s.WelcomePageHandlerMapping 53 - Adding welcome page: class path resource [templates/index.html]
2023-02-14 16:13:12,934 [restartedMain] INFO  o.s.b.d.a.OptionalLiveReloadServer 59 - LiveReload server is running on port 35729
2023-02-14 16:13:12,983 [restartedMain] INFO  o.a.coyote.http11.Http11NioProtocol 173 - Starting ProtocolHandler ["http-nio-8080"]
2023-02-14 16:13:13,009 [restartedMain] INFO  o.s.b.w.e.tomcat.TomcatWebServer 220 - Tomcat started on port(s): 8080 (http) with context path ''
2023-02-14 16:13:13,069 [restartedMain] INFO  o.a.c.i.engine.AbstractCamelContext 3058 - Apache Camel 3.19.0 (camel-2) is starting
2023-02-14 16:13:13,075 [restartedMain] INFO  o.a.c.i.engine.AbstractCamelContext 3220 - Routes startup (started:0)
2023-02-14 16:13:13,075 [restartedMain] INFO  o.a.c.i.engine.AbstractCamelContext 3249 - Apache Camel 3.19.0 (camel-2) started in 61ms (build:12ms init:45ms start:4ms)
2023-02-14 16:13:13,081 [restartedMain] INFO  c.e.fhir_etl_test.FhirEtlApplication 61 - Started FhirEtlApplication in 3.724 seconds (JVM running for 4.439)
2023-02-14 16:13:13,362 [http-nio-8080-exec-1] INFO  o.a.c.c.C.[Tomcat].[localhost].[/] 173 - Initializing Spring DispatcherServlet 'dispatcherServlet'
2023-02-14 16:13:13,363 [http-nio-8080-exec-1] INFO  o.s.web.servlet.DispatcherServlet 525 - Initializing Servlet 'dispatcherServlet'
2023-02-14 16:13:13,364 [http-nio-8080-exec-1] INFO  o.s.web.servlet.DispatcherServlet 547 - Completed initialization in 1 ms
2023-02-14 16:13:17,602 [SpringApplicationShutdownHook] INFO  o.a.c.i.engine.AbstractCamelContext 3454 - Apache Camel 3.19.0 (camel-2) is shutting down (timeout:45s)
2023-02-14 16:13:17,603 [SpringApplicationShutdownHook] INFO  o.a.c.i.engine.AbstractCamelContext 166 - Routes stopped (stopped:0)
2023-02-14 16:13:17,605 [SpringApplicationShutdownHook] INFO  o.a.c.i.engine.AbstractCamelContext 3593 - Apache Camel 3.19.0 (camel-2) shutdown in 2ms (uptime:4s)
2023-02-14 16:50:02,136 [restartedMain] INFO  c.e.fhir_etl_test.FhirEtlApplication 55 - Starting FhirEtlApplication using Java 17.0.5 on June4693-450G7 with PID 27864 (C:\Users\june.wu\Desktop\projects\FHIR\fhir_integration\target\classes started by June.Wu in C:\Users\june.wu\Desktop\projects\FHIR\fhir_integration)
2023-02-14 16:50:02,138 [restartedMain] INFO  c.e.fhir_etl_test.FhirEtlApplication 631 - No active profile set, falling back to 1 default profile: "default"
2023-02-14 16:50:02,186 [restartedMain] INFO  o.s.b.d.restart.ChangeableUrls 255 - The Class-Path manifest attribute in C:\Users\june.wu\.m2\repository\com\sun\xml\bind\jaxb-core\2.3.0\jaxb-core-2.3.0.jar referenced one or more files that do not exist: file:/C:/Users/june.wu/.m2/repository/com/sun/xml/bind/jaxb-core/2.3.0/jaxb-api.jar
2023-02-14 16:50:02,186 [restartedMain] INFO  o.s.b.d.e.DevToolsPropertyDefaultsPostProcessor 255 - Devtools property defaults active! Set 'spring.devtools.add-properties' to 'false' to disable
2023-02-14 16:50:02,187 [restartedMain] INFO  o.s.b.d.e.DevToolsPropertyDefaultsPostProcessor 255 - For additional web related logging consider setting the 'logging.level.web' property to 'DEBUG'
2023-02-14 16:50:04,687 [restartedMain] INFO  o.s.b.w.e.tomcat.TomcatWebServer 108 - Tomcat initialized with port(s): 8080 (http)
2023-02-14 16:50:04,702 [restartedMain] INFO  o.a.coyote.http11.Http11NioProtocol 173 - Initializing ProtocolHandler ["http-nio-8080"]
2023-02-14 16:50:04,702 [restartedMain] INFO  o.a.catalina.core.StandardService 173 - Starting service [Tomcat]
2023-02-14 16:50:04,702 [restartedMain] INFO  o.a.catalina.core.StandardEngine 173 - Starting Servlet engine: [Apache Tomcat/9.0.69]
2023-02-14 16:50:04,932 [restartedMain] INFO  o.a.c.c.C.[Tomcat].[localhost].[/] 173 - Initializing Spring embedded WebApplicationContext
2023-02-14 16:50:04,932 [restartedMain] INFO  o.s.b.w.s.c.ServletWebServerApplicationContext 292 - Root WebApplicationContext: initialization completed in 2745 ms
2023-02-14 16:50:05,491 [restartedMain] INFO  o.s.b.a.w.s.WelcomePageHandlerMapping 53 - Adding welcome page: class path resource [templates/index.html]
2023-02-14 16:50:05,933 [restartedMain] INFO  o.s.b.d.a.OptionalLiveReloadServer 59 - LiveReload server is running on port 35729
2023-02-14 16:50:05,979 [restartedMain] INFO  o.a.coyote.http11.Http11NioProtocol 173 - Starting ProtocolHandler ["http-nio-8080"]
2023-02-14 16:50:06,004 [restartedMain] INFO  o.s.b.w.e.tomcat.TomcatWebServer 220 - Tomcat started on port(s): 8080 (http) with context path ''
2023-02-14 16:50:06,064 [restartedMain] INFO  o.a.c.i.engine.AbstractCamelContext 3058 - Apache Camel 3.19.0 (camel-2) is starting
2023-02-14 16:50:06,069 [restartedMain] INFO  o.a.c.i.engine.AbstractCamelContext 3220 - Routes startup (started:0)
2023-02-14 16:50:06,069 [restartedMain] INFO  o.a.c.i.engine.AbstractCamelContext 3249 - Apache Camel 3.19.0 (camel-2) started in 62ms (build:13ms init:45ms start:4ms)
2023-02-14 16:50:06,075 [restartedMain] INFO  c.e.fhir_etl_test.FhirEtlApplication 61 - Started FhirEtlApplication in 4.332 seconds (JVM running for 4.822)
2023-02-14 16:50:06,170 [http-nio-8080-exec-1] INFO  o.a.c.c.C.[Tomcat].[localhost].[/] 173 - Initializing Spring DispatcherServlet 'dispatcherServlet'
2023-02-14 16:50:06,170 [http-nio-8080-exec-1] INFO  o.s.web.servlet.DispatcherServlet 525 - Initializing Servlet 'dispatcherServlet'
2023-02-14 16:50:06,171 [http-nio-8080-exec-1] INFO  o.s.web.servlet.DispatcherServlet 547 - Completed initialization in 1 ms
2023-02-14 16:50:32,249 [File Watcher] INFO  o.s.b.d.a.LocalDevToolsAutoConfiguration$RestartingClassPathChangeChangedEventListener 213 - Restarting due to 1 class path change (0 additions, 0 deletions, 1 modification)
2023-02-14 16:50:32,251 [Thread-5] INFO  o.a.c.i.engine.AbstractCamelContext 3454 - Apache Camel 3.19.0 (camel-2) is shutting down (timeout:45s)
2023-02-14 16:50:32,252 [Thread-5] INFO  o.a.c.i.engine.AbstractCamelContext 166 - Routes stopped (stopped:0)
2023-02-14 16:50:32,254 [Thread-5] INFO  o.a.c.i.engine.AbstractCamelContext 3593 - Apache Camel 3.19.0 (camel-2) shutdown in 2ms (uptime:26s)
2023-02-14 16:50:32,266 [Thread-5] INFO  o.a.coyote.http11.Http11NioProtocol 173 - Pausing ProtocolHandler ["http-nio-8080"]
2023-02-14 16:50:32,267 [Thread-5] INFO  o.a.catalina.core.StandardService 173 - Stopping service [Tomcat]
2023-02-14 16:50:32,268 [Thread-5] INFO  o.a.c.c.C.[Tomcat].[localhost].[/] 173 - Destroying Spring FrameworkServlet 'dispatcherServlet'
2023-02-14 16:50:32,292 [Thread-5] INFO  o.a.coyote.http11.Http11NioProtocol 173 - Stopping ProtocolHandler ["http-nio-8080"]
2023-02-14 16:50:32,294 [Thread-5] INFO  o.a.coyote.http11.Http11NioProtocol 173 - Destroying ProtocolHandler ["http-nio-8080"]
2023-02-14 16:50:32,389 [restartedMain] INFO  c.e.fhir_etl_test.FhirEtlApplication 55 - Starting FhirEtlApplication using Java 17.0.5 on June4693-450G7 with PID 27864 (C:\Users\june.wu\Desktop\projects\FHIR\fhir_integration\target\classes started by June.Wu in C:\Users\june.wu\Desktop\projects\FHIR\fhir_integration)
2023-02-14 16:50:32,390 [restartedMain] INFO  c.e.fhir_etl_test.FhirEtlApplication 631 - No active profile set, falling back to 1 default profile: "default"
2023-02-14 16:50:32,646 [restartedMain] INFO  o.s.b.w.e.tomcat.TomcatWebServer 108 - Tomcat initialized with port(s): 8080 (http)
2023-02-14 16:50:32,647 [restartedMain] INFO  o.a.coyote.http11.Http11NioProtocol 173 - Initializing ProtocolHandler ["http-nio-8080"]
2023-02-14 16:50:32,647 [restartedMain] INFO  o.a.catalina.core.StandardService 173 - Starting service [Tomcat]
2023-02-14 16:50:32,647 [restartedMain] INFO  o.a.catalina.core.StandardEngine 173 - Starting Servlet engine: [Apache Tomcat/9.0.69]
2023-02-14 16:50:32,670 [restartedMain] INFO  o.a.c.c.C.[Tomcat].[localhost].[/] 173 - Initializing Spring embedded WebApplicationContext
2023-02-14 16:50:32,670 [restartedMain] INFO  o.s.b.w.s.c.ServletWebServerApplicationContext 292 - Root WebApplicationContext: initialization completed in 278 ms
2023-02-14 16:50:32,710 [restartedMain] INFO  o.s.b.a.w.s.WelcomePageHandlerMapping 57 - Adding welcome page template: index
2023-02-14 16:50:32,867 [restartedMain] INFO  o.s.b.d.a.OptionalLiveReloadServer 59 - LiveReload server is running on port 35729
2023-02-14 16:50:32,896 [restartedMain] INFO  o.a.coyote.http11.Http11NioProtocol 173 - Starting ProtocolHandler ["http-nio-8080"]
2023-02-14 16:50:32,899 [restartedMain] INFO  o.s.b.w.e.tomcat.TomcatWebServer 220 - Tomcat started on port(s): 8080 (http) with context path ''
2023-02-14 16:50:32,915 [restartedMain] INFO  o.a.c.i.engine.AbstractCamelContext 3058 - Apache Camel 3.19.0 (camel-4) is starting
2023-02-14 16:50:32,916 [restartedMain] INFO  o.a.c.i.engine.AbstractCamelContext 3220 - Routes startup (started:0)
2023-02-14 16:50:32,917 [restartedMain] INFO  o.a.c.i.engine.AbstractCamelContext 3249 - Apache Camel 3.19.0 (camel-4) started in 14ms (build:3ms init:10ms start:1ms)
2023-02-14 16:50:32,918 [restartedMain] INFO  c.e.fhir_etl_test.FhirEtlApplication 61 - Started FhirEtlApplication in 0.56 seconds (JVM running for 31.665)
2023-02-14 16:50:32,920 [restartedMain] INFO  o.s.b.d.a.ConditionEvaluationDeltaLoggingListener 63 - Condition evaluation unchanged
2023-02-14 16:50:33,076 [http-nio-8080-exec-1] INFO  o.a.c.c.C.[Tomcat].[localhost].[/] 173 - Initializing Spring DispatcherServlet 'dispatcherServlet'
2023-02-14 16:50:33,076 [http-nio-8080-exec-1] INFO  o.s.web.servlet.DispatcherServlet 525 - Initializing Servlet 'dispatcherServlet'
2023-02-14 16:50:33,080 [http-nio-8080-exec-1] INFO  o.s.web.servlet.DispatcherServlet 547 - Completed initialization in 4 ms
2023-02-14 16:50:40,273 [http-nio-8080-exec-1] INFO  o.a.c.i.engine.AbstractCamelContext 3058 - Apache Camel 3.19.0 (camel-5) is starting
2023-02-14 16:50:40,282 [http-nio-8080-exec-1] INFO  o.a.c.i.engine.AbstractCamelContext 3220 - Routes startup (started:1)
2023-02-14 16:50:40,283 [http-nio-8080-exec-1] INFO  o.a.c.i.engine.AbstractCamelContext 3225 -     Started route1 (timer://foo)
2023-02-14 16:50:40,283 [http-nio-8080-exec-1] INFO  o.a.c.i.engine.AbstractCamelContext 3249 - Apache Camel 3.19.0 (camel-5) started in 95ms (build:4ms init:82ms start:9ms)
2023-02-14 16:50:45,297 [http-nio-8080-exec-1] INFO  o.a.c.i.engine.AbstractCamelContext 3454 - Apache Camel 3.19.0 (camel-5) is shutting down (timeout:45s)
2023-02-14 16:50:45,301 [http-nio-8080-exec-1] INFO  o.a.c.i.engine.AbstractCamelContext 166 - Routes stopped (stopped:1)
2023-02-14 16:50:45,302 [http-nio-8080-exec-1] INFO  o.a.c.i.engine.AbstractCamelContext 166 -     Stopped route1 (timer://foo)
2023-02-14 16:50:45,302 [http-nio-8080-exec-1] INFO  o.a.c.i.engine.AbstractCamelContext 3593 - Apache Camel 3.19.0 (camel-5) shutdown in 5ms (uptime:5s)
2023-02-14 16:50:52,350 [http-nio-8080-exec-2] INFO  o.a.c.i.engine.AbstractCamelContext 3058 - Apache Camel 3.19.0 (camel-6) is starting
2023-02-14 16:50:52,351 [http-nio-8080-exec-2] INFO  o.a.c.i.engine.AbstractCamelContext 3220 - Routes startup (started:1)
2023-02-14 16:50:52,351 [http-nio-8080-exec-2] INFO  o.a.c.i.engine.AbstractCamelContext 3225 -     Started route2 (timer://foo)
2023-02-14 16:50:52,351 [http-nio-8080-exec-2] INFO  o.a.c.i.engine.AbstractCamelContext 3249 - Apache Camel 3.19.0 (camel-6) started in 20ms (build:8ms init:11ms start:1ms)
2023-02-14 16:50:57,353 [http-nio-8080-exec-2] INFO  o.a.c.i.engine.AbstractCamelContext 3454 - Apache Camel 3.19.0 (camel-6) is shutting down (timeout:45s)
2023-02-14 16:50:57,354 [http-nio-8080-exec-2] INFO  o.a.c.i.engine.AbstractCamelContext 166 - Routes stopped (stopped:1)
2023-02-14 16:50:57,354 [http-nio-8080-exec-2] INFO  o.a.c.i.engine.AbstractCamelContext 166 -     Stopped route2 (timer://foo)
2023-02-14 16:50:57,355 [http-nio-8080-exec-2] INFO  o.a.c.i.engine.AbstractCamelContext 3593 - Apache Camel 3.19.0 (camel-6) shutdown in 1ms (uptime:5s)
2023-02-14 16:51:53,458 [SpringApplicationShutdownHook] INFO  o.a.c.i.engine.AbstractCamelContext 3454 - Apache Camel 3.19.0 (camel-4) is shutting down (timeout:45s)
2023-02-14 16:51:53,459 [SpringApplicationShutdownHook] INFO  o.a.c.i.engine.AbstractCamelContext 166 - Routes stopped (stopped:0)
2023-02-14 16:51:53,460 [SpringApplicationShutdownHook] INFO  o.a.c.i.engine.AbstractCamelContext 3593 - Apache Camel 3.19.0 (camel-4) shutdown in 1ms (uptime:1m20s)
2023-02-14 16:58:04,504 [restartedMain] INFO  c.e.fhir_etl_test.FhirEtlApplication 55 - Starting FhirEtlApplication using Java 17.0.5 on June4693-450G7 with PID 17852 (C:\Users\june.wu\Desktop\projects\FHIR\fhir_integration\target\classes started by June.Wu in C:\Users\june.wu\Desktop\projects\FHIR\fhir_integration)
2023-02-14 16:58:04,505 [restartedMain] INFO  c.e.fhir_etl_test.FhirEtlApplication 631 - No active profile set, falling back to 1 default profile: "default"
2023-02-14 16:58:04,550 [restartedMain] INFO  o.s.b.d.restart.ChangeableUrls 255 - The Class-Path manifest attribute in C:\Users\june.wu\.m2\repository\com\sun\xml\bind\jaxb-core\2.3.0\jaxb-core-2.3.0.jar referenced one or more files that do not exist: file:/C:/Users/june.wu/.m2/repository/com/sun/xml/bind/jaxb-core/2.3.0/jaxb-api.jar
2023-02-14 16:58:04,550 [restartedMain] INFO  o.s.b.d.e.DevToolsPropertyDefaultsPostProcessor 255 - Devtools property defaults active! Set 'spring.devtools.add-properties' to 'false' to disable
2023-02-14 16:58:04,550 [restartedMain] INFO  o.s.b.d.e.DevToolsPropertyDefaultsPostProcessor 255 - For additional web related logging consider setting the 'logging.level.web' property to 'DEBUG'
2023-02-14 16:58:05,877 [restartedMain] INFO  o.s.b.w.e.tomcat.TomcatWebServer 108 - Tomcat initialized with port(s): 8080 (http)
2023-02-14 16:58:05,889 [restartedMain] INFO  o.a.coyote.http11.Http11NioProtocol 173 - Initializing ProtocolHandler ["http-nio-8080"]
2023-02-14 16:58:05,889 [restartedMain] INFO  o.a.catalina.core.StandardService 173 - Starting service [Tomcat]
2023-02-14 16:58:05,889 [restartedMain] INFO  o.a.catalina.core.StandardEngine 173 - Starting Servlet engine: [Apache Tomcat/9.0.69]
2023-02-14 16:58:06,007 [restartedMain] INFO  o.a.c.c.C.[Tomcat].[localhost].[/] 173 - Initializing Spring embedded WebApplicationContext
2023-02-14 16:58:06,007 [restartedMain] INFO  o.s.b.w.s.c.ServletWebServerApplicationContext 292 - Root WebApplicationContext: initialization completed in 1456 ms
2023-02-14 16:58:06,359 [restartedMain] INFO  o.s.b.a.w.s.WelcomePageHandlerMapping 57 - Adding welcome page template: index
2023-02-14 16:58:06,798 [restartedMain] INFO  o.s.b.d.a.OptionalLiveReloadServer 59 - LiveReload server is running on port 35729
2023-02-14 16:58:06,845 [restartedMain] INFO  o.a.coyote.http11.Http11NioProtocol 173 - Starting ProtocolHandler ["http-nio-8080"]
2023-02-14 16:58:06,864 [restartedMain] INFO  o.s.b.w.e.tomcat.TomcatWebServer 220 - Tomcat started on port(s): 8080 (http) with context path ''
2023-02-14 16:58:06,915 [restartedMain] INFO  o.a.c.i.engine.AbstractCamelContext 3058 - Apache Camel 3.19.0 (camel-2) is starting
2023-02-14 16:58:06,921 [restartedMain] INFO  o.a.c.i.engine.AbstractCamelContext 3220 - Routes startup (started:0)
2023-02-14 16:58:06,921 [restartedMain] INFO  o.a.c.i.engine.AbstractCamelContext 3249 - Apache Camel 3.19.0 (camel-2) started in 54ms (build:12ms init:38ms start:4ms)
2023-02-14 16:58:06,927 [restartedMain] INFO  c.e.fhir_etl_test.FhirEtlApplication 61 - Started FhirEtlApplication in 2.781 seconds (JVM running for 3.217)
2023-02-14 16:58:07,052 [http-nio-8080-exec-1] INFO  o.a.c.c.C.[Tomcat].[localhost].[/] 173 - Initializing Spring DispatcherServlet 'dispatcherServlet'
2023-02-14 16:58:07,052 [http-nio-8080-exec-1] INFO  o.s.web.servlet.DispatcherServlet 525 - Initializing Servlet 'dispatcherServlet'
2023-02-14 16:58:07,053 [http-nio-8080-exec-1] INFO  o.s.web.servlet.DispatcherServlet 547 - Completed initialization in 1 ms
2023-02-14 16:59:15,575 [http-nio-8080-exec-8] INFO  o.a.c.i.engine.AbstractCamelContext 3058 - Apache Camel 3.19.0 (camel-3) is starting
2023-02-14 16:59:15,585 [http-nio-8080-exec-8] INFO  o.a.c.i.engine.AbstractCamelContext 3220 - Routes startup (started:1)
2023-02-14 16:59:15,585 [http-nio-8080-exec-8] INFO  o.a.c.i.engine.AbstractCamelContext 3225 -     Started route1 (timer://foo)
2023-02-14 16:59:15,585 [http-nio-8080-exec-8] INFO  o.a.c.i.engine.AbstractCamelContext 3249 - Apache Camel 3.19.0 (camel-3) started in 104ms (build:3ms init:91ms start:10ms)
2023-02-14 16:59:20,593 [http-nio-8080-exec-8] INFO  o.a.c.i.engine.AbstractCamelContext 3454 - Apache Camel 3.19.0 (camel-3) is shutting down (timeout:45s)
2023-02-14 16:59:20,598 [http-nio-8080-exec-8] INFO  o.a.c.i.engine.AbstractCamelContext 166 - Routes stopped (stopped:1)
2023-02-14 16:59:20,598 [http-nio-8080-exec-8] INFO  o.a.c.i.engine.AbstractCamelContext 166 -     Stopped route1 (timer://foo)
2023-02-14 16:59:20,599 [http-nio-8080-exec-8] INFO  o.a.c.i.engine.AbstractCamelContext 3593 - Apache Camel 3.19.0 (camel-3) shutdown in 6ms (uptime:5s)
2023-02-14 16:59:43,729 [http-nio-8080-exec-9] ERROR o.a.c.c.C.[.[.[.[dispatcherServlet] 175 - Servlet.service() for servlet [dispatcherServlet] in context with path [] threw exception [Request processing failed; nested exception is java.lang.NullPointerException: Cannot invoke "com.fasterxml.jackson.databind.JsonNode.asText()" because the return value of "com.fasterxml.jackson.databind.JsonNode.findValue(String)" is null] with root cause
java.lang.NullPointerException: Cannot invoke "com.fasterxml.jackson.databind.JsonNode.asText()" because the return value of "com.fasterxml.jackson.databind.JsonNode.findValue(String)" is null
	at com.example.fhir_etl_test.SearchDbController.getSearchResultViaAjax(SearchDbController.java:56)
	at java.base/jdk.internal.reflect.NativeMethodAccessorImpl.invoke0(Native Method)
	at java.base/jdk.internal.reflect.NativeMethodAccessorImpl.invoke(NativeMethodAccessorImpl.java:77)
	at java.base/jdk.internal.reflect.DelegatingMethodAccessorImpl.invoke(DelegatingMethodAccessorImpl.java:43)
	at java.base/java.lang.reflect.Method.invoke(Method.java:568)
	at org.springframework.web.method.support.InvocableHandlerMethod.doInvoke(InvocableHandlerMethod.java:205)
	at org.springframework.web.method.support.InvocableHandlerMethod.invokeForRequest(InvocableHandlerMethod.java:150)
	at org.springframework.web.servlet.mvc.method.annotation.ServletInvocableHandlerMethod.invokeAndHandle(ServletInvocableHandlerMethod.java:117)
	at org.springframework.web.servlet.mvc.method.annotation.RequestMappingHandlerAdapter.invokeHandlerMethod(RequestMappingHandlerAdapter.java:895)
	at org.springframework.web.servlet.mvc.method.annotation.RequestMappingHandlerAdapter.handleInternal(RequestMappingHandlerAdapter.java:808)
	at org.springframework.web.servlet.mvc.method.AbstractHandlerMethodAdapter.handle(AbstractHandlerMethodAdapter.java:87)
	at org.springframework.web.servlet.DispatcherServlet.doDispatch(DispatcherServlet.java:1071)
	at org.springframework.web.servlet.DispatcherServlet.doService(DispatcherServlet.java:964)
	at org.springframework.web.servlet.FrameworkServlet.processRequest(FrameworkServlet.java:1006)
	at org.springframework.web.servlet.FrameworkServlet.doPost(FrameworkServlet.java:909)
	at javax.servlet.http.HttpServlet.service(HttpServlet.java:696)
	at org.springframework.web.servlet.FrameworkServlet.service(FrameworkServlet.java:883)
	at javax.servlet.http.HttpServlet.service(HttpServlet.java:779)
	at org.apache.catalina.core.ApplicationFilterChain.internalDoFilter(ApplicationFilterChain.java:227)
	at org.apache.catalina.core.ApplicationFilterChain.doFilter(ApplicationFilterChain.java:162)
	at org.apache.tomcat.websocket.server.WsFilter.doFilter(WsFilter.java:53)
	at org.apache.catalina.core.ApplicationFilterChain.internalDoFilter(ApplicationFilterChain.java:189)
	at org.apache.catalina.core.ApplicationFilterChain.doFilter(ApplicationFilterChain.java:162)
	at org.springframework.web.filter.RequestContextFilter.doFilterInternal(RequestContextFilter.java:100)
	at org.springframework.web.filter.OncePerRequestFilter.doFilter(OncePerRequestFilter.java:117)
	at org.apache.catalina.core.ApplicationFilterChain.internalDoFilter(ApplicationFilterChain.java:189)
	at org.apache.catalina.core.ApplicationFilterChain.doFilter(ApplicationFilterChain.java:162)
	at org.springframework.web.filter.FormContentFilter.doFilterInternal(FormContentFilter.java:93)
	at org.springframework.web.filter.OncePerRequestFilter.doFilter(OncePerRequestFilter.java:117)
	at org.apache.catalina.core.ApplicationFilterChain.internalDoFilter(ApplicationFilterChain.java:189)
	at org.apache.catalina.core.ApplicationFilterChain.doFilter(ApplicationFilterChain.java:162)
	at org.springframework.web.filter.CharacterEncodingFilter.doFilterInternal(CharacterEncodingFilter.java:201)
	at org.springframework.web.filter.OncePerRequestFilter.doFilter(OncePerRequestFilter.java:117)
	at org.apache.catalina.core.ApplicationFilterChain.internalDoFilter(ApplicationFilterChain.java:189)
	at org.apache.catalina.core.ApplicationFilterChain.doFilter(ApplicationFilterChain.java:162)
	at org.apache.catalina.core.StandardWrapperValve.invoke(StandardWrapperValve.java:177)
	at org.apache.catalina.core.StandardContextValve.invoke(StandardContextValve.java:97)
	at org.apache.catalina.authenticator.AuthenticatorBase.invoke(AuthenticatorBase.java:541)
	at org.apache.catalina.core.StandardHostValve.invoke(StandardHostValve.java:135)
	at org.apache.catalina.valves.ErrorReportValve.invoke(ErrorReportValve.java:92)
	at org.apache.catalina.core.StandardEngineValve.invoke(StandardEngineValve.java:78)
	at org.apache.catalina.connector.CoyoteAdapter.service(CoyoteAdapter.java:360)
	at org.apache.coyote.http11.Http11Processor.service(Http11Processor.java:399)
	at org.apache.coyote.AbstractProcessorLight.process(AbstractProcessorLight.java:65)
	at org.apache.coyote.AbstractProtocol$ConnectionHandler.process(AbstractProtocol.java:891)
	at org.apache.tomcat.util.net.NioEndpoint$SocketProcessor.doRun(NioEndpoint.java:1784)
	at org.apache.tomcat.util.net.SocketProcessorBase.run(SocketProcessorBase.java:49)
	at org.apache.tomcat.util.threads.ThreadPoolExecutor.runWorker(ThreadPoolExecutor.java:1191)
	at org.apache.tomcat.util.threads.ThreadPoolExecutor$Worker.run(ThreadPoolExecutor.java:659)
	at org.apache.tomcat.util.threads.TaskThread$WrappingRunnable.run(TaskThread.java:61)
	at java.base/java.lang.Thread.run(Thread.java:833)
2023-02-14 16:59:46,059 [http-nio-8080-exec-10] INFO  o.a.c.i.engine.AbstractCamelContext 3058 - Apache Camel 3.19.0 (camel-4) is starting
2023-02-14 16:59:46,060 [http-nio-8080-exec-10] INFO  o.a.c.i.engine.AbstractCamelContext 3220 - Routes startup (started:1)
2023-02-14 16:59:46,060 [http-nio-8080-exec-10] INFO  o.a.c.i.engine.AbstractCamelContext 3225 -     Started route2 (timer://foo)
2023-02-14 16:59:46,060 [http-nio-8080-exec-10] INFO  o.a.c.i.engine.AbstractCamelContext 3249 - Apache Camel 3.19.0 (camel-4) started in 9ms (build:2ms init:7ms start:0ms)
2023-02-14 16:59:51,067 [http-nio-8080-exec-10] INFO  o.a.c.i.engine.AbstractCamelContext 3454 - Apache Camel 3.19.0 (camel-4) is shutting down (timeout:45s)
2023-02-14 16:59:51,069 [http-nio-8080-exec-10] INFO  o.a.c.i.engine.AbstractCamelContext 166 - Routes stopped (stopped:1)
2023-02-14 16:59:51,069 [http-nio-8080-exec-10] INFO  o.a.c.i.engine.AbstractCamelContext 166 -     Stopped route2 (timer://foo)
2023-02-14 16:59:51,069 [http-nio-8080-exec-10] INFO  o.a.c.i.engine.AbstractCamelContext 3593 - Apache Camel 3.19.0 (camel-4) shutdown in 2ms (uptime:5s)
2023-02-14 17:02:34,813 [http-nio-8080-exec-10] WARN  o.s.w.s.m.s.DefaultHandlerExceptionResolver 208 - Resolved [org.springframework.web.HttpRequestMethodNotSupportedException: Request method 'GET' not supported]
2023-02-14 17:04:07,285 [http-nio-8080-exec-6] INFO  o.a.c.i.engine.AbstractCamelContext 3058 - Apache Camel 3.19.0 (camel-5) is starting
2023-02-14 17:04:07,286 [http-nio-8080-exec-6] INFO  o.a.c.i.engine.AbstractCamelContext 3220 - Routes startup (started:1)
2023-02-14 17:04:07,287 [http-nio-8080-exec-6] INFO  o.a.c.i.engine.AbstractCamelContext 3225 -     Started route3 (timer://foo)
2023-02-14 17:04:07,287 [http-nio-8080-exec-6] INFO  o.a.c.i.engine.AbstractCamelContext 3249 - Apache Camel 3.19.0 (camel-5) started in 17ms (build:5ms init:11ms start:1ms)
2023-02-14 17:04:12,298 [http-nio-8080-exec-6] INFO  o.a.c.i.engine.AbstractCamelContext 3454 - Apache Camel 3.19.0 (camel-5) is shutting down (timeout:45s)
2023-02-14 17:04:12,299 [http-nio-8080-exec-6] INFO  o.a.c.i.engine.AbstractCamelContext 166 - Routes stopped (stopped:1)
2023-02-14 17:04:12,299 [http-nio-8080-exec-6] INFO  o.a.c.i.engine.AbstractCamelContext 166 -     Stopped route3 (timer://foo)
2023-02-14 17:04:12,300 [http-nio-8080-exec-6] INFO  o.a.c.i.engine.AbstractCamelContext 3593 - Apache Camel 3.19.0 (camel-5) shutdown in 1ms (uptime:5s)
2023-02-14 17:04:28,678 [http-nio-8080-exec-8] ERROR o.a.c.c.C.[.[.[.[dispatcherServlet] 175 - Servlet.service() for servlet [dispatcherServlet] in context with path [] threw exception [Request processing failed; nested exception is java.lang.NullPointerException: Cannot invoke "com.fasterxml.jackson.databind.JsonNode.asText()" because the return value of "com.fasterxml.jackson.databind.JsonNode.findValue(String)" is null] with root cause
java.lang.NullPointerException: Cannot invoke "com.fasterxml.jackson.databind.JsonNode.asText()" because the return value of "com.fasterxml.jackson.databind.JsonNode.findValue(String)" is null
	at com.example.fhir_etl_test.SearchDbController.getSearchResultViaAjax(SearchDbController.java:56)
	at java.base/jdk.internal.reflect.NativeMethodAccessorImpl.invoke0(Native Method)
	at java.base/jdk.internal.reflect.NativeMethodAccessorImpl.invoke(NativeMethodAccessorImpl.java:77)
	at java.base/jdk.internal.reflect.DelegatingMethodAccessorImpl.invoke(DelegatingMethodAccessorImpl.java:43)
	at java.base/java.lang.reflect.Method.invoke(Method.java:568)
	at org.springframework.web.method.support.InvocableHandlerMethod.doInvoke(InvocableHandlerMethod.java:205)
	at org.springframework.web.method.support.InvocableHandlerMethod.invokeForRequest(InvocableHandlerMethod.java:150)
	at org.springframework.web.servlet.mvc.method.annotation.ServletInvocableHandlerMethod.invokeAndHandle(ServletInvocableHandlerMethod.java:117)
	at org.springframework.web.servlet.mvc.method.annotation.RequestMappingHandlerAdapter.invokeHandlerMethod(RequestMappingHandlerAdapter.java:895)
	at org.springframework.web.servlet.mvc.method.annotation.RequestMappingHandlerAdapter.handleInternal(RequestMappingHandlerAdapter.java:808)
	at org.springframework.web.servlet.mvc.method.AbstractHandlerMethodAdapter.handle(AbstractHandlerMethodAdapter.java:87)
	at org.springframework.web.servlet.DispatcherServlet.doDispatch(DispatcherServlet.java:1071)
	at org.springframework.web.servlet.DispatcherServlet.doService(DispatcherServlet.java:964)
	at org.springframework.web.servlet.FrameworkServlet.processRequest(FrameworkServlet.java:1006)
	at org.springframework.web.servlet.FrameworkServlet.doPost(FrameworkServlet.java:909)
	at javax.servlet.http.HttpServlet.service(HttpServlet.java:696)
	at org.springframework.web.servlet.FrameworkServlet.service(FrameworkServlet.java:883)
	at javax.servlet.http.HttpServlet.service(HttpServlet.java:779)
	at org.apache.catalina.core.ApplicationFilterChain.internalDoFilter(ApplicationFilterChain.java:227)
	at org.apache.catalina.core.ApplicationFilterChain.doFilter(ApplicationFilterChain.java:162)
	at org.apache.tomcat.websocket.server.WsFilter.doFilter(WsFilter.java:53)
	at org.apache.catalina.core.ApplicationFilterChain.internalDoFilter(ApplicationFilterChain.java:189)
	at org.apache.catalina.core.ApplicationFilterChain.doFilter(ApplicationFilterChain.java:162)
	at org.springframework.web.filter.RequestContextFilter.doFilterInternal(RequestContextFilter.java:100)
	at org.springframework.web.filter.OncePerRequestFilter.doFilter(OncePerRequestFilter.java:117)
	at org.apache.catalina.core.ApplicationFilterChain.internalDoFilter(ApplicationFilterChain.java:189)
	at org.apache.catalina.core.ApplicationFilterChain.doFilter(ApplicationFilterChain.java:162)
	at org.springframework.web.filter.FormContentFilter.doFilterInternal(FormContentFilter.java:93)
	at org.springframework.web.filter.OncePerRequestFilter.doFilter(OncePerRequestFilter.java:117)
	at org.apache.catalina.core.ApplicationFilterChain.internalDoFilter(ApplicationFilterChain.java:189)
	at org.apache.catalina.core.ApplicationFilterChain.doFilter(ApplicationFilterChain.java:162)
	at org.springframework.web.filter.CharacterEncodingFilter.doFilterInternal(CharacterEncodingFilter.java:201)
	at org.springframework.web.filter.OncePerRequestFilter.doFilter(OncePerRequestFilter.java:117)
	at org.apache.catalina.core.ApplicationFilterChain.internalDoFilter(ApplicationFilterChain.java:189)
	at org.apache.catalina.core.ApplicationFilterChain.doFilter(ApplicationFilterChain.java:162)
	at org.apache.catalina.core.StandardWrapperValve.invoke(StandardWrapperValve.java:177)
	at org.apache.catalina.core.StandardContextValve.invoke(StandardContextValve.java:97)
	at org.apache.catalina.authenticator.AuthenticatorBase.invoke(AuthenticatorBase.java:541)
	at org.apache.catalina.core.StandardHostValve.invoke(StandardHostValve.java:135)
	at org.apache.catalina.valves.ErrorReportValve.invoke(ErrorReportValve.java:92)
	at org.apache.catalina.core.StandardEngineValve.invoke(StandardEngineValve.java:78)
	at org.apache.catalina.connector.CoyoteAdapter.service(CoyoteAdapter.java:360)
	at org.apache.coyote.http11.Http11Processor.service(Http11Processor.java:399)
	at org.apache.coyote.AbstractProcessorLight.process(AbstractProcessorLight.java:65)
	at org.apache.coyote.AbstractProtocol$ConnectionHandler.process(AbstractProtocol.java:891)
	at org.apache.tomcat.util.net.NioEndpoint$SocketProcessor.doRun(NioEndpoint.java:1784)
	at org.apache.tomcat.util.net.SocketProcessorBase.run(SocketProcessorBase.java:49)
	at org.apache.tomcat.util.threads.ThreadPoolExecutor.runWorker(ThreadPoolExecutor.java:1191)
	at org.apache.tomcat.util.threads.ThreadPoolExecutor$Worker.run(ThreadPoolExecutor.java:659)
	at org.apache.tomcat.util.threads.TaskThread$WrappingRunnable.run(TaskThread.java:61)
	at java.base/java.lang.Thread.run(Thread.java:833)
2023-02-14 17:07:29,022 [http-nio-8080-exec-4] INFO  o.a.c.i.engine.AbstractCamelContext 3058 - Apache Camel 3.19.0 (camel-6) is starting
2023-02-14 17:07:29,023 [http-nio-8080-exec-4] INFO  o.a.c.i.engine.AbstractCamelContext 3220 - Routes startup (started:1)
2023-02-14 17:07:29,023 [http-nio-8080-exec-4] INFO  o.a.c.i.engine.AbstractCamelContext 3225 -     Started route4 (timer://foo)
2023-02-14 17:07:29,023 [http-nio-8080-exec-4] INFO  o.a.c.i.engine.AbstractCamelContext 3249 - Apache Camel 3.19.0 (camel-6) started in 15ms (build:3ms init:11ms start:1ms)
2023-02-14 17:07:34,035 [http-nio-8080-exec-4] INFO  o.a.c.i.engine.AbstractCamelContext 3454 - Apache Camel 3.19.0 (camel-6) is shutting down (timeout:45s)
2023-02-14 17:07:34,036 [http-nio-8080-exec-4] INFO  o.a.c.i.engine.AbstractCamelContext 166 - Routes stopped (stopped:1)
2023-02-14 17:07:34,036 [http-nio-8080-exec-4] INFO  o.a.c.i.engine.AbstractCamelContext 166 -     Stopped route4 (timer://foo)
2023-02-14 17:07:34,036 [http-nio-8080-exec-4] INFO  o.a.c.i.engine.AbstractCamelContext 3593 - Apache Camel 3.19.0 (camel-6) shutdown in 1ms (uptime:5s)
2023-02-14 17:08:02,953 [http-nio-8080-exec-2] INFO  o.a.c.i.engine.AbstractCamelContext 3058 - Apache Camel 3.19.0 (camel-7) is starting
2023-02-14 17:08:02,954 [http-nio-8080-exec-2] INFO  o.a.c.i.engine.AbstractCamelContext 3220 - Routes startup (started:1)
2023-02-14 17:08:02,954 [http-nio-8080-exec-2] INFO  o.a.c.i.engine.AbstractCamelContext 3225 -     Started route5 (timer://foo)
2023-02-14 17:08:02,954 [http-nio-8080-exec-2] INFO  o.a.c.i.engine.AbstractCamelContext 3249 - Apache Camel 3.19.0 (camel-7) started in 16ms (build:4ms init:12ms start:0ms)
2023-02-14 17:08:07,961 [http-nio-8080-exec-2] INFO  o.a.c.i.engine.AbstractCamelContext 3454 - Apache Camel 3.19.0 (camel-7) is shutting down (timeout:45s)
2023-02-14 17:08:07,963 [http-nio-8080-exec-2] INFO  o.a.c.i.engine.AbstractCamelContext 166 - Routes stopped (stopped:1)
2023-02-14 17:08:07,963 [http-nio-8080-exec-2] INFO  o.a.c.i.engine.AbstractCamelContext 166 -     Stopped route5 (timer://foo)
2023-02-14 17:08:07,963 [http-nio-8080-exec-2] INFO  o.a.c.i.engine.AbstractCamelContext 3593 - Apache Camel 3.19.0 (camel-7) shutdown in 2ms (uptime:5s)
2023-02-14 17:08:09,512 [http-nio-8080-exec-3] INFO  o.a.c.i.engine.AbstractCamelContext 3058 - Apache Camel 3.19.0 (camel-8) is starting
2023-02-14 17:08:09,513 [http-nio-8080-exec-3] INFO  o.a.c.i.engine.AbstractCamelContext 3220 - Routes startup (started:1)
2023-02-14 17:08:09,513 [http-nio-8080-exec-3] INFO  o.a.c.i.engine.AbstractCamelContext 3225 -     Started route6 (timer://foo)
2023-02-14 17:08:09,513 [http-nio-8080-exec-3] INFO  o.a.c.i.engine.AbstractCamelContext 3249 - Apache Camel 3.19.0 (camel-8) started in 15ms (build:4ms init:11ms start:0ms)
2023-02-14 17:08:14,517 [http-nio-8080-exec-3] INFO  o.a.c.i.engine.AbstractCamelContext 3454 - Apache Camel 3.19.0 (camel-8) is shutting down (timeout:45s)
2023-02-14 17:08:14,520 [http-nio-8080-exec-3] INFO  o.a.c.i.engine.AbstractCamelContext 166 - Routes stopped (stopped:1)
2023-02-14 17:08:14,520 [http-nio-8080-exec-3] INFO  o.a.c.i.engine.AbstractCamelContext 166 -     Stopped route6 (timer://foo)
2023-02-14 17:08:14,520 [http-nio-8080-exec-3] INFO  o.a.c.i.engine.AbstractCamelContext 3593 - Apache Camel 3.19.0 (camel-8) shutdown in 3ms (uptime:5s)
2023-02-14 17:14:24,461 [http-nio-8080-exec-8] INFO  o.a.c.i.engine.AbstractCamelContext 3058 - Apache Camel 3.19.0 (camel-9) is starting
2023-02-14 17:14:24,463 [http-nio-8080-exec-8] INFO  o.a.c.i.engine.AbstractCamelContext 3220 - Routes startup (started:1)
2023-02-14 17:14:24,463 [http-nio-8080-exec-8] INFO  o.a.c.i.engine.AbstractCamelContext 3225 -     Started route7 (timer://foo)
2023-02-14 17:14:24,463 [http-nio-8080-exec-8] INFO  o.a.c.i.engine.AbstractCamelContext 3249 - Apache Camel 3.19.0 (camel-9) started in 18ms (build:3ms init:14ms start:1ms)
2023-02-14 17:14:29,466 [http-nio-8080-exec-8] INFO  o.a.c.i.engine.AbstractCamelContext 3454 - Apache Camel 3.19.0 (camel-9) is shutting down (timeout:45s)
2023-02-14 17:14:29,468 [http-nio-8080-exec-8] INFO  o.a.c.i.engine.AbstractCamelContext 166 - Routes stopped (stopped:1)
2023-02-14 17:14:29,468 [http-nio-8080-exec-8] INFO  o.a.c.i.engine.AbstractCamelContext 166 -     Stopped route7 (timer://foo)
2023-02-14 17:14:29,468 [http-nio-8080-exec-8] INFO  o.a.c.i.engine.AbstractCamelContext 3593 - Apache Camel 3.19.0 (camel-9) shutdown in 2ms (uptime:5s)
2023-02-14 17:18:49,781 [http-nio-8080-exec-10] INFO  o.a.c.i.engine.AbstractCamelContext 3058 - Apache Camel 3.19.0 (camel-10) is starting
2023-02-14 17:18:49,783 [http-nio-8080-exec-10] INFO  o.a.c.i.engine.AbstractCamelContext 3220 - Routes startup (started:1)
2023-02-14 17:18:49,783 [http-nio-8080-exec-10] INFO  o.a.c.i.engine.AbstractCamelContext 3225 -     Started route8 (timer://foo)
2023-02-14 17:18:49,783 [http-nio-8080-exec-10] INFO  o.a.c.i.engine.AbstractCamelContext 3249 - Apache Camel 3.19.0 (camel-10) started in 18ms (build:5ms init:12ms start:1ms)
2023-02-14 17:18:54,784 [http-nio-8080-exec-10] INFO  o.a.c.i.engine.AbstractCamelContext 3454 - Apache Camel 3.19.0 (camel-10) is shutting down (timeout:45s)
2023-02-14 17:18:54,785 [http-nio-8080-exec-10] INFO  o.a.c.i.engine.AbstractCamelContext 166 - Routes stopped (stopped:1)
2023-02-14 17:18:54,786 [http-nio-8080-exec-10] INFO  o.a.c.i.engine.AbstractCamelContext 166 -     Stopped route8 (timer://foo)
2023-02-14 17:18:54,786 [http-nio-8080-exec-10] INFO  o.a.c.i.engine.AbstractCamelContext 3593 - Apache Camel 3.19.0 (camel-10) shutdown in 2ms (uptime:5s)
2023-02-14 17:18:56,033 [http-nio-8080-exec-6] INFO  o.a.c.i.engine.AbstractCamelContext 3058 - Apache Camel 3.19.0 (camel-11) is starting
2023-02-14 17:18:56,034 [http-nio-8080-exec-6] INFO  o.a.c.i.engine.AbstractCamelContext 3220 - Routes startup (started:1)
2023-02-14 17:18:56,034 [http-nio-8080-exec-6] INFO  o.a.c.i.engine.AbstractCamelContext 3225 -     Started route9 (timer://foo)
2023-02-14 17:18:56,034 [http-nio-8080-exec-6] INFO  o.a.c.i.engine.AbstractCamelContext 3249 - Apache Camel 3.19.0 (camel-11) started in 11ms (build:3ms init:8ms start:0ms)
2023-02-14 17:19:01,043 [http-nio-8080-exec-6] INFO  o.a.c.i.engine.AbstractCamelContext 3454 - Apache Camel 3.19.0 (camel-11) is shutting down (timeout:45s)
2023-02-14 17:19:01,044 [http-nio-8080-exec-6] INFO  o.a.c.i.engine.AbstractCamelContext 166 - Routes stopped (stopped:1)
2023-02-14 17:19:01,044 [http-nio-8080-exec-6] INFO  o.a.c.i.engine.AbstractCamelContext 166 -     Stopped route9 (timer://foo)
2023-02-14 17:19:01,044 [http-nio-8080-exec-6] INFO  o.a.c.i.engine.AbstractCamelContext 3593 - Apache Camel 3.19.0 (camel-11) shutdown in 1ms (uptime:5s)
2023-02-14 17:21:46,089 [http-nio-8080-exec-2] INFO  o.a.c.i.engine.AbstractCamelContext 3058 - Apache Camel 3.19.0 (camel-12) is starting
2023-02-14 17:21:46,090 [http-nio-8080-exec-2] INFO  o.a.c.i.engine.AbstractCamelContext 3220 - Routes startup (started:1)
2023-02-14 17:21:46,091 [http-nio-8080-exec-2] INFO  o.a.c.i.engine.AbstractCamelContext 3225 -     Started route10 (timer://foo)
2023-02-14 17:21:46,091 [http-nio-8080-exec-2] INFO  o.a.c.i.engine.AbstractCamelContext 3249 - Apache Camel 3.19.0 (camel-12) started in 13ms (build:3ms init:9ms start:1ms)
2023-02-14 17:21:51,096 [http-nio-8080-exec-2] INFO  o.a.c.i.engine.AbstractCamelContext 3454 - Apache Camel 3.19.0 (camel-12) is shutting down (timeout:45s)
2023-02-14 17:21:51,097 [http-nio-8080-exec-2] INFO  o.a.c.i.engine.AbstractCamelContext 166 - Routes stopped (stopped:1)
2023-02-14 17:21:51,097 [http-nio-8080-exec-2] INFO  o.a.c.i.engine.AbstractCamelContext 166 -     Stopped route10 (timer://foo)
2023-02-14 17:21:51,097 [http-nio-8080-exec-2] INFO  o.a.c.i.engine.AbstractCamelContext 3593 - Apache Camel 3.19.0 (camel-12) shutdown in 1ms (uptime:5s)
2023-02-14 17:21:54,592 [http-nio-8080-exec-3] INFO  o.a.c.i.engine.AbstractCamelContext 3058 - Apache Camel 3.19.0 (camel-13) is starting
2023-02-14 17:21:54,593 [http-nio-8080-exec-3] INFO  o.a.c.i.engine.AbstractCamelContext 3220 - Routes startup (started:1)
2023-02-14 17:21:54,593 [http-nio-8080-exec-3] INFO  o.a.c.i.engine.AbstractCamelContext 3225 -     Started route11 (timer://foo)
2023-02-14 17:21:54,593 [http-nio-8080-exec-3] INFO  o.a.c.i.engine.AbstractCamelContext 3249 - Apache Camel 3.19.0 (camel-13) started in 14ms (build:4ms init:10ms start:0ms)
2023-02-14 17:21:59,606 [http-nio-8080-exec-3] INFO  o.a.c.i.engine.AbstractCamelContext 3454 - Apache Camel 3.19.0 (camel-13) is shutting down (timeout:45s)
2023-02-14 17:21:59,607 [http-nio-8080-exec-3] INFO  o.a.c.i.engine.AbstractCamelContext 166 - Routes stopped (stopped:1)
2023-02-14 17:21:59,608 [http-nio-8080-exec-3] INFO  o.a.c.i.engine.AbstractCamelContext 166 -     Stopped route11 (timer://foo)
2023-02-14 17:21:59,608 [http-nio-8080-exec-3] INFO  o.a.c.i.engine.AbstractCamelContext 3593 - Apache Camel 3.19.0 (camel-13) shutdown in 2ms (uptime:5s)
2023-02-14 17:22:01,919 [http-nio-8080-exec-6] INFO  o.a.c.i.engine.AbstractCamelContext 3058 - Apache Camel 3.19.0 (camel-14) is starting
2023-02-14 17:22:01,920 [http-nio-8080-exec-6] INFO  o.a.c.i.engine.AbstractCamelContext 3220 - Routes startup (started:1)
2023-02-14 17:22:01,920 [http-nio-8080-exec-6] INFO  o.a.c.i.engine.AbstractCamelContext 3225 -     Started route12 (timer://foo)
2023-02-14 17:22:01,920 [http-nio-8080-exec-6] INFO  o.a.c.i.engine.AbstractCamelContext 3249 - Apache Camel 3.19.0 (camel-14) started in 12ms (build:3ms init:9ms start:0ms)
2023-02-14 17:22:06,933 [http-nio-8080-exec-6] INFO  o.a.c.i.engine.AbstractCamelContext 3454 - Apache Camel 3.19.0 (camel-14) is shutting down (timeout:45s)
2023-02-14 17:22:06,934 [http-nio-8080-exec-6] INFO  o.a.c.i.engine.AbstractCamelContext 166 - Routes stopped (stopped:1)
2023-02-14 17:22:06,934 [http-nio-8080-exec-6] INFO  o.a.c.i.engine.AbstractCamelContext 166 -     Stopped route12 (timer://foo)
2023-02-14 17:22:06,934 [http-nio-8080-exec-6] INFO  o.a.c.i.engine.AbstractCamelContext 3593 - Apache Camel 3.19.0 (camel-14) shutdown in 1ms (uptime:5s)
2023-02-14 17:24:19,159 [http-nio-8080-exec-3] INFO  o.a.c.i.engine.AbstractCamelContext 3058 - Apache Camel 3.19.0 (camel-15) is starting
2023-02-14 17:24:19,160 [http-nio-8080-exec-3] INFO  o.a.c.i.engine.AbstractCamelContext 3220 - Routes startup (started:1)
2023-02-14 17:24:19,161 [http-nio-8080-exec-3] INFO  o.a.c.i.engine.AbstractCamelContext 3225 -     Started route13 (timer://foo)
2023-02-14 17:24:19,161 [http-nio-8080-exec-3] INFO  o.a.c.i.engine.AbstractCamelContext 3249 - Apache Camel 3.19.0 (camel-15) started in 17ms (build:3ms init:14ms start:0ms)
2023-02-14 17:24:24,174 [http-nio-8080-exec-3] INFO  o.a.c.i.engine.AbstractCamelContext 3454 - Apache Camel 3.19.0 (camel-15) is shutting down (timeout:45s)
2023-02-14 17:24:24,175 [http-nio-8080-exec-3] INFO  o.a.c.i.engine.AbstractCamelContext 166 - Routes stopped (stopped:1)
2023-02-14 17:24:24,175 [http-nio-8080-exec-3] INFO  o.a.c.i.engine.AbstractCamelContext 166 -     Stopped route13 (timer://foo)
2023-02-14 17:24:24,175 [http-nio-8080-exec-3] INFO  o.a.c.i.engine.AbstractCamelContext 3593 - Apache Camel 3.19.0 (camel-15) shutdown in 1ms (uptime:5s)
2023-02-14 17:24:25,803 [http-nio-8080-exec-7] INFO  o.a.c.i.engine.AbstractCamelContext 3058 - Apache Camel 3.19.0 (camel-16) is starting
2023-02-14 17:24:25,804 [http-nio-8080-exec-7] INFO  o.a.c.i.engine.AbstractCamelContext 3220 - Routes startup (started:1)
2023-02-14 17:24:25,804 [http-nio-8080-exec-7] INFO  o.a.c.i.engine.AbstractCamelContext 3225 -     Started route14 (timer://foo)
2023-02-14 17:24:25,804 [http-nio-8080-exec-7] INFO  o.a.c.i.engine.AbstractCamelContext 3249 - Apache Camel 3.19.0 (camel-16) started in 10ms (build:3ms init:7ms start:0ms)
2023-02-14 17:24:30,805 [http-nio-8080-exec-7] INFO  o.a.c.i.engine.AbstractCamelContext 3454 - Apache Camel 3.19.0 (camel-16) is shutting down (timeout:45s)
2023-02-14 17:24:30,806 [http-nio-8080-exec-7] INFO  o.a.c.i.engine.AbstractCamelContext 166 - Routes stopped (stopped:1)
2023-02-14 17:24:30,807 [http-nio-8080-exec-7] INFO  o.a.c.i.engine.AbstractCamelContext 166 -     Stopped route14 (timer://foo)
2023-02-14 17:24:30,807 [http-nio-8080-exec-7] INFO  o.a.c.i.engine.AbstractCamelContext 3593 - Apache Camel 3.19.0 (camel-16) shutdown in 2ms (uptime:5s)
2023-02-14 17:25:27,597 [http-nio-8080-exec-2] INFO  o.a.c.i.engine.AbstractCamelContext 3058 - Apache Camel 3.19.0 (camel-17) is starting
2023-02-14 17:25:27,598 [http-nio-8080-exec-2] INFO  o.a.c.i.engine.AbstractCamelContext 3220 - Routes startup (started:1)
2023-02-14 17:25:27,598 [http-nio-8080-exec-2] INFO  o.a.c.i.engine.AbstractCamelContext 3225 -     Started route15 (timer://foo)
2023-02-14 17:25:27,598 [http-nio-8080-exec-2] INFO  o.a.c.i.engine.AbstractCamelContext 3249 - Apache Camel 3.19.0 (camel-17) started in 11ms (build:2ms init:9ms start:0ms)
2023-02-14 17:25:32,612 [http-nio-8080-exec-2] INFO  o.a.c.i.engine.AbstractCamelContext 3454 - Apache Camel 3.19.0 (camel-17) is shutting down (timeout:45s)
2023-02-14 17:25:32,614 [http-nio-8080-exec-2] INFO  o.a.c.i.engine.AbstractCamelContext 166 - Routes stopped (stopped:1)
2023-02-14 17:25:32,614 [http-nio-8080-exec-2] INFO  o.a.c.i.engine.AbstractCamelContext 166 -     Stopped route15 (timer://foo)
2023-02-14 17:25:32,614 [http-nio-8080-exec-2] INFO  o.a.c.i.engine.AbstractCamelContext 3593 - Apache Camel 3.19.0 (camel-17) shutdown in 1ms (uptime:5s)
2023-02-14 17:25:33,973 [http-nio-8080-exec-8] INFO  o.a.c.i.engine.AbstractCamelContext 3058 - Apache Camel 3.19.0 (camel-18) is starting
2023-02-14 17:25:33,974 [http-nio-8080-exec-8] INFO  o.a.c.i.engine.AbstractCamelContext 3220 - Routes startup (started:1)
2023-02-14 17:25:33,974 [http-nio-8080-exec-8] INFO  o.a.c.i.engine.AbstractCamelContext 3225 -     Started route16 (timer://foo)
2023-02-14 17:25:33,974 [http-nio-8080-exec-8] INFO  o.a.c.i.engine.AbstractCamelContext 3249 - Apache Camel 3.19.0 (camel-18) started in 11ms (build:2ms init:9ms start:0ms)
2023-02-14 17:25:38,981 [http-nio-8080-exec-8] INFO  o.a.c.i.engine.AbstractCamelContext 3454 - Apache Camel 3.19.0 (camel-18) is shutting down (timeout:45s)
2023-02-14 17:25:38,982 [http-nio-8080-exec-8] INFO  o.a.c.i.engine.AbstractCamelContext 166 - Routes stopped (stopped:1)
2023-02-14 17:25:38,982 [http-nio-8080-exec-8] INFO  o.a.c.i.engine.AbstractCamelContext 166 -     Stopped route16 (timer://foo)
2023-02-14 17:25:38,982 [http-nio-8080-exec-8] INFO  o.a.c.i.engine.AbstractCamelContext 3593 - Apache Camel 3.19.0 (camel-18) shutdown in 1ms (uptime:5s)
2023-02-14 17:26:19,314 [http-nio-8080-exec-10] INFO  o.a.c.i.engine.AbstractCamelContext 3058 - Apache Camel 3.19.0 (camel-19) is starting
2023-02-14 17:26:19,315 [http-nio-8080-exec-10] INFO  o.a.c.i.engine.AbstractCamelContext 3220 - Routes startup (started:1)
2023-02-14 17:26:19,315 [http-nio-8080-exec-10] INFO  o.a.c.i.engine.AbstractCamelContext 3225 -     Started route17 (timer://foo)
2023-02-14 17:26:19,315 [http-nio-8080-exec-10] INFO  o.a.c.i.engine.AbstractCamelContext 3249 - Apache Camel 3.19.0 (camel-19) started in 14ms (build:3ms init:11ms start:0ms)
2023-02-14 17:26:24,322 [http-nio-8080-exec-10] INFO  o.a.c.i.engine.AbstractCamelContext 3454 - Apache Camel 3.19.0 (camel-19) is shutting down (timeout:45s)
2023-02-14 17:26:24,323 [http-nio-8080-exec-10] INFO  o.a.c.i.engine.AbstractCamelContext 166 - Routes stopped (stopped:1)
2023-02-14 17:26:24,323 [http-nio-8080-exec-10] INFO  o.a.c.i.engine.AbstractCamelContext 166 -     Stopped route17 (timer://foo)
2023-02-14 17:26:24,324 [http-nio-8080-exec-10] INFO  o.a.c.i.engine.AbstractCamelContext 3593 - Apache Camel 3.19.0 (camel-19) shutdown in 1ms (uptime:5s)
2023-02-14 17:26:25,687 [http-nio-8080-exec-4] INFO  o.a.c.i.engine.AbstractCamelContext 3058 - Apache Camel 3.19.0 (camel-20) is starting
2023-02-14 17:26:25,688 [http-nio-8080-exec-4] INFO  o.a.c.i.engine.AbstractCamelContext 3220 - Routes startup (started:1)
2023-02-14 17:26:25,688 [http-nio-8080-exec-4] INFO  o.a.c.i.engine.AbstractCamelContext 3225 -     Started route18 (timer://foo)
2023-02-14 17:26:25,688 [http-nio-8080-exec-4] INFO  o.a.c.i.engine.AbstractCamelContext 3249 - Apache Camel 3.19.0 (camel-20) started in 9ms (build:2ms init:7ms start:0ms)
2023-02-14 17:26:30,688 [http-nio-8080-exec-4] INFO  o.a.c.i.engine.AbstractCamelContext 3454 - Apache Camel 3.19.0 (camel-20) is shutting down (timeout:45s)
2023-02-14 17:26:30,690 [http-nio-8080-exec-4] INFO  o.a.c.i.engine.AbstractCamelContext 166 - Routes stopped (stopped:1)
2023-02-14 17:26:30,690 [http-nio-8080-exec-4] INFO  o.a.c.i.engine.AbstractCamelContext 166 -     Stopped route18 (timer://foo)
2023-02-14 17:26:30,690 [http-nio-8080-exec-4] INFO  o.a.c.i.engine.AbstractCamelContext 3593 - Apache Camel 3.19.0 (camel-20) shutdown in 2ms (uptime:5s)
2023-02-14 17:28:50,532 [http-nio-8080-exec-2] INFO  o.a.c.i.engine.AbstractCamelContext 3058 - Apache Camel 3.19.0 (camel-21) is starting
2023-02-14 17:28:50,533 [http-nio-8080-exec-2] INFO  o.a.c.i.engine.AbstractCamelContext 3220 - Routes startup (started:1)
2023-02-14 17:28:50,534 [http-nio-8080-exec-2] INFO  o.a.c.i.engine.AbstractCamelContext 3225 -     Started route19 (timer://foo)
2023-02-14 17:28:50,534 [http-nio-8080-exec-2] INFO  o.a.c.i.engine.AbstractCamelContext 3249 - Apache Camel 3.19.0 (camel-21) started in 13ms (build:2ms init:10ms start:1ms)
2023-02-14 17:28:55,537 [http-nio-8080-exec-2] INFO  o.a.c.i.engine.AbstractCamelContext 3454 - Apache Camel 3.19.0 (camel-21) is shutting down (timeout:45s)
2023-02-14 17:28:55,537 [http-nio-8080-exec-2] INFO  o.a.c.i.engine.AbstractCamelContext 166 - Routes stopped (stopped:1)
2023-02-14 17:28:55,538 [http-nio-8080-exec-2] INFO  o.a.c.i.engine.AbstractCamelContext 166 -     Stopped route19 (timer://foo)
2023-02-14 17:28:55,538 [http-nio-8080-exec-2] INFO  o.a.c.i.engine.AbstractCamelContext 3593 - Apache Camel 3.19.0 (camel-21) shutdown in 1ms (uptime:5s)
2023-02-14 17:29:10,235 [http-nio-8080-exec-4] INFO  o.a.c.i.engine.AbstractCamelContext 3058 - Apache Camel 3.19.0 (camel-22) is starting
2023-02-14 17:29:10,236 [http-nio-8080-exec-4] INFO  o.a.c.i.engine.AbstractCamelContext 3220 - Routes startup (started:1)
2023-02-14 17:29:10,236 [http-nio-8080-exec-4] INFO  o.a.c.i.engine.AbstractCamelContext 3225 -     Started route20 (timer://foo)
2023-02-14 17:29:10,236 [http-nio-8080-exec-4] INFO  o.a.c.i.engine.AbstractCamelContext 3249 - Apache Camel 3.19.0 (camel-22) started in 10ms (build:2ms init:8ms start:0ms)
2023-02-14 17:29:15,248 [http-nio-8080-exec-4] INFO  o.a.c.i.engine.AbstractCamelContext 3454 - Apache Camel 3.19.0 (camel-22) is shutting down (timeout:45s)
2023-02-14 17:29:15,249 [http-nio-8080-exec-4] INFO  o.a.c.i.engine.AbstractCamelContext 166 - Routes stopped (stopped:1)
2023-02-14 17:29:15,249 [http-nio-8080-exec-4] INFO  o.a.c.i.engine.AbstractCamelContext 166 -     Stopped route20 (timer://foo)
2023-02-14 17:29:15,249 [http-nio-8080-exec-4] INFO  o.a.c.i.engine.AbstractCamelContext 3593 - Apache Camel 3.19.0 (camel-22) shutdown in 1ms (uptime:5s)
2023-02-14 17:30:50,566 [http-nio-8080-exec-9] INFO  o.a.c.i.engine.AbstractCamelContext 3058 - Apache Camel 3.19.0 (camel-23) is starting
2023-02-14 17:30:50,567 [http-nio-8080-exec-9] INFO  o.a.c.i.engine.AbstractCamelContext 3220 - Routes startup (started:1)
2023-02-14 17:30:50,567 [http-nio-8080-exec-9] INFO  o.a.c.i.engine.AbstractCamelContext 3225 -     Started route21 (timer://foo)
2023-02-14 17:30:50,567 [http-nio-8080-exec-9] INFO  o.a.c.i.engine.AbstractCamelContext 3249 - Apache Camel 3.19.0 (camel-23) started in 10ms (build:3ms init:7ms start:0ms)
2023-02-14 17:30:55,580 [http-nio-8080-exec-9] INFO  o.a.c.i.engine.AbstractCamelContext 3454 - Apache Camel 3.19.0 (camel-23) is shutting down (timeout:45s)
2023-02-14 17:30:55,581 [http-nio-8080-exec-9] INFO  o.a.c.i.engine.AbstractCamelContext 166 - Routes stopped (stopped:1)
2023-02-14 17:30:55,581 [http-nio-8080-exec-9] INFO  o.a.c.i.engine.AbstractCamelContext 166 -     Stopped route21 (timer://foo)
2023-02-14 17:30:55,581 [http-nio-8080-exec-9] INFO  o.a.c.i.engine.AbstractCamelContext 3593 - Apache Camel 3.19.0 (camel-23) shutdown in 1ms (uptime:5s)
2023-02-14 17:33:32,456 [http-nio-8080-exec-1] INFO  o.a.c.i.engine.AbstractCamelContext 3058 - Apache Camel 3.19.0 (camel-24) is starting
2023-02-14 17:33:32,457 [http-nio-8080-exec-1] INFO  o.a.c.i.engine.AbstractCamelContext 3220 - Routes startup (started:1)
2023-02-14 17:33:32,457 [http-nio-8080-exec-1] INFO  o.a.c.i.engine.AbstractCamelContext 3225 -     Started route22 (timer://foo)
2023-02-14 17:33:32,458 [http-nio-8080-exec-1] INFO  o.a.c.i.engine.AbstractCamelContext 3249 - Apache Camel 3.19.0 (camel-24) started in 13ms (build:3ms init:9ms start:1ms)
2023-02-14 17:33:37,468 [http-nio-8080-exec-1] INFO  o.a.c.i.engine.AbstractCamelContext 3454 - Apache Camel 3.19.0 (camel-24) is shutting down (timeout:45s)
2023-02-14 17:33:37,469 [http-nio-8080-exec-1] INFO  o.a.c.i.engine.AbstractCamelContext 166 - Routes stopped (stopped:1)
2023-02-14 17:33:37,469 [http-nio-8080-exec-1] INFO  o.a.c.i.engine.AbstractCamelContext 166 -     Stopped route22 (timer://foo)
2023-02-14 17:33:37,469 [http-nio-8080-exec-1] INFO  o.a.c.i.engine.AbstractCamelContext 3593 - Apache Camel 3.19.0 (camel-24) shutdown in 1ms (uptime:5s)
2023-02-14 17:33:39,488 [http-nio-8080-exec-8] INFO  o.a.c.i.engine.AbstractCamelContext 3058 - Apache Camel 3.19.0 (camel-25) is starting
2023-02-14 17:33:39,488 [http-nio-8080-exec-8] INFO  o.a.c.i.engine.AbstractCamelContext 3220 - Routes startup (started:1)
2023-02-14 17:33:39,489 [http-nio-8080-exec-8] INFO  o.a.c.i.engine.AbstractCamelContext 3225 -     Started route23 (timer://foo)
2023-02-14 17:33:39,489 [http-nio-8080-exec-8] INFO  o.a.c.i.engine.AbstractCamelContext 3249 - Apache Camel 3.19.0 (camel-25) started in 10ms (build:2ms init:8ms start:0ms)
2023-02-14 17:33:44,499 [http-nio-8080-exec-8] INFO  o.a.c.i.engine.AbstractCamelContext 3454 - Apache Camel 3.19.0 (camel-25) is shutting down (timeout:45s)
2023-02-14 17:33:44,500 [http-nio-8080-exec-8] INFO  o.a.c.i.engine.AbstractCamelContext 166 - Routes stopped (stopped:1)
2023-02-14 17:33:44,500 [http-nio-8080-exec-8] INFO  o.a.c.i.engine.AbstractCamelContext 166 -     Stopped route23 (timer://foo)
2023-02-14 17:33:44,500 [http-nio-8080-exec-8] INFO  o.a.c.i.engine.AbstractCamelContext 3593 - Apache Camel 3.19.0 (camel-25) shutdown in 1ms (uptime:5s)
2023-02-14 17:34:16,768 [http-nio-8080-exec-2] INFO  o.a.c.i.engine.AbstractCamelContext 3058 - Apache Camel 3.19.0 (camel-26) is starting
2023-02-14 17:34:16,769 [http-nio-8080-exec-2] INFO  o.a.c.i.engine.AbstractCamelContext 3220 - Routes startup (started:1)
2023-02-14 17:34:16,769 [http-nio-8080-exec-2] INFO  o.a.c.i.engine.AbstractCamelContext 3225 -     Started route24 (timer://foo)
2023-02-14 17:34:16,769 [http-nio-8080-exec-2] INFO  o.a.c.i.engine.AbstractCamelContext 3249 - Apache Camel 3.19.0 (camel-26) started in 11ms (build:2ms init:8ms start:1ms)
2023-02-14 17:34:21,782 [http-nio-8080-exec-2] INFO  o.a.c.i.engine.AbstractCamelContext 3454 - Apache Camel 3.19.0 (camel-26) is shutting down (timeout:45s)
2023-02-14 17:34:21,782 [http-nio-8080-exec-2] INFO  o.a.c.i.engine.AbstractCamelContext 166 - Routes stopped (stopped:1)
2023-02-14 17:34:21,782 [http-nio-8080-exec-2] INFO  o.a.c.i.engine.AbstractCamelContext 166 -     Stopped route24 (timer://foo)
2023-02-14 17:34:21,783 [http-nio-8080-exec-2] INFO  o.a.c.i.engine.AbstractCamelContext 3593 - Apache Camel 3.19.0 (camel-26) shutdown in 1ms (uptime:5s)
2023-02-14 17:34:23,167 [http-nio-8080-exec-1] INFO  o.a.c.i.engine.AbstractCamelContext 3058 - Apache Camel 3.19.0 (camel-27) is starting
2023-02-14 17:34:23,168 [http-nio-8080-exec-1] INFO  o.a.c.i.engine.AbstractCamelContext 3220 - Routes startup (started:1)
2023-02-14 17:34:23,168 [http-nio-8080-exec-1] INFO  o.a.c.i.engine.AbstractCamelContext 3225 -     Started route25 (timer://foo)
2023-02-14 17:34:23,168 [http-nio-8080-exec-1] INFO  o.a.c.i.engine.AbstractCamelContext 3249 - Apache Camel 3.19.0 (camel-27) started in 11ms (build:3ms init:8ms start:0ms)
2023-02-14 17:34:28,183 [http-nio-8080-exec-1] INFO  o.a.c.i.engine.AbstractCamelContext 3454 - Apache Camel 3.19.0 (camel-27) is shutting down (timeout:45s)
2023-02-14 17:34:28,185 [http-nio-8080-exec-1] INFO  o.a.c.i.engine.AbstractCamelContext 166 - Routes stopped (stopped:1)
2023-02-14 17:34:28,185 [http-nio-8080-exec-1] INFO  o.a.c.i.engine.AbstractCamelContext 166 -     Stopped route25 (timer://foo)
2023-02-14 17:34:28,185 [http-nio-8080-exec-1] INFO  o.a.c.i.engine.AbstractCamelContext 3593 - Apache Camel 3.19.0 (camel-27) shutdown in 1ms (uptime:5s)
2023-02-14 17:36:01,141 [http-nio-8080-exec-7] INFO  o.a.c.i.engine.AbstractCamelContext 3058 - Apache Camel 3.19.0 (camel-28) is starting
2023-02-14 17:36:01,142 [http-nio-8080-exec-7] INFO  o.a.c.i.engine.AbstractCamelContext 3220 - Routes startup (started:1)
2023-02-14 17:36:01,142 [http-nio-8080-exec-7] INFO  o.a.c.i.engine.AbstractCamelContext 3225 -     Started route26 (timer://foo)
2023-02-14 17:36:01,142 [http-nio-8080-exec-7] INFO  o.a.c.i.engine.AbstractCamelContext 3249 - Apache Camel 3.19.0 (camel-28) started in 13ms (build:3ms init:10ms start:0ms)
2023-02-14 17:36:06,145 [http-nio-8080-exec-7] INFO  o.a.c.i.engine.AbstractCamelContext 3454 - Apache Camel 3.19.0 (camel-28) is shutting down (timeout:45s)
2023-02-14 17:36:06,146 [http-nio-8080-exec-7] INFO  o.a.c.i.engine.AbstractCamelContext 166 - Routes stopped (stopped:1)
2023-02-14 17:36:06,147 [http-nio-8080-exec-7] INFO  o.a.c.i.engine.AbstractCamelContext 166 -     Stopped route26 (timer://foo)
2023-02-14 17:36:06,147 [http-nio-8080-exec-7] INFO  o.a.c.i.engine.AbstractCamelContext 3593 - Apache Camel 3.19.0 (camel-28) shutdown in 2ms (uptime:5s)
2023-02-14 17:36:07,455 [http-nio-8080-exec-1] INFO  o.a.c.i.engine.AbstractCamelContext 3058 - Apache Camel 3.19.0 (camel-29) is starting
2023-02-14 17:36:07,456 [http-nio-8080-exec-1] INFO  o.a.c.i.engine.AbstractCamelContext 3220 - Routes startup (started:1)
2023-02-14 17:36:07,457 [http-nio-8080-exec-1] INFO  o.a.c.i.engine.AbstractCamelContext 3225 -     Started route27 (timer://foo)
2023-02-14 17:36:07,457 [http-nio-8080-exec-1] INFO  o.a.c.i.engine.AbstractCamelContext 3249 - Apache Camel 3.19.0 (camel-29) started in 16ms (build:4ms init:11ms start:1ms)
2023-02-14 17:36:12,467 [http-nio-8080-exec-1] INFO  o.a.c.i.engine.AbstractCamelContext 3454 - Apache Camel 3.19.0 (camel-29) is shutting down (timeout:45s)
2023-02-14 17:36:12,468 [http-nio-8080-exec-1] INFO  o.a.c.i.engine.AbstractCamelContext 166 - Routes stopped (stopped:1)
2023-02-14 17:36:12,468 [http-nio-8080-exec-1] INFO  o.a.c.i.engine.AbstractCamelContext 166 -     Stopped route27 (timer://foo)
2023-02-14 17:36:12,468 [http-nio-8080-exec-1] INFO  o.a.c.i.engine.AbstractCamelContext 3593 - Apache Camel 3.19.0 (camel-29) shutdown in 1ms (uptime:5s)
2023-02-14 17:41:27,892 [http-nio-8080-exec-4] INFO  o.a.c.i.engine.AbstractCamelContext 3058 - Apache Camel 3.19.0 (camel-30) is starting
2023-02-14 17:41:27,894 [http-nio-8080-exec-4] INFO  o.a.c.i.engine.AbstractCamelContext 3220 - Routes startup (started:1)
2023-02-14 17:41:27,894 [http-nio-8080-exec-4] INFO  o.a.c.i.engine.AbstractCamelContext 3225 -     Started route28 (timer://foo)
2023-02-14 17:41:27,894 [http-nio-8080-exec-4] INFO  o.a.c.i.engine.AbstractCamelContext 3249 - Apache Camel 3.19.0 (camel-30) started in 18ms (build:4ms init:13ms start:1ms)
2023-02-14 17:41:32,910 [http-nio-8080-exec-4] INFO  o.a.c.i.engine.AbstractCamelContext 3454 - Apache Camel 3.19.0 (camel-30) is shutting down (timeout:45s)
2023-02-14 17:41:32,911 [http-nio-8080-exec-4] INFO  o.a.c.i.engine.AbstractCamelContext 166 - Routes stopped (stopped:1)
2023-02-14 17:41:32,911 [http-nio-8080-exec-4] INFO  o.a.c.i.engine.AbstractCamelContext 166 -     Stopped route28 (timer://foo)
2023-02-14 17:41:32,912 [http-nio-8080-exec-4] INFO  o.a.c.i.engine.AbstractCamelContext 3593 - Apache Camel 3.19.0 (camel-30) shutdown in 1ms (uptime:5s)
2023-02-14 17:41:37,215 [http-nio-8080-exec-7] INFO  o.a.c.i.engine.AbstractCamelContext 3058 - Apache Camel 3.19.0 (camel-31) is starting
2023-02-14 17:41:37,216 [http-nio-8080-exec-7] INFO  o.a.c.i.engine.AbstractCamelContext 3220 - Routes startup (started:1)
2023-02-14 17:41:37,216 [http-nio-8080-exec-7] INFO  o.a.c.i.engine.AbstractCamelContext 3225 -     Started route29 (timer://foo)
2023-02-14 17:41:37,216 [http-nio-8080-exec-7] INFO  o.a.c.i.engine.AbstractCamelContext 3249 - Apache Camel 3.19.0 (camel-31) started in 13ms (build:3ms init:9ms start:1ms)
2023-02-14 17:41:42,221 [http-nio-8080-exec-7] INFO  o.a.c.i.engine.AbstractCamelContext 3454 - Apache Camel 3.19.0 (camel-31) is shutting down (timeout:45s)
2023-02-14 17:41:42,222 [http-nio-8080-exec-7] INFO  o.a.c.i.engine.AbstractCamelContext 166 - Routes stopped (stopped:1)
2023-02-14 17:41:42,222 [http-nio-8080-exec-7] INFO  o.a.c.i.engine.AbstractCamelContext 166 -     Stopped route29 (timer://foo)
2023-02-14 17:41:42,222 [http-nio-8080-exec-7] INFO  o.a.c.i.engine.AbstractCamelContext 3593 - Apache Camel 3.19.0 (camel-31) shutdown in 1ms (uptime:5s)
2023-02-14 17:42:18,983 [http-nio-8080-exec-6] INFO  o.a.c.i.engine.AbstractCamelContext 3058 - Apache Camel 3.19.0 (camel-32) is starting
2023-02-14 17:42:18,984 [http-nio-8080-exec-6] INFO  o.a.c.i.engine.AbstractCamelContext 3220 - Routes startup (started:1)
2023-02-14 17:42:18,984 [http-nio-8080-exec-6] INFO  o.a.c.i.engine.AbstractCamelContext 3225 -     Started route30 (timer://foo)
2023-02-14 17:42:18,984 [http-nio-8080-exec-6] INFO  o.a.c.i.engine.AbstractCamelContext 3249 - Apache Camel 3.19.0 (camel-32) started in 10ms (build:3ms init:7ms start:0ms)
2023-02-14 17:42:23,997 [http-nio-8080-exec-6] INFO  o.a.c.i.engine.AbstractCamelContext 3454 - Apache Camel 3.19.0 (camel-32) is shutting down (timeout:45s)
2023-02-14 17:42:23,998 [http-nio-8080-exec-6] INFO  o.a.c.i.engine.AbstractCamelContext 166 - Routes stopped (stopped:1)
2023-02-14 17:42:23,998 [http-nio-8080-exec-6] INFO  o.a.c.i.engine.AbstractCamelContext 166 -     Stopped route30 (timer://foo)
2023-02-14 17:42:23,998 [http-nio-8080-exec-6] INFO  o.a.c.i.engine.AbstractCamelContext 3593 - Apache Camel 3.19.0 (camel-32) shutdown in 1ms (uptime:5s)
2023-02-14 17:42:25,416 [http-nio-8080-exec-4] INFO  o.a.c.i.engine.AbstractCamelContext 3058 - Apache Camel 3.19.0 (camel-33) is starting
2023-02-14 17:42:25,417 [http-nio-8080-exec-4] INFO  o.a.c.i.engine.AbstractCamelContext 3220 - Routes startup (started:1)
2023-02-14 17:42:25,417 [http-nio-8080-exec-4] INFO  o.a.c.i.engine.AbstractCamelContext 3225 -     Started route31 (timer://foo)
2023-02-14 17:42:25,417 [http-nio-8080-exec-4] INFO  o.a.c.i.engine.AbstractCamelContext 3249 - Apache Camel 3.19.0 (camel-33) started in 11ms (build:3ms init:8ms start:0ms)
2023-02-14 17:42:30,434 [http-nio-8080-exec-4] INFO  o.a.c.i.engine.AbstractCamelContext 3454 - Apache Camel 3.19.0 (camel-33) is shutting down (timeout:45s)
2023-02-14 17:42:30,435 [http-nio-8080-exec-4] INFO  o.a.c.i.engine.AbstractCamelContext 166 - Routes stopped (stopped:1)
2023-02-14 17:42:30,435 [http-nio-8080-exec-4] INFO  o.a.c.i.engine.AbstractCamelContext 166 -     Stopped route31 (timer://foo)
2023-02-14 17:42:30,435 [http-nio-8080-exec-4] INFO  o.a.c.i.engine.AbstractCamelContext 3593 - Apache Camel 3.19.0 (camel-33) shutdown in 1ms (uptime:5s)
2023-02-14 17:43:36,950 [http-nio-8080-exec-3] INFO  o.a.c.i.engine.AbstractCamelContext 3058 - Apache Camel 3.19.0 (camel-34) is starting
2023-02-14 17:43:36,951 [http-nio-8080-exec-3] INFO  o.a.c.i.engine.AbstractCamelContext 3220 - Routes startup (started:1)
2023-02-14 17:43:36,952 [http-nio-8080-exec-3] INFO  o.a.c.i.engine.AbstractCamelContext 3225 -     Started route32 (timer://foo)
2023-02-14 17:43:36,952 [http-nio-8080-exec-3] INFO  o.a.c.i.engine.AbstractCamelContext 3249 - Apache Camel 3.19.0 (camel-34) started in 14ms (build:4ms init:9ms start:1ms)
2023-02-14 17:43:41,964 [http-nio-8080-exec-3] INFO  o.a.c.i.engine.AbstractCamelContext 3454 - Apache Camel 3.19.0 (camel-34) is shutting down (timeout:45s)
2023-02-14 17:43:41,964 [http-nio-8080-exec-3] INFO  o.a.c.i.engine.AbstractCamelContext 166 - Routes stopped (stopped:1)
2023-02-14 17:43:41,964 [http-nio-8080-exec-3] INFO  o.a.c.i.engine.AbstractCamelContext 166 -     Stopped route32 (timer://foo)
2023-02-14 17:43:41,964 [http-nio-8080-exec-3] INFO  o.a.c.i.engine.AbstractCamelContext 3593 - Apache Camel 3.19.0 (camel-34) shutdown in 1ms (uptime:5s)
2023-02-14 17:43:59,113 [http-nio-8080-exec-4] INFO  o.a.c.i.engine.AbstractCamelContext 3058 - Apache Camel 3.19.0 (camel-35) is starting
2023-02-14 17:43:59,113 [http-nio-8080-exec-4] INFO  o.a.c.i.engine.AbstractCamelContext 3220 - Routes startup (started:1)
2023-02-14 17:43:59,114 [http-nio-8080-exec-4] INFO  o.a.c.i.engine.AbstractCamelContext 3225 -     Started route33 (timer://foo)
2023-02-14 17:43:59,114 [http-nio-8080-exec-4] INFO  o.a.c.i.engine.AbstractCamelContext 3249 - Apache Camel 3.19.0 (camel-35) started in 12ms (build:2ms init:10ms start:0ms)
2023-02-14 17:44:04,117 [http-nio-8080-exec-4] INFO  o.a.c.i.engine.AbstractCamelContext 3454 - Apache Camel 3.19.0 (camel-35) is shutting down (timeout:45s)
2023-02-14 17:44:04,118 [http-nio-8080-exec-4] INFO  o.a.c.i.engine.AbstractCamelContext 166 - Routes stopped (stopped:1)
2023-02-14 17:44:04,118 [http-nio-8080-exec-4] INFO  o.a.c.i.engine.AbstractCamelContext 166 -     Stopped route33 (timer://foo)
2023-02-14 17:44:04,118 [http-nio-8080-exec-4] INFO  o.a.c.i.engine.AbstractCamelContext 3593 - Apache Camel 3.19.0 (camel-35) shutdown in 1ms (uptime:5s)
2023-02-14 17:44:07,262 [http-nio-8080-exec-10] INFO  o.a.c.i.engine.AbstractCamelContext 3058 - Apache Camel 3.19.0 (camel-36) is starting
2023-02-14 17:44:07,263 [http-nio-8080-exec-10] INFO  o.a.c.i.engine.AbstractCamelContext 3220 - Routes startup (started:1)
2023-02-14 17:44:07,263 [http-nio-8080-exec-10] INFO  o.a.c.i.engine.AbstractCamelContext 3225 -     Started route34 (timer://foo)
2023-02-14 17:44:07,263 [http-nio-8080-exec-10] INFO  o.a.c.i.engine.AbstractCamelContext 3249 - Apache Camel 3.19.0 (camel-36) started in 9ms (build:2ms init:7ms start:0ms)
2023-02-14 17:44:12,273 [http-nio-8080-exec-10] INFO  o.a.c.i.engine.AbstractCamelContext 3454 - Apache Camel 3.19.0 (camel-36) is shutting down (timeout:45s)
2023-02-14 17:44:12,273 [http-nio-8080-exec-10] INFO  o.a.c.i.engine.AbstractCamelContext 166 - Routes stopped (stopped:1)
2023-02-14 17:44:12,273 [http-nio-8080-exec-10] INFO  o.a.c.i.engine.AbstractCamelContext 166 -     Stopped route34 (timer://foo)
2023-02-14 17:44:12,274 [http-nio-8080-exec-10] INFO  o.a.c.i.engine.AbstractCamelContext 3593 - Apache Camel 3.19.0 (camel-36) shutdown in 1ms (uptime:5s)
2023-02-14 17:44:19,765 [http-nio-8080-exec-7] INFO  o.a.c.i.engine.AbstractCamelContext 3058 - Apache Camel 3.19.0 (camel-37) is starting
2023-02-14 17:44:19,766 [http-nio-8080-exec-7] INFO  o.a.c.i.engine.AbstractCamelContext 3220 - Routes startup (started:1)
2023-02-14 17:44:19,766 [http-nio-8080-exec-7] INFO  o.a.c.i.engine.AbstractCamelContext 3225 -     Started route35 (timer://foo)
2023-02-14 17:44:19,766 [http-nio-8080-exec-7] INFO  o.a.c.i.engine.AbstractCamelContext 3249 - Apache Camel 3.19.0 (camel-37) started in 11ms (build:3ms init:7ms start:1ms)
2023-02-14 17:44:24,767 [http-nio-8080-exec-7] INFO  o.a.c.i.engine.AbstractCamelContext 3454 - Apache Camel 3.19.0 (camel-37) is shutting down (timeout:45s)
2023-02-14 17:44:24,768 [http-nio-8080-exec-7] INFO  o.a.c.i.engine.AbstractCamelContext 166 - Routes stopped (stopped:1)
2023-02-14 17:44:24,768 [http-nio-8080-exec-7] INFO  o.a.c.i.engine.AbstractCamelContext 166 -     Stopped route35 (timer://foo)
2023-02-14 17:44:24,769 [http-nio-8080-exec-7] INFO  o.a.c.i.engine.AbstractCamelContext 3593 - Apache Camel 3.19.0 (camel-37) shutdown in 1ms (uptime:5s)
2023-02-14 17:44:27,063 [http-nio-8080-exec-4] INFO  o.a.c.i.engine.AbstractCamelContext 3058 - Apache Camel 3.19.0 (camel-38) is starting
2023-02-14 17:44:27,063 [http-nio-8080-exec-4] INFO  o.a.c.i.engine.AbstractCamelContext 3220 - Routes startup (started:1)
2023-02-14 17:44:27,064 [http-nio-8080-exec-4] INFO  o.a.c.i.engine.AbstractCamelContext 3225 -     Started route36 (timer://foo)
2023-02-14 17:44:27,064 [http-nio-8080-exec-4] INFO  o.a.c.i.engine.AbstractCamelContext 3249 - Apache Camel 3.19.0 (camel-38) started in 11ms (build:3ms init:8ms start:0ms)
2023-02-14 17:44:32,066 [http-nio-8080-exec-4] INFO  o.a.c.i.engine.AbstractCamelContext 3454 - Apache Camel 3.19.0 (camel-38) is shutting down (timeout:45s)
2023-02-14 17:44:32,067 [http-nio-8080-exec-4] INFO  o.a.c.i.engine.AbstractCamelContext 166 - Routes stopped (stopped:1)
2023-02-14 17:44:32,067 [http-nio-8080-exec-4] INFO  o.a.c.i.engine.AbstractCamelContext 166 -     Stopped route36 (timer://foo)
2023-02-14 17:44:32,067 [http-nio-8080-exec-4] INFO  o.a.c.i.engine.AbstractCamelContext 3593 - Apache Camel 3.19.0 (camel-38) shutdown in 1ms (uptime:5s)
2023-02-14 17:44:44,267 [http-nio-8080-exec-8] INFO  o.a.c.i.engine.AbstractCamelContext 3058 - Apache Camel 3.19.0 (camel-39) is starting
2023-02-14 17:44:44,268 [http-nio-8080-exec-8] INFO  o.a.c.i.engine.AbstractCamelContext 3220 - Routes startup (started:1)
2023-02-14 17:44:44,268 [http-nio-8080-exec-8] INFO  o.a.c.i.engine.AbstractCamelContext 3225 -     Started route37 (timer://foo)
2023-02-14 17:44:44,268 [http-nio-8080-exec-8] INFO  o.a.c.i.engine.AbstractCamelContext 3249 - Apache Camel 3.19.0 (camel-39) started in 12ms (build:2ms init:9ms start:1ms)
2023-02-14 17:44:49,272 [http-nio-8080-exec-8] INFO  o.a.c.i.engine.AbstractCamelContext 3454 - Apache Camel 3.19.0 (camel-39) is shutting down (timeout:45s)
2023-02-14 17:44:49,273 [http-nio-8080-exec-8] INFO  o.a.c.i.engine.AbstractCamelContext 166 - Routes stopped (stopped:1)
2023-02-14 17:44:49,273 [http-nio-8080-exec-8] INFO  o.a.c.i.engine.AbstractCamelContext 166 -     Stopped route37 (timer://foo)
2023-02-14 17:44:49,273 [http-nio-8080-exec-8] INFO  o.a.c.i.engine.AbstractCamelContext 3593 - Apache Camel 3.19.0 (camel-39) shutdown in 1ms (uptime:5s)
2023-02-14 17:44:50,939 [http-nio-8080-exec-1] INFO  o.a.c.i.engine.AbstractCamelContext 3058 - Apache Camel 3.19.0 (camel-40) is starting
2023-02-14 17:44:50,939 [http-nio-8080-exec-1] INFO  o.a.c.i.engine.AbstractCamelContext 3220 - Routes startup (started:1)
2023-02-14 17:44:50,939 [http-nio-8080-exec-1] INFO  o.a.c.i.engine.AbstractCamelContext 3225 -     Started route38 (timer://foo)
2023-02-14 17:44:50,939 [http-nio-8080-exec-1] INFO  o.a.c.i.engine.AbstractCamelContext 3249 - Apache Camel 3.19.0 (camel-40) started in 10ms (build:3ms init:7ms start:0ms)
2023-02-14 17:44:55,947 [http-nio-8080-exec-1] INFO  o.a.c.i.engine.AbstractCamelContext 3454 - Apache Camel 3.19.0 (camel-40) is shutting down (timeout:45s)
2023-02-14 17:44:55,948 [http-nio-8080-exec-1] INFO  o.a.c.i.engine.AbstractCamelContext 166 - Routes stopped (stopped:1)
2023-02-14 17:44:55,948 [http-nio-8080-exec-1] INFO  o.a.c.i.engine.AbstractCamelContext 166 -     Stopped route38 (timer://foo)
2023-02-14 17:44:55,948 [http-nio-8080-exec-1] INFO  o.a.c.i.engine.AbstractCamelContext 3593 - Apache Camel 3.19.0 (camel-40) shutdown in 1ms (uptime:5s)
2023-02-14 17:47:08,157 [http-nio-8080-exec-10] INFO  o.a.c.i.engine.AbstractCamelContext 3058 - Apache Camel 3.19.0 (camel-41) is starting
2023-02-14 17:47:08,158 [http-nio-8080-exec-10] INFO  o.a.c.i.engine.AbstractCamelContext 3220 - Routes startup (started:1)
2023-02-14 17:47:08,158 [http-nio-8080-exec-10] INFO  o.a.c.i.engine.AbstractCamelContext 3225 -     Started route39 (timer://foo)
2023-02-14 17:47:08,158 [http-nio-8080-exec-10] INFO  o.a.c.i.engine.AbstractCamelContext 3249 - Apache Camel 3.19.0 (camel-41) started in 10ms (build:2ms init:8ms start:0ms)
2023-02-14 17:47:13,159 [http-nio-8080-exec-10] INFO  o.a.c.i.engine.AbstractCamelContext 3454 - Apache Camel 3.19.0 (camel-41) is shutting down (timeout:45s)
2023-02-14 17:47:13,160 [http-nio-8080-exec-10] INFO  o.a.c.i.engine.AbstractCamelContext 166 - Routes stopped (stopped:1)
2023-02-14 17:47:13,160 [http-nio-8080-exec-10] INFO  o.a.c.i.engine.AbstractCamelContext 166 -     Stopped route39 (timer://foo)
2023-02-14 17:47:13,160 [http-nio-8080-exec-10] INFO  o.a.c.i.engine.AbstractCamelContext 3593 - Apache Camel 3.19.0 (camel-41) shutdown in 1ms (uptime:5s)
2023-02-14 17:47:17,617 [http-nio-8080-exec-8] INFO  o.a.c.i.engine.AbstractCamelContext 3058 - Apache Camel 3.19.0 (camel-42) is starting
2023-02-14 17:47:17,617 [http-nio-8080-exec-8] INFO  o.a.c.i.engine.AbstractCamelContext 3220 - Routes startup (started:1)
2023-02-14 17:47:17,617 [http-nio-8080-exec-8] INFO  o.a.c.i.engine.AbstractCamelContext 3225 -     Started route40 (timer://foo)
2023-02-14 17:47:17,617 [http-nio-8080-exec-8] INFO  o.a.c.i.engine.AbstractCamelContext 3249 - Apache Camel 3.19.0 (camel-42) started in 9ms (build:2ms init:7ms start:0ms)
2023-02-14 17:47:22,629 [http-nio-8080-exec-8] INFO  o.a.c.i.engine.AbstractCamelContext 3454 - Apache Camel 3.19.0 (camel-42) is shutting down (timeout:45s)
2023-02-14 17:47:22,630 [http-nio-8080-exec-8] INFO  o.a.c.i.engine.AbstractCamelContext 166 - Routes stopped (stopped:1)
2023-02-14 17:47:22,630 [http-nio-8080-exec-8] INFO  o.a.c.i.engine.AbstractCamelContext 166 -     Stopped route40 (timer://foo)
2023-02-14 17:47:22,630 [http-nio-8080-exec-8] INFO  o.a.c.i.engine.AbstractCamelContext 3593 - Apache Camel 3.19.0 (camel-42) shutdown in 1ms (uptime:5s)
2023-02-14 17:49:33,552 [http-nio-8080-exec-10] INFO  o.a.c.i.engine.AbstractCamelContext 3058 - Apache Camel 3.19.0 (camel-43) is starting
2023-02-14 17:49:33,552 [http-nio-8080-exec-10] INFO  o.a.c.i.engine.AbstractCamelContext 3220 - Routes startup (started:1)
2023-02-14 17:49:33,553 [http-nio-8080-exec-10] INFO  o.a.c.i.engine.AbstractCamelContext 3225 -     Started route41 (timer://foo)
2023-02-14 17:49:33,553 [http-nio-8080-exec-10] INFO  o.a.c.i.engine.AbstractCamelContext 3249 - Apache Camel 3.19.0 (camel-43) started in 13ms (build:4ms init:9ms start:0ms)
2023-02-14 17:49:38,554 [http-nio-8080-exec-10] INFO  o.a.c.i.engine.AbstractCamelContext 3454 - Apache Camel 3.19.0 (camel-43) is shutting down (timeout:45s)
2023-02-14 17:49:38,555 [http-nio-8080-exec-10] INFO  o.a.c.i.engine.AbstractCamelContext 166 - Routes stopped (stopped:1)
2023-02-14 17:49:38,555 [http-nio-8080-exec-10] INFO  o.a.c.i.engine.AbstractCamelContext 166 -     Stopped route41 (timer://foo)
2023-02-14 17:49:38,555 [http-nio-8080-exec-10] INFO  o.a.c.i.engine.AbstractCamelContext 3593 - Apache Camel 3.19.0 (camel-43) shutdown in 1ms (uptime:5s)
2023-02-14 17:49:41,746 [http-nio-8080-exec-2] INFO  o.a.c.i.engine.AbstractCamelContext 3058 - Apache Camel 3.19.0 (camel-44) is starting
2023-02-14 17:49:41,746 [http-nio-8080-exec-2] INFO  o.a.c.i.engine.AbstractCamelContext 3220 - Routes startup (started:1)
2023-02-14 17:49:41,746 [http-nio-8080-exec-2] INFO  o.a.c.i.engine.AbstractCamelContext 3225 -     Started route42 (timer://foo)
2023-02-14 17:49:41,747 [http-nio-8080-exec-2] INFO  o.a.c.i.engine.AbstractCamelContext 3249 - Apache Camel 3.19.0 (camel-44) started in 13ms (build:3ms init:10ms start:0ms)
2023-02-14 17:49:46,761 [http-nio-8080-exec-2] INFO  o.a.c.i.engine.AbstractCamelContext 3454 - Apache Camel 3.19.0 (camel-44) is shutting down (timeout:45s)
2023-02-14 17:49:46,762 [http-nio-8080-exec-2] INFO  o.a.c.i.engine.AbstractCamelContext 166 - Routes stopped (stopped:1)
2023-02-14 17:49:46,762 [http-nio-8080-exec-2] INFO  o.a.c.i.engine.AbstractCamelContext 166 -     Stopped route42 (timer://foo)
2023-02-14 17:49:46,762 [http-nio-8080-exec-2] INFO  o.a.c.i.engine.AbstractCamelContext 3593 - Apache Camel 3.19.0 (camel-44) shutdown in 1ms (uptime:5s)
2023-02-14 17:54:32,870 [http-nio-8080-exec-4] INFO  o.a.c.i.engine.AbstractCamelContext 3058 - Apache Camel 3.19.0 (camel-45) is starting
2023-02-14 17:54:32,871 [http-nio-8080-exec-4] INFO  o.a.c.i.engine.AbstractCamelContext 3220 - Routes startup (started:1)
2023-02-14 17:54:32,871 [http-nio-8080-exec-4] INFO  o.a.c.i.engine.AbstractCamelContext 3225 -     Started route43 (timer://foo)
2023-02-14 17:54:32,871 [http-nio-8080-exec-4] INFO  o.a.c.i.engine.AbstractCamelContext 3249 - Apache Camel 3.19.0 (camel-45) started in 13ms (build:4ms init:9ms start:0ms)
2023-02-14 17:54:37,872 [http-nio-8080-exec-4] INFO  o.a.c.i.engine.AbstractCamelContext 3454 - Apache Camel 3.19.0 (camel-45) is shutting down (timeout:45s)
2023-02-14 17:54:37,873 [http-nio-8080-exec-4] INFO  o.a.c.i.engine.AbstractCamelContext 166 - Routes stopped (stopped:1)
2023-02-14 17:54:37,873 [http-nio-8080-exec-4] INFO  o.a.c.i.engine.AbstractCamelContext 166 -     Stopped route43 (timer://foo)
2023-02-14 17:54:37,873 [http-nio-8080-exec-4] INFO  o.a.c.i.engine.AbstractCamelContext 3593 - Apache Camel 3.19.0 (camel-45) shutdown in 1ms (uptime:5s)
2023-02-14 17:54:40,915 [http-nio-8080-exec-10] INFO  o.a.c.i.engine.AbstractCamelContext 3058 - Apache Camel 3.19.0 (camel-46) is starting
2023-02-14 17:54:40,916 [http-nio-8080-exec-10] INFO  o.a.c.i.engine.AbstractCamelContext 3220 - Routes startup (started:1)
2023-02-14 17:54:40,916 [http-nio-8080-exec-10] INFO  o.a.c.i.engine.AbstractCamelContext 3225 -     Started route44 (timer://foo)
2023-02-14 17:54:40,916 [http-nio-8080-exec-10] INFO  o.a.c.i.engine.AbstractCamelContext 3249 - Apache Camel 3.19.0 (camel-46) started in 11ms (build:3ms init:8ms start:0ms)
2023-02-14 17:54:45,923 [http-nio-8080-exec-10] INFO  o.a.c.i.engine.AbstractCamelContext 3454 - Apache Camel 3.19.0 (camel-46) is shutting down (timeout:45s)
2023-02-14 17:54:45,924 [http-nio-8080-exec-10] INFO  o.a.c.i.engine.AbstractCamelContext 166 - Routes stopped (stopped:1)
2023-02-14 17:54:45,924 [http-nio-8080-exec-10] INFO  o.a.c.i.engine.AbstractCamelContext 166 -     Stopped route44 (timer://foo)
2023-02-14 17:54:45,924 [http-nio-8080-exec-10] INFO  o.a.c.i.engine.AbstractCamelContext 3593 - Apache Camel 3.19.0 (camel-46) shutdown in 1ms (uptime:5s)
2023-02-14 17:55:22,667 [http-nio-8080-exec-2] INFO  o.a.c.i.engine.AbstractCamelContext 3058 - Apache Camel 3.19.0 (camel-47) is starting
2023-02-14 17:55:22,669 [http-nio-8080-exec-2] INFO  o.a.c.i.engine.AbstractCamelContext 3220 - Routes startup (started:1)
2023-02-14 17:55:22,669 [http-nio-8080-exec-2] INFO  o.a.c.i.engine.AbstractCamelContext 3225 -     Started route45 (timer://foo)
2023-02-14 17:55:22,669 [http-nio-8080-exec-2] INFO  o.a.c.i.engine.AbstractCamelContext 3249 - Apache Camel 3.19.0 (camel-47) started in 14ms (build:3ms init:10ms start:1ms)
2023-02-14 17:55:27,674 [http-nio-8080-exec-2] INFO  o.a.c.i.engine.AbstractCamelContext 3454 - Apache Camel 3.19.0 (camel-47) is shutting down (timeout:45s)
2023-02-14 17:55:27,675 [http-nio-8080-exec-2] INFO  o.a.c.i.engine.AbstractCamelContext 166 - Routes stopped (stopped:1)
2023-02-14 17:55:27,675 [http-nio-8080-exec-2] INFO  o.a.c.i.engine.AbstractCamelContext 166 -     Stopped route45 (timer://foo)
2023-02-14 17:55:27,675 [http-nio-8080-exec-2] INFO  o.a.c.i.engine.AbstractCamelContext 3593 - Apache Camel 3.19.0 (camel-47) shutdown in 2ms (uptime:5s)
2023-02-14 17:55:29,729 [http-nio-8080-exec-4] INFO  o.a.c.i.engine.AbstractCamelContext 3058 - Apache Camel 3.19.0 (camel-48) is starting
2023-02-14 17:55:29,729 [http-nio-8080-exec-4] INFO  o.a.c.i.engine.AbstractCamelContext 3220 - Routes startup (started:1)
2023-02-14 17:55:29,729 [http-nio-8080-exec-4] INFO  o.a.c.i.engine.AbstractCamelContext 3225 -     Started route46 (timer://foo)
2023-02-14 17:55:29,729 [http-nio-8080-exec-4] INFO  o.a.c.i.engine.AbstractCamelContext 3249 - Apache Camel 3.19.0 (camel-48) started in 11ms (build:3ms init:8ms start:0ms)
2023-02-14 17:55:34,743 [http-nio-8080-exec-4] INFO  o.a.c.i.engine.AbstractCamelContext 3454 - Apache Camel 3.19.0 (camel-48) is shutting down (timeout:45s)
2023-02-14 17:55:34,744 [http-nio-8080-exec-4] INFO  o.a.c.i.engine.AbstractCamelContext 166 - Routes stopped (stopped:1)
2023-02-14 17:55:34,744 [http-nio-8080-exec-4] INFO  o.a.c.i.engine.AbstractCamelContext 166 -     Stopped route46 (timer://foo)
2023-02-14 17:55:34,745 [http-nio-8080-exec-4] INFO  o.a.c.i.engine.AbstractCamelContext 3593 - Apache Camel 3.19.0 (camel-48) shutdown in 1ms (uptime:5s)
2023-02-14 17:56:28,949 [http-nio-8080-exec-4] INFO  o.a.c.i.engine.AbstractCamelContext 3058 - Apache Camel 3.19.0 (camel-49) is starting
2023-02-14 17:56:28,950 [http-nio-8080-exec-4] INFO  o.a.c.i.engine.AbstractCamelContext 3220 - Routes startup (started:1)
2023-02-14 17:56:28,950 [http-nio-8080-exec-4] INFO  o.a.c.i.engine.AbstractCamelContext 3225 -     Started route47 (timer://foo)
2023-02-14 17:56:28,950 [http-nio-8080-exec-4] INFO  o.a.c.i.engine.AbstractCamelContext 3249 - Apache Camel 3.19.0 (camel-49) started in 11ms (build:3ms init:8ms start:0ms)
2023-02-14 17:56:33,958 [http-nio-8080-exec-4] INFO  o.a.c.i.engine.AbstractCamelContext 3454 - Apache Camel 3.19.0 (camel-49) is shutting down (timeout:45s)
2023-02-14 17:56:33,959 [http-nio-8080-exec-4] INFO  o.a.c.i.engine.AbstractCamelContext 166 - Routes stopped (stopped:1)
2023-02-14 17:56:33,959 [http-nio-8080-exec-4] INFO  o.a.c.i.engine.AbstractCamelContext 166 -     Stopped route47 (timer://foo)
2023-02-14 17:56:33,959 [http-nio-8080-exec-4] INFO  o.a.c.i.engine.AbstractCamelContext 3593 - Apache Camel 3.19.0 (camel-49) shutdown in 1ms (uptime:5s)
2023-02-14 17:56:36,142 [http-nio-8080-exec-8] INFO  o.a.c.i.engine.AbstractCamelContext 3058 - Apache Camel 3.19.0 (camel-50) is starting
2023-02-14 17:56:36,142 [http-nio-8080-exec-8] INFO  o.a.c.i.engine.AbstractCamelContext 3220 - Routes startup (started:1)
2023-02-14 17:56:36,142 [http-nio-8080-exec-8] INFO  o.a.c.i.engine.AbstractCamelContext 3225 -     Started route48 (timer://foo)
2023-02-14 17:56:36,143 [http-nio-8080-exec-8] INFO  o.a.c.i.engine.AbstractCamelContext 3249 - Apache Camel 3.19.0 (camel-50) started in 12ms (build:3ms init:9ms start:0ms)
2023-02-14 17:56:41,150 [http-nio-8080-exec-8] INFO  o.a.c.i.engine.AbstractCamelContext 3454 - Apache Camel 3.19.0 (camel-50) is shutting down (timeout:45s)
2023-02-14 17:56:41,151 [http-nio-8080-exec-8] INFO  o.a.c.i.engine.AbstractCamelContext 166 - Routes stopped (stopped:1)
2023-02-14 17:56:41,151 [http-nio-8080-exec-8] INFO  o.a.c.i.engine.AbstractCamelContext 166 -     Stopped route48 (timer://foo)
2023-02-14 17:56:41,151 [http-nio-8080-exec-8] INFO  o.a.c.i.engine.AbstractCamelContext 3593 - Apache Camel 3.19.0 (camel-50) shutdown in 1ms (uptime:5s)
2023-02-14 17:57:56,567 [http-nio-8080-exec-2] INFO  o.a.c.i.engine.AbstractCamelContext 3058 - Apache Camel 3.19.0 (camel-51) is starting
2023-02-14 17:57:56,568 [http-nio-8080-exec-2] INFO  o.a.c.i.engine.AbstractCamelContext 3220 - Routes startup (started:1)
2023-02-14 17:57:56,568 [http-nio-8080-exec-2] INFO  o.a.c.i.engine.AbstractCamelContext 3225 -     Started route49 (timer://foo)
2023-02-14 17:57:56,568 [http-nio-8080-exec-2] INFO  o.a.c.i.engine.AbstractCamelContext 3249 - Apache Camel 3.19.0 (camel-51) started in 10ms (build:3ms init:7ms start:0ms)
2023-02-14 17:58:01,584 [http-nio-8080-exec-2] INFO  o.a.c.i.engine.AbstractCamelContext 3454 - Apache Camel 3.19.0 (camel-51) is shutting down (timeout:45s)
2023-02-14 17:58:01,585 [http-nio-8080-exec-2] INFO  o.a.c.i.engine.AbstractCamelContext 166 - Routes stopped (stopped:1)
2023-02-14 17:58:01,585 [http-nio-8080-exec-2] INFO  o.a.c.i.engine.AbstractCamelContext 166 -     Stopped route49 (timer://foo)
2023-02-14 17:58:01,585 [http-nio-8080-exec-2] INFO  o.a.c.i.engine.AbstractCamelContext 3593 - Apache Camel 3.19.0 (camel-51) shutdown in 1ms (uptime:5s)
2023-02-14 17:58:03,233 [http-nio-8080-exec-1] INFO  o.a.c.i.engine.AbstractCamelContext 3058 - Apache Camel 3.19.0 (camel-52) is starting
2023-02-14 17:58:03,233 [http-nio-8080-exec-1] INFO  o.a.c.i.engine.AbstractCamelContext 3220 - Routes startup (started:1)
2023-02-14 17:58:03,233 [http-nio-8080-exec-1] INFO  o.a.c.i.engine.AbstractCamelContext 3225 -     Started route50 (timer://foo)
2023-02-14 17:58:03,233 [http-nio-8080-exec-1] INFO  o.a.c.i.engine.AbstractCamelContext 3249 - Apache Camel 3.19.0 (camel-52) started in 12ms (build:2ms init:10ms start:0ms)
2023-02-14 17:58:08,239 [http-nio-8080-exec-1] INFO  o.a.c.i.engine.AbstractCamelContext 3454 - Apache Camel 3.19.0 (camel-52) is shutting down (timeout:45s)
2023-02-14 17:58:08,240 [http-nio-8080-exec-1] INFO  o.a.c.i.engine.AbstractCamelContext 166 - Routes stopped (stopped:1)
2023-02-14 17:58:08,240 [http-nio-8080-exec-1] INFO  o.a.c.i.engine.AbstractCamelContext 166 -     Stopped route50 (timer://foo)
2023-02-14 17:58:08,240 [http-nio-8080-exec-1] INFO  o.a.c.i.engine.AbstractCamelContext 3593 - Apache Camel 3.19.0 (camel-52) shutdown in 1ms (uptime:5s)
2023-02-14 18:03:19,145 [http-nio-8080-exec-5] INFO  o.a.c.i.engine.AbstractCamelContext 3058 - Apache Camel 3.19.0 (camel-53) is starting
2023-02-14 18:03:19,146 [http-nio-8080-exec-5] INFO  o.a.c.i.engine.AbstractCamelContext 3220 - Routes startup (started:1)
2023-02-14 18:03:19,146 [http-nio-8080-exec-5] INFO  o.a.c.i.engine.AbstractCamelContext 3225 -     Started route51 (timer://foo)
2023-02-14 18:03:19,146 [http-nio-8080-exec-5] INFO  o.a.c.i.engine.AbstractCamelContext 3249 - Apache Camel 3.19.0 (camel-53) started in 12ms (build:3ms init:9ms start:0ms)
2023-02-14 18:03:24,157 [http-nio-8080-exec-5] INFO  o.a.c.i.engine.AbstractCamelContext 3454 - Apache Camel 3.19.0 (camel-53) is shutting down (timeout:45s)
2023-02-14 18:03:24,158 [http-nio-8080-exec-5] INFO  o.a.c.i.engine.AbstractCamelContext 166 - Routes stopped (stopped:1)
2023-02-14 18:03:24,159 [http-nio-8080-exec-5] INFO  o.a.c.i.engine.AbstractCamelContext 166 -     Stopped route51 (timer://foo)
2023-02-14 18:03:24,159 [http-nio-8080-exec-5] INFO  o.a.c.i.engine.AbstractCamelContext 3593 - Apache Camel 3.19.0 (camel-53) shutdown in 1ms (uptime:5s)
2023-02-14 18:03:25,540 [http-nio-8080-exec-2] INFO  o.a.c.i.engine.AbstractCamelContext 3058 - Apache Camel 3.19.0 (camel-54) is starting
2023-02-14 18:03:25,541 [http-nio-8080-exec-2] INFO  o.a.c.i.engine.AbstractCamelContext 3220 - Routes startup (started:1)
2023-02-14 18:03:25,541 [http-nio-8080-exec-2] INFO  o.a.c.i.engine.AbstractCamelContext 3225 -     Started route52 (timer://foo)
2023-02-14 18:03:25,541 [http-nio-8080-exec-2] INFO  o.a.c.i.engine.AbstractCamelContext 3249 - Apache Camel 3.19.0 (camel-54) started in 7ms (build:2ms init:5ms start:0ms)
2023-02-14 18:03:30,554 [http-nio-8080-exec-2] INFO  o.a.c.i.engine.AbstractCamelContext 3454 - Apache Camel 3.19.0 (camel-54) is shutting down (timeout:45s)
2023-02-14 18:03:30,555 [http-nio-8080-exec-2] INFO  o.a.c.i.engine.AbstractCamelContext 166 - Routes stopped (stopped:1)
2023-02-14 18:03:30,555 [http-nio-8080-exec-2] INFO  o.a.c.i.engine.AbstractCamelContext 166 -     Stopped route52 (timer://foo)
2023-02-14 18:03:30,555 [http-nio-8080-exec-2] INFO  o.a.c.i.engine.AbstractCamelContext 3593 - Apache Camel 3.19.0 (camel-54) shutdown in 1ms (uptime:5s)
2023-02-14 18:04:56,742 [http-nio-8080-exec-10] INFO  o.a.c.i.engine.AbstractCamelContext 3058 - Apache Camel 3.19.0 (camel-55) is starting
2023-02-14 18:04:56,742 [http-nio-8080-exec-10] INFO  o.a.c.i.engine.AbstractCamelContext 3220 - Routes startup (started:1)
2023-02-14 18:04:56,743 [http-nio-8080-exec-10] INFO  o.a.c.i.engine.AbstractCamelContext 3225 -     Started route53 (timer://foo)
2023-02-14 18:04:56,743 [http-nio-8080-exec-10] INFO  o.a.c.i.engine.AbstractCamelContext 3249 - Apache Camel 3.19.0 (camel-55) started in 9ms (build:2ms init:7ms start:0ms)
2023-02-14 18:05:01,744 [http-nio-8080-exec-10] INFO  o.a.c.i.engine.AbstractCamelContext 3454 - Apache Camel 3.19.0 (camel-55) is shutting down (timeout:45s)
2023-02-14 18:05:01,745 [http-nio-8080-exec-10] INFO  o.a.c.i.engine.AbstractCamelContext 166 - Routes stopped (stopped:1)
2023-02-14 18:05:01,745 [http-nio-8080-exec-10] INFO  o.a.c.i.engine.AbstractCamelContext 166 -     Stopped route53 (timer://foo)
2023-02-14 18:05:01,745 [http-nio-8080-exec-10] INFO  o.a.c.i.engine.AbstractCamelContext 3593 - Apache Camel 3.19.0 (camel-55) shutdown in 1ms (uptime:5s)
2023-02-14 18:05:02,805 [http-nio-8080-exec-2] INFO  o.a.c.i.engine.AbstractCamelContext 3058 - Apache Camel 3.19.0 (camel-56) is starting
2023-02-14 18:05:02,806 [http-nio-8080-exec-2] INFO  o.a.c.i.engine.AbstractCamelContext 3220 - Routes startup (started:1)
2023-02-14 18:05:02,806 [http-nio-8080-exec-2] INFO  o.a.c.i.engine.AbstractCamelContext 3225 -     Started route54 (timer://foo)
2023-02-14 18:05:02,806 [http-nio-8080-exec-2] INFO  o.a.c.i.engine.AbstractCamelContext 3249 - Apache Camel 3.19.0 (camel-56) started in 6ms (build:2ms init:4ms start:0ms)
2023-02-14 18:05:07,810 [http-nio-8080-exec-2] INFO  o.a.c.i.engine.AbstractCamelContext 3454 - Apache Camel 3.19.0 (camel-56) is shutting down (timeout:45s)
2023-02-14 18:05:07,811 [http-nio-8080-exec-2] INFO  o.a.c.i.engine.AbstractCamelContext 166 - Routes stopped (stopped:1)
2023-02-14 18:05:07,811 [http-nio-8080-exec-2] INFO  o.a.c.i.engine.AbstractCamelContext 166 -     Stopped route54 (timer://foo)
2023-02-14 18:05:07,811 [http-nio-8080-exec-2] INFO  o.a.c.i.engine.AbstractCamelContext 3593 - Apache Camel 3.19.0 (camel-56) shutdown in 1ms (uptime:5s)
2023-02-14 18:07:14,728 [http-nio-8080-exec-6] INFO  o.a.c.i.engine.AbstractCamelContext 3058 - Apache Camel 3.19.0 (camel-57) is starting
2023-02-14 18:07:14,728 [http-nio-8080-exec-6] INFO  o.a.c.i.engine.AbstractCamelContext 3220 - Routes startup (started:1)
2023-02-14 18:07:14,728 [http-nio-8080-exec-6] INFO  o.a.c.i.engine.AbstractCamelContext 3225 -     Started route55 (timer://foo)
2023-02-14 18:07:14,728 [http-nio-8080-exec-6] INFO  o.a.c.i.engine.AbstractCamelContext 3249 - Apache Camel 3.19.0 (camel-57) started in 9ms (build:2ms init:7ms start:0ms)
2023-02-14 18:07:19,733 [http-nio-8080-exec-6] INFO  o.a.c.i.engine.AbstractCamelContext 3454 - Apache Camel 3.19.0 (camel-57) is shutting down (timeout:45s)
2023-02-14 18:07:19,734 [http-nio-8080-exec-6] INFO  o.a.c.i.engine.AbstractCamelContext 166 - Routes stopped (stopped:1)
2023-02-14 18:07:19,734 [http-nio-8080-exec-6] INFO  o.a.c.i.engine.AbstractCamelContext 166 -     Stopped route55 (timer://foo)
2023-02-14 18:07:19,734 [http-nio-8080-exec-6] INFO  o.a.c.i.engine.AbstractCamelContext 3593 - Apache Camel 3.19.0 (camel-57) shutdown in 1ms (uptime:5s)
2023-02-14 18:07:21,623 [http-nio-8080-exec-5] INFO  o.a.c.i.engine.AbstractCamelContext 3058 - Apache Camel 3.19.0 (camel-58) is starting
2023-02-14 18:07:21,623 [http-nio-8080-exec-5] INFO  o.a.c.i.engine.AbstractCamelContext 3220 - Routes startup (started:1)
2023-02-14 18:07:21,623 [http-nio-8080-exec-5] INFO  o.a.c.i.engine.AbstractCamelContext 3225 -     Started route56 (timer://foo)
2023-02-14 18:07:21,623 [http-nio-8080-exec-5] INFO  o.a.c.i.engine.AbstractCamelContext 3249 - Apache Camel 3.19.0 (camel-58) started in 7ms (build:2ms init:5ms start:0ms)
2023-02-14 18:07:26,625 [http-nio-8080-exec-5] INFO  o.a.c.i.engine.AbstractCamelContext 3454 - Apache Camel 3.19.0 (camel-58) is shutting down (timeout:45s)
2023-02-14 18:07:26,626 [http-nio-8080-exec-5] INFO  o.a.c.i.engine.AbstractCamelContext 166 - Routes stopped (stopped:1)
2023-02-14 18:07:26,626 [http-nio-8080-exec-5] INFO  o.a.c.i.engine.AbstractCamelContext 166 -     Stopped route56 (timer://foo)
2023-02-14 18:07:26,626 [http-nio-8080-exec-5] INFO  o.a.c.i.engine.AbstractCamelContext 3593 - Apache Camel 3.19.0 (camel-58) shutdown in 1ms (uptime:5s)
